#-----------------------------------------------------------
# Vivado v2018.2 (64-bit)
# SW Build 2258646 on Thu Jun 14 20:03:12 MDT 2018
# IP Build 2256618 on Thu Jun 14 22:10:49 MDT 2018
# Start of session at: Sat Nov  5 19:11:31 2022
# Process ID: 7880
# Current directory: E:/repos/archproject/project_1
# Command line: vivado.exe -gui_launcher_event rodinguilauncherevent12480 E:\repos\archproject\project_1\project_1.xpr
# Log file: E:/repos/archproject/project_1/vivado.log
# Journal file: E:/repos/archproject/project_1\vivado.jou
#-----------------------------------------------------------
start_gui
open_project E:/repos/archproject/project_1/project_1.xpr
CRITICAL WARNING: [Project 1-19] Could not find the file 'E:/repos/archproject/project_1/project_1.srcs/sources_1/new/4x1Mux.v'.
CRITICAL WARNING: [Project 1-19] Could not find the file 'E:/repos/archproject/project_1/project_1.srcs/sources_1/new/mux.v'.
Scanning sources...
Finished scanning sources
INFO: [IP_Flow 19-234] Refreshing IP repositories
INFO: [IP_Flow 19-1704] No user IP repositories specified
INFO: [IP_Flow 19-2313] Loaded Vivado IP repository 'E:/vivado/Vivado/2018.2/data/ip'.
INFO: [Common 17-41] Interrupt caught. Command should exit soon.
INFO: [Common 17-344] 'open_project' was cancelled
exit
INFO: [Common 17-206] Exiting Vivado at Sat Nov  5 19:11:47 2022...
