#
# A fatal error has been detected by the Java Runtime Environment:
#
#  EXCEPTION_ACCESS_VIOLATION (0xc0000005) at pc=0x00007fff63e94980, pid=17480, tid=0x0000000000005974
#
# JRE version: Java(TM) SE Runtime Environment (8.0_112-b15) (build 1.8.0_112-b15)
# Java VM: Java HotSpot(TM) 64-Bit Server VM (25.112-b15 mixed mode windows-amd64 compressed oops)
# Problematic frame:
# C  [librdi_wavedata.dll+0x414980]
#
# Failed to write core dump. Minidumps are not enabled by default on client versions of Windows
#
# If you would like to submit a bug report, please visit:
#   http://bugreport.java.com/bugreport/crash.jsp
# The crash happened outside the Java Virtual Machine in native code.
# See problematic frame for where to report the bug.
#

---------------  T H R E A D  ---------------

Current thread (0x0000022725f54800):  JavaThread "AWT-EventQueue-1" [_thread_in_native, id=22900, stack(0x000000bb51900000,0x000000bb51e00000)]

siginfo: ExceptionCode=0xc0000005, ExceptionInformation=0x0000000000000008 0x00007fff63e94980

Registers:
RAX=0x00007fff63e3f0e0, RBX=0x0000000000000000, RCX=0x0000022708b51990, RDX=0x0000000000000000
RSP=0x000000bb51dfcbe8, RBP=0x000000bb51dfcd40, RSI=0x0000022734ed97e0, RDI=0x000000bb51dfcd28
R8 =0x00007fff63e9460c, R9 =0x0000000000000000, R10=0x0000000000000001, R11=0x000000bb51dfcbc0
R12=0x0000000000000000, R13=0x0000000000000000, R14=0x0000022708b51990, R15=0x000000001f540e69
RIP=0x00007fff63e94980, EFLAGS=0x0000000000010246

Top of Stack: (sp=0x000000bb51dfcbe8)
0x000000bb51dfcbe8:   00007fff63c3758e 0000022730a778a0
0x000000bb51dfcbf8:   0000022730a778a0 0000022734ed97e0
0x000000bb51dfcc08:   0000022734ed97e0 0000022700000000
0x000000bb51dfcc18:   0000000071d26e65 0000000000000001
0x000000bb51dfcc28:   0000000000000001 f120000000000000
0x000000bb51dfcc38:   0000000000010000 fffffffffffffffe
0x000000bb51dfcc48:   000000bb51dfcd28 0000032600000000
0x000000bb51dfcc58:   0000016800000326 0000000700000000
0x000000bb51dfcc68:   00006aad9c467ee7 0000000100000000
0x000000bb51dfcc78:   00006aad9c467e27 000000001f540e69
0x000000bb51dfcc88:   0000022730a778a0 0000000000000000
0x000000bb51dfcc98:   00000227077dc6c0 000000bb51dfcf58
0x000000bb51dfcca8:   000000bb51dfcdc0 000000bb51dfcf78
0x000000bb51dfccb8:   00007fff63cb225f 0000000000000000
0x000000bb51dfccc8:   0000000000000003 0000000000000000
0x000000bb51dfccd8:   000000bb51dfcd89 000000bb51dfcd40 

Instructions: (pc=0x00007fff63e94980)
0x00007fff63e94960:   00 00 00 00 ff ff ff ff 00 00 00 00 40 00 00 00
0x00007fff63e94970:   08 49 41 00 00 00 00 00 00 00 00 00 00 00 00 00
0x00007fff63e94980:   01 00 00 00 00 00 00 00 00 00 00 00 90 67 53 00
0x00007fff63e94990:   a8 49 41 00 80 49 41 00 00 00 00 00 00 00 00 00 


Register to memory mapping:

RAX=0x00007fff63e3f0e0 is an unknown value
RBX=0x0000000000000000 is an unknown value
RCX=0x0000022708b51990 is an unknown value
RDX=0x0000000000000000 is an unknown value
RSP=0x000000bb51dfcbe8 is pointing into the stack for thread: 0x0000022725f54800
RBP=0x000000bb51dfcd40 is pointing into the stack for thread: 0x0000022725f54800
RSI=0x0000022734ed97e0 is an unknown value
RDI=0x000000bb51dfcd28 is pointing into the stack for thread: 0x0000022725f54800
R8 =0x00007fff63e9460c is an unknown value
R9 =0x0000000000000000 is an unknown value
R10=0x0000000000000001 is an unknown value
R11=0x000000bb51dfcbc0 is pointing into the stack for thread: 0x0000022725f54800
R12=0x0000000000000000 is an unknown value
R13=0x0000000000000000 is an unknown value
R14=0x0000022708b51990 is an unknown value
R15=0x000000001f540e69 is an unknown value


Stack: [0x000000bb51900000,0x000000bb51e00000],  sp=0x000000bb51dfcbe8,  free space=5106k
Native frames: (J=compiled Java code, j=interpreted, Vv=VM code, C=native code)
C  [librdi_wavedata.dll+0x414980]

Java frames: (J=compiled Java code, j=interpreted, Vv=VM code)
J 20682  ui.views.waveform.waveformi.WVExecutive_getTooltipTextDelayed(J)Ljava/lang/String; (0 bytes) @ 0x000002270e3abbc1 [0x000002270e3abb80+0x41]
J 20677 C1 ui.views.waveform.b.a.bH(Ljava/awt/event/MouseEvent;)V (135 bytes) @ 0x000002270c381aac [0x000002270c3813e0+0x6cc]
J 20573 C1 ui.views.waveform.b.a.mouseMoved(Ljava/awt/event/MouseEvent;)V (32 bytes) @ 0x000002270ae7d85c [0x000002270ae7d300+0x55c]
J 12706 C2 java.awt.AWTEventMulticaster.mouseMoved(Ljava/awt/event/MouseEvent;)V (27 bytes) @ 0x000002270ce8b8d4 [0x000002270ce8b820+0xb4]
J 12706 C2 java.awt.AWTEventMulticaster.mouseMoved(Ljava/awt/event/MouseEvent;)V (27 bytes) @ 0x000002270ce8b894 [0x000002270ce8b820+0x74]
J 16927 C2 javax.swing.JComponent.processMouseMotionEvent(Ljava/awt/event/MouseEvent;)V (46 bytes) @ 0x000002270beb9628 [0x000002270beb95a0+0x88]
J 20571 C1 ui.frmwork.c.i.processMouseMotionEvent(Ljava/awt/event/MouseEvent;)V (131 bytes) @ 0x000002270d4b2ca4 [0x000002270d4b1da0+0xf04]
J 10148 C2 java.awt.Container.processEvent(Ljava/awt/AWTEvent;)V (22 bytes) @ 0x000002270b8a8454 [0x000002270b8a82e0+0x174]
J 17525 C2 java.awt.Component.dispatchEventImpl(Ljava/awt/AWTEvent;)V (883 bytes) @ 0x000002270db66980 [0x000002270db66020+0x960]
J 15922 C2 java.awt.Container.dispatchEventImpl(Ljava/awt/AWTEvent;)V (129 bytes) @ 0x000002270d766a38 [0x000002270d7669e0+0x58]
J 10617 C2 java.awt.LightweightDispatcher.retargetMouseEvent(Ljava/awt/Component;ILjava/awt/event/MouseEvent;)V (350 bytes) @ 0x000002270c80f50c [0x000002270c80f120+0x3ec]
J 13419 C2 java.awt.LightweightDispatcher.processMouseEvent(Ljava/awt/event/MouseEvent;)Z (286 bytes) @ 0x000002270b3a03a0 [0x000002270b39fec0+0x4e0]
J 16834 C2 java.awt.Window.dispatchEventImpl(Ljava/awt/AWTEvent;)V (23 bytes) @ 0x000002270c98f224 [0x000002270c98ef80+0x2a4]
J 11174 C2 java.awt.EventQueue$3.run()Ljava/lang/Object; (5 bytes) @ 0x000002270ca3fc30 [0x000002270ca3f840+0x3f0]
v  ~StubRoutines::call_stub
J 2244  java.security.AccessController.doPrivileged(Ljava/security/PrivilegedAction;Ljava/security/AccessControlContext;)Ljava/lang/Object; (0 bytes) @ 0x000002270b0b2a26 [0x000002270b0b29c0+0x66]
J 12466 C2 java.awt.EventQueue$4.run()Ljava/lang/Object; (5 bytes) @ 0x000002270bd21cb4 [0x000002270bd21b20+0x194]
v  ~StubRoutines::call_stub
J 2244  java.security.AccessController.doPrivileged(Ljava/security/PrivilegedAction;Ljava/security/AccessControlContext;)Ljava/lang/Object; (0 bytes) @ 0x000002270b0b2a26 [0x000002270b0b29c0+0x66]
J 11147 C2 ui.frmwork.b.d.dispatchEvent(Ljava/awt/AWTEvent;)V (45 bytes) @ 0x000002270ca1bad8 [0x000002270ca1b820+0x2b8]
J 16930% C2 java.awt.EventDispatchThread.pumpEventsForFilter(ILjava/awt/Conditional;Ljava/awt/EventFilter;)V (47 bytes) @ 0x000002270c49459c [0x000002270c494100+0x49c]
j  java.awt.EventDispatchThread.pumpEventsForHierarchy(ILjava/awt/Conditional;Ljava/awt/Component;)V+11
j  java.awt.EventDispatchThread.pumpEvents(ILjava/awt/Conditional;)V+4
j  java.awt.EventDispatchThread.pumpEvents(Ljava/awt/Conditional;)V+3
j  java.awt.EventDispatchThread.run()V+9
v  ~StubRoutines::call_stub

---------------  P R O C E S S  ---------------

Java Threads: ( => current thread )
  0x00000227262cb800 JavaThread "Relaunch Simulation" [_thread_blocked, id=11320, stack(0x000000bb55f00000,0x000000bb56400000)]
  0x000002272a1d5000 JavaThread "Thread-489" [_thread_in_native, id=20980, stack(0x000000bb4b400000,0x000000bb4b500000)]
  0x000002272a1d4000 JavaThread "Thread-488" [_thread_in_native, id=11608, stack(0x000000bb4b200000,0x000000bb4b300000)]
  0x000002272a1d3800 JavaThread "Thread-464" [_thread_in_native, id=12452, stack(0x000000bb52800000,0x000000bb52900000)]
  0x000002272a1d8000 JavaThread "Monitor File Timestamp Swing Worker" [_thread_blocked, id=19368, stack(0x000000bb56900000,0x000000bb56e00000)]
  0x000002272a1cb000 JavaThread "Timer-6" [_thread_blocked, id=19472, stack(0x000000bb55300000,0x000000bb55800000)]
  0x000002272a1d1000 JavaThread "Thread-381" [_thread_in_native, id=7772, stack(0x000000bb4b200000,0x000000bb4b300000)]
  0x000002272a1cc000 JavaThread "Thread-380" [_thread_in_native, id=19384, stack(0x000000bb4b400000,0x000000bb4b500000)]
  0x000002272a1cf800 JavaThread "Thread-300" [_thread_in_native, id=14624, stack(0x000000bb4b400000,0x000000bb4b500000)]
  0x000002272a1d2000 JavaThread "Thread-276" [_thread_in_native, id=23248, stack(0x000000bb52800000,0x000000bb52900000)]
  0x000002272a1cc800 JavaThread "Thread-246" [_thread_in_native, id=6876, stack(0x000000bb4b200000,0x000000bb4b300000)]
  0x000002272a1cf000 JavaThread "Thread-193" [_thread_in_native, id=18116, stack(0x000000bb52800000,0x000000bb52900000)]
  0x000002272645d800 JavaThread "SyntheticaAnimation 50" daemon [_thread_blocked, id=21728, stack(0x000000bb54e00000,0x000000bb55300000)]
  0x00000227262ce800 JavaThread "Thread-136" [_thread_in_native, id=16348, stack(0x000000bb4b300000,0x000000bb4b400000)]
  0x00000227262cb000 JavaThread "Thread-135" [_thread_in_native, id=23336, stack(0x000000bb4b200000,0x000000bb4b300000)]
  0x0000022726459800 JavaThread "Thread-107" [_thread_in_native, id=3500, stack(0x000000bb4b300000,0x000000bb4b400000)]
  0x00000227262ce000 JavaThread "Thread-106" [_thread_in_native, id=22020, stack(0x000000bb4b200000,0x000000bb4b300000)]
  0x00000227262cf800 JavaThread "Thread-61" [_thread_in_native, id=21848, stack(0x000000bb4b300000,0x000000bb4b400000)]
  0x00000227262d2800 JavaThread "Thread-60" [_thread_in_native, id=15272, stack(0x000000bb4b200000,0x000000bb4b300000)]
  0x00000227262c5000 JavaThread "Monitor File Timestamp Swing Worker" [_thread_blocked, id=14872, stack(0x000000bb55a00000,0x000000bb55f00000)]
  0x00000227262c9800 JavaThread "Timer-1" [_thread_blocked, id=2180, stack(0x000000bb54900000,0x000000bb54e00000)]
  0x00000227262c5800 JavaThread "Image Animator 3" daemon [_thread_blocked, id=4400, stack(0x000000bb50a00000,0x000000bb50f00000)]
  0x00000227262c3800 JavaThread "SyntheticaAnimation 50" daemon [_thread_blocked, id=17008, stack(0x000000bb53500000,0x000000bb53a00000)]
  0x00000227262c8800 JavaThread "Thread-23" [_thread_in_native, id=9844, stack(0x000000bb55400000,0x000000bb55500000)]
  0x00000227262c4000 JavaThread "Thread-22" [_thread_in_native, id=9708, stack(0x000000bb55300000,0x000000bb55400000)]
  0x00000227262ca000 JavaThread "hw_ila_monitor" [_thread_blocked, id=17320, stack(0x000000bb51e00000,0x000000bb52300000)]
  0x0000022726458000 JavaThread "Update Runs Swing Worker" [_thread_blocked, id=22932, stack(0x000000bb54400000,0x000000bb54900000)]
  0x0000022726457800 JavaThread "Refresh Filesets Swing Worker" [_thread_blocked, id=12944, stack(0x000000bb53f00000,0x000000bb54400000)]
  0x0000022726456800 JavaThread "SyntheticaAnimation 70" daemon [_thread_blocked, id=23480, stack(0x000000bb53a00000,0x000000bb53f00000)]
  0x000002272645c800 JavaThread "SyntheticaAnimation 25" daemon [_thread_blocked, id=22752, stack(0x000000bb53000000,0x000000bb53500000)]
  0x0000022726459000 JavaThread "SyntheticaAnimation 50" daemon [_thread_blocked, id=9788, stack(0x000000bb52b00000,0x000000bb53000000)]
  0x000002272645a800 JavaThread "SyntheticaCleanerThread" daemon [_thread_blocked, id=9208, stack(0x000000bb52300000,0x000000bb52800000)]
  0x0000022725c5f000 JavaThread "Batik CleanerThread" daemon [_thread_blocked, id=22456, stack(0x000000bb50f00000,0x000000bb51400000)]
=>0x0000022725f54800 JavaThread "AWT-EventQueue-1" [_thread_in_native, id=22900, stack(0x000000bb51900000,0x000000bb51e00000)]
  0x0000022725c98800 JavaThread "Process Messages" [_thread_blocked, id=7672, stack(0x000000bb51400000,0x000000bb51900000)]
  0x0000022725bc8000 JavaThread "Thread-3" [_thread_in_native, id=24152, stack(0x000000bb4b500000,0x000000bb4c900000)]
  0x000002272470f000 JavaThread "AWT-Windows" daemon [_thread_in_native, id=21652, stack(0x000000bb50500000,0x000000bb50a00000)]
  0x000002272470e000 JavaThread "AWT-Shutdown" [_thread_blocked, id=13240, stack(0x000000bb50000000,0x000000bb50500000)]
  0x000002272478a800 JavaThread "Java2D Disposer" daemon [_thread_blocked, id=18404, stack(0x000000bb4fb00000,0x000000bb50000000)]
  0x00000227246eb800 JavaThread "TimerQueue" daemon [_thread_blocked, id=11348, stack(0x000000bb4f600000,0x000000bb4fb00000)]
  0x0000022723e5e000 JavaThread "Service Thread" daemon [_thread_blocked, id=23384, stack(0x000000bb4f000000,0x000000bb4f500000)]
  0x0000022721b2b000 JavaThread "C1 CompilerThread3" daemon [_thread_blocked, id=5828, stack(0x000000bb4ef00000,0x000000bb4f000000)]
  0x0000022721b2a000 JavaThread "C2 CompilerThread2" daemon [_thread_blocked, id=17796, stack(0x000000bb4ee00000,0x000000bb4ef00000)]
  0x0000022723e52000 JavaThread "C2 CompilerThread1" daemon [_thread_blocked, id=22480, stack(0x000000bb4ed00000,0x000000bb4ee00000)]
  0x0000022723e4e000 JavaThread "C2 CompilerThread0" daemon [_thread_blocked, id=20820, stack(0x000000bb4ec00000,0x000000bb4ed00000)]
  0x0000022723e4d000 JavaThread "Attach Listener" daemon [_thread_blocked, id=11756, stack(0x000000bb4e700000,0x000000bb4ec00000)]
  0x0000022723e4b000 JavaThread "Signal Dispatcher" daemon [_thread_blocked, id=15372, stack(0x000000bb4e200000,0x000000bb4e700000)]
  0x0000022721b0d800 JavaThread "Finalizer" daemon [_thread_blocked, id=20960, stack(0x000000bb4dd00000,0x000000bb4e200000)]
  0x0000022721aec800 JavaThread "Reference Handler" daemon [_thread_blocked, id=13232, stack(0x000000bb4d800000,0x000000bb4dd00000)]
  0x000002270a894800 JavaThread "main" [_thread_blocked, id=15768, stack(0x000000bb4cc00000,0x000000bb4cd00000)]

Other Threads:
  0x0000022721ae2800 VMThread [stack: 0x000000bb4d700000,0x000000bb4d800000] [id=23520]
  0x0000022721b2d800 WatcherThread [stack: 0x000000bb4f500000,0x000000bb4f600000] [id=4500]

VM state:not at safepoint (normal execution)

VM Mutex/Monitor currently owned by a thread: None

Heap:
 PSYoungGen      total 51200K, used 11117K [0x00000007bc400000, 0x00000007c0000000, 0x00000007c0000000)
  eden space 40448K, 15% used [0x00000007bc400000,0x00000007bca3b558,0x00000007beb80000)
  from space 10752K, 44% used [0x00000007bf580000,0x00000007bfa20000,0x00000007c0000000)
  to   space 10240K, 0% used [0x00000007beb80000,0x00000007beb80000,0x00000007bf580000)
 ParOldGen       total 169984K, used 61102K [0x0000000700000000, 0x000000070a600000, 0x00000007bc400000)
  object space 169984K, 35% used [0x0000000700000000,0x0000000703babb90,0x000000070a600000)
 Metaspace       used 73213K, capacity 73921K, committed 74624K, reserved 1114112K
  class space    used 10179K, capacity 10333K, committed 10368K, reserved 1048576K

Card table byte_map: [0x0000022719d50000,0x000002271a360000] byte_map_base: 0x0000022716550000

Marking Bits: (ParMarkBitMap*) 0x000000007232a6d0
 Begin Bits: [0x000002271a950000, 0x000002271d950000)
 End Bits:   [0x000002271d950000, 0x0000022720950000)

Polling page: 0x00000227016a0000

CodeCache: size=245760Kb used=60660Kb max_used=60683Kb free=185099Kb
 bounds [0x000002270a990000, 0x000002270e550000, 0x0000022719990000]
 total_blobs=16424 nmethods=15511 adapters=815
 compilation: enabled

Compilation events (10 events):
Event: 2167.880 Thread 0x0000022721b2b000 21042       3       javax.swing.plaf.basic.BasicDesktopIconUI::installUI (102 bytes)
Event: 2167.880 Thread 0x0000022721b2b000 nmethod 21042 0x000002270e174dd0 code [0x000002270e175040, 0x000002270e176260]
Event: 2167.880 Thread 0x0000022721b2b000 21043       3       javax.swing.plaf.synth.SynthDesktopIconUI::installDefaults (9 bytes)
Event: 2167.881 Thread 0x0000022721b2b000 nmethod 21043 0x000002270d9fb210 code [0x000002270d9fb400, 0x000002270d9fbb70]
Event: 2167.881 Thread 0x0000022721b2b000 21044       3       javax.swing.plaf.synth.SynthDesktopIconUI::installListeners (45 bytes)
Event: 2167.881 Thread 0x0000022721b2b000 nmethod 21044 0x000002270d9f9f10 code [0x000002270d9fa120, 0x000002270d9fad10]
Event: 2167.881 Thread 0x0000022721b2b000 21045       3       javax.swing.plaf.basic.BasicDesktopIconUI::installListeners (31 bytes)
Event: 2167.881 Thread 0x0000022721b2b000 nmethod 21045 0x000002270d9f94d0 code [0x000002270d9f9680, 0x000002270d9f9c60]
Event: 2167.956 Thread 0x0000022721b2b000 21046       3       ui.views.waveform.g.b::LG (64 bytes)
Event: 2167.957 Thread 0x0000022721b2b000 nmethod 21046 0x000002270e1747d0 code [0x000002270e174960, 0x000002270e174c80]

GC Heap History (10 events):
Event: 2163.017 GC heap before
{Heap before GC invocations=292 (full 26):
 PSYoungGen      total 50688K, used 45974K [0x00000007bc400000, 0x00000007c0000000, 0x00000007c0000000)
  eden space 39936K, 100% used [0x00000007bc400000,0x00000007beb00000,0x00000007beb00000)
  from space 10752K, 56% used [0x00000007beb00000,0x00000007bf0e58d0,0x00000007bf580000)
  to   space 10752K, 0% used [0x00000007bf580000,0x00000007bf580000,0x00000007c0000000)
 ParOldGen       total 169984K, used 58973K [0x0000000700000000, 0x000000070a600000, 0x00000007bc400000)
  object space 169984K, 34% used [0x0000000700000000,0x0000000703997788,0x000000070a600000)
 Metaspace       used 73184K, capacity 73857K, committed 74368K, reserved 1114112K
  class space    used 10179K, capacity 10333K, committed 10368K, reserved 1048576K
Event: 2163.022 GC heap after
Heap after GC invocations=292 (full 26):
 PSYoungGen      total 50688K, used 5942K [0x00000007bc400000, 0x00000007c0000000, 0x00000007c0000000)
  eden space 39936K, 0% used [0x00000007bc400000,0x00000007bc400000,0x00000007beb00000)
  from space 10752K, 55% used [0x00000007bf580000,0x00000007bfb4d8d0,0x00000007c0000000)
  to   space 10752K, 0% used [0x00000007beb00000,0x00000007beb00000,0x00000007bf580000)
 ParOldGen       total 169984K, used 58981K [0x0000000700000000, 0x000000070a600000, 0x00000007bc400000)
  object space 169984K, 34% used [0x0000000700000000,0x0000000703999788,0x000000070a600000)
 Metaspace       used 73184K, capacity 73857K, committed 74368K, reserved 1114112K
  class space    used 10179K, capacity 10333K, committed 10368K, reserved 1048576K
}
Event: 2163.874 GC heap before
{Heap before GC invocations=293 (full 26):
 PSYoungGen      total 50688K, used 45878K [0x00000007bc400000, 0x00000007c0000000, 0x00000007c0000000)
  eden space 39936K, 100% used [0x00000007bc400000,0x00000007beb00000,0x00000007beb00000)
  from space 10752K, 55% used [0x00000007bf580000,0x00000007bfb4d8d0,0x00000007c0000000)
  to   space 10752K, 0% used [0x00000007beb00000,0x00000007beb00000,0x00000007bf580000)
 ParOldGen       total 169984K, used 58981K [0x0000000700000000, 0x000000070a600000, 0x00000007bc400000)
  object space 169984K, 34% used [0x0000000700000000,0x0000000703999788,0x000000070a600000)
 Metaspace       used 73186K, capacity 73921K, committed 74624K, reserved 1114112K
  class space    used 10179K, capacity 10333K, committed 10368K, reserved 1048576K
Event: 2163.878 GC heap after
Heap after GC invocations=293 (full 26):
 PSYoungGen      total 50688K, used 5878K [0x00000007bc400000, 0x00000007c0000000, 0x00000007c0000000)
  eden space 39936K, 0% used [0x00000007bc400000,0x00000007bc400000,0x00000007beb00000)
  from space 10752K, 54% used [0x00000007beb00000,0x00000007bf0bd8d0,0x00000007bf580000)
  to   space 10752K, 0% used [0x00000007bf580000,0x00000007bf580000,0x00000007c0000000)
 ParOldGen       total 169984K, used 58981K [0x0000000700000000, 0x000000070a600000, 0x00000007bc400000)
  object space 169984K, 34% used [0x0000000700000000,0x0000000703999788,0x000000070a600000)
 Metaspace       used 73186K, capacity 73921K, committed 74624K, reserved 1114112K
  class space    used 10179K, capacity 10333K, committed 10368K, reserved 1048576K
}
Event: 2164.083 GC heap before
{Heap before GC invocations=294 (full 26):
 PSYoungGen      total 50688K, used 45814K [0x00000007bc400000, 0x00000007c0000000, 0x00000007c0000000)
  eden space 39936K, 100% used [0x00000007bc400000,0x00000007beb00000,0x00000007beb00000)
  from space 10752K, 54% used [0x00000007beb00000,0x00000007bf0bd8d0,0x00000007bf580000)
  to   space 10752K, 0% used [0x00000007bf580000,0x00000007bf580000,0x00000007c0000000)
 ParOldGen       total 169984K, used 58981K [0x0000000700000000, 0x000000070a600000, 0x00000007bc400000)
  object space 169984K, 34% used [0x0000000700000000,0x0000000703999788,0x000000070a600000)
 Metaspace       used 73186K, capacity 73921K, committed 74624K, reserved 1114112K
  class space    used 10179K, capacity 10333K, committed 10368K, reserved 1048576K
Event: 2164.086 GC heap after
Heap after GC invocations=294 (full 26):
 PSYoungGen      total 50688K, used 5974K [0x00000007bc400000, 0x00000007c0000000, 0x00000007c0000000)
  eden space 39936K, 0% used [0x00000007bc400000,0x00000007bc400000,0x00000007beb00000)
  from space 10752K, 55% used [0x00000007bf580000,0x00000007bfb558d0,0x00000007c0000000)
  to   space 10752K, 0% used [0x00000007beb00000,0x00000007beb00000,0x00000007bf580000)
 ParOldGen       total 169984K, used 58981K [0x0000000700000000, 0x000000070a600000, 0x00000007bc400000)
  object space 169984K, 34% used [0x0000000700000000,0x0000000703999788,0x000000070a600000)
 Metaspace       used 73186K, capacity 73921K, committed 74624K, reserved 1114112K
  class space    used 10179K, capacity 10333K, committed 10368K, reserved 1048576K
}
Event: 2165.184 GC heap before
{Heap before GC invocations=295 (full 26):
 PSYoungGen      total 50688K, used 45910K [0x00000007bc400000, 0x00000007c0000000, 0x00000007c0000000)
  eden space 39936K, 100% used [0x00000007bc400000,0x00000007beb00000,0x00000007beb00000)
  from space 10752K, 55% used [0x00000007bf580000,0x00000007bfb558d0,0x00000007c0000000)
  to   space 10752K, 0% used [0x00000007beb00000,0x00000007beb00000,0x00000007bf580000)
 ParOldGen       total 169984K, used 58981K [0x0000000700000000, 0x000000070a600000, 0x00000007bc400000)
  object space 169984K, 34% used [0x0000000700000000,0x0000000703999788,0x000000070a600000)
 Metaspace       used 73189K, capacity 73921K, committed 74624K, reserved 1114112K
  class space    used 10179K, capacity 10333K, committed 10368K, reserved 1048576K
Event: 2165.189 GC heap after
Heap after GC invocations=295 (full 26):
 PSYoungGen      total 50688K, used 6665K [0x00000007bc400000, 0x00000007c0000000, 0x00000007c0000000)
  eden space 39936K, 0% used [0x00000007bc400000,0x00000007bc400000,0x00000007beb00000)
  from space 10752K, 61% used [0x00000007beb00000,0x00000007bf182408,0x00000007bf580000)
  to   space 10752K, 0% used [0x00000007bf580000,0x00000007bf580000,0x00000007c0000000)
 ParOldGen       total 169984K, used 58981K [0x0000000700000000, 0x000000070a600000, 0x00000007bc400000)
  object space 169984K, 34% used [0x0000000700000000,0x0000000703999788,0x000000070a600000)
 Metaspace       used 73189K, capacity 73921K, committed 74624K, reserved 1114112K
  class space    used 10179K, capacity 10333K, committed 10368K, reserved 1048576K
}
Event: 2167.855 GC heap before
{Heap before GC invocations=296 (full 26):
 PSYoungGen      total 50688K, used 46601K [0x00000007bc400000, 0x00000007c0000000, 0x00000007c0000000)
  eden space 39936K, 100% used [0x00000007bc400000,0x00000007beb00000,0x00000007beb00000)
  from space 10752K, 61% used [0x00000007beb00000,0x00000007bf182408,0x00000007bf580000)
  to   space 10752K, 0% used [0x00000007bf580000,0x00000007bf580000,0x00000007c0000000)
 ParOldGen       total 169984K, used 58981K [0x0000000700000000, 0x000000070a600000, 0x00000007bc400000)
  object space 169984K, 34% used [0x0000000700000000,0x0000000703999788,0x000000070a600000)
 Metaspace       used 73206K, capacity 73921K, committed 74624K, reserved 1114112K
  class space    used 10179K, capacity 10333K, committed 10368K, reserved 1048576K
Event: 2167.860 GC heap after
Heap after GC invocations=296 (full 26):
 PSYoungGen      total 51200K, used 4736K [0x00000007bc400000, 0x00000007c0000000, 0x00000007c0000000)
  eden space 40448K, 0% used [0x00000007bc400000,0x00000007bc400000,0x00000007beb80000)
  from space 10752K, 44% used [0x00000007bf580000,0x00000007bfa20000,0x00000007c0000000)
  to   space 10240K, 0% used [0x00000007beb80000,0x00000007beb80000,0x00000007bf580000)
 ParOldGen       total 169984K, used 61102K [0x0000000700000000, 0x000000070a600000, 0x00000007bc400000)
  object space 169984K, 35% used [0x0000000700000000,0x0000000703babb90,0x000000070a600000)
 Metaspace       used 73206K, capacity 73921K, committed 74624K, reserved 1114112K
  class space    used 10179K, capacity 10333K, committed 10368K, reserved 1048576K
}

Deoptimization events (10 events):
Event: 2106.141 Thread 0x0000022725f54800 Uncommon trap: reason=unstable_if action=reinterpret pc=0x000002270baa4fb8 method=java.awt.image.ColorModel.equals(Ljava/lang/Object;)Z @ 4
Event: 2106.141 Thread 0x0000022725f54800 Uncommon trap: reason=bimorphic action=maybe_recompile pc=0x000002270c251830 method=sun.java2d.pipe.AlphaPaintPipe$TileContext.<init>(Lsun/java2d/SunGraphics2D;Ljava/awt/PaintContext;)V @ 16
Event: 2106.141 Thread 0x0000022725f54800 Uncommon trap: reason=bimorphic action=maybe_recompile pc=0x000002270b52e018 method=sun.java2d.pipe.AlphaPaintPipe.endSequence(Ljava/lang/Object;)V @ 16
Event: 2111.922 Thread 0x0000022725f54800 Uncommon trap: reason=unstable_if action=reinterpret pc=0x000002270d9fba54 method=com.jidesoft.docking.DefaultDockingManager.handleEvent(Ljava/awt/AWTEvent;)Z @ 1880
Event: 2111.923 Thread 0x0000022725f54800 Uncommon trap: reason=unstable_if action=reinterpret pc=0x000002270d160314 method=com.jidesoft.plaf.basic.BasicJideTabbedPaneUI.ensureCurrentRects(II)V @ 694
Event: 2138.226 Thread 0x0000022725f54800 Uncommon trap: reason=unstable_if action=reinterpret pc=0x000002270dad8d44 method=com.jidesoft.editor.tokenmarker.VerilogTokenMarker.markTokensImpl(BLjavax/swing/text/Segment;I)B @ 548
Event: 2144.466 Thread 0x0000022725f54800 Uncommon trap: reason=unstable_if action=reinterpret pc=0x000002270dbf96d8 method=com.jidesoft.editor.CodeEditor.xToOffset(II)I @ 117
Event: 2152.747 Thread 0x0000022725f54800 Uncommon trap: reason=unstable_if action=reinterpret pc=0x000002270e51cf90 method=com.jidesoft.editor.tokenmarker.VerilogTokenMarker.markTokensImpl(BLjavax/swing/text/Segment;I)B @ 608
Event: 2167.796 Thread 0x0000022725f54800 Uncommon trap: reason=class_check action=maybe_recompile pc=0x000002270b624ad0 method=javax.swing.plaf.synth.ParsedSynthStyle$DelegatingPainter.paintPanelBackground(Ljavax/swing/plaf/synth/SynthContext;Ljava/awt/Graphics;IIII)V @ 16
Event: 2167.831 Thread 0x0000022725f54800 Uncommon trap: reason=class_check action=maybe_recompile pc=0x000002270b624ad0 method=javax.swing.plaf.synth.ParsedSynthStyle$DelegatingPainter.paintPanelBackground(Ljavax/swing/plaf/synth/SynthContext;Ljava/awt/Graphics;IIII)V @ 16

Internal exceptions (10 events):
Event: 2147.976 Thread 0x0000022725f54800 Exception <a 'java/io/FileNotFoundException'> (0x00000007bcf090a8) thrown at [C:\re\workspace\8-2-build-windows-amd64-cygwin\jdk8u112\7884\hotspot\src\share\vm\prims\jni.cpp, line 709]
Event: 2147.976 Thread 0x0000022725f54800 Exception <a 'java/io/FileNotFoundException'> (0x00000007bcf09970) thrown at [C:\re\workspace\8-2-build-windows-amd64-cygwin\jdk8u112\7884\hotspot\src\share\vm\prims\jni.cpp, line 709]
Event: 2148.021 Thread 0x000002272a1d6800 Exception <a 'java/lang/InterruptedException': sleep interrupted> (0x00000007bcfd8448) thrown at [C:\re\workspace\8-2-build-windows-amd64-cygwin\jdk8u112\7884\hotspot\src\share\vm\prims\jvm.cpp, line 3228]
Event: 2152.977 Thread 0x0000022725f54800 Exception <a 'java/io/FileNotFoundException'> (0x00000007bd2ed940) thrown at [C:\re\workspace\8-2-build-windows-amd64-cygwin\jdk8u112\7884\hotspot\src\share\vm\prims\jni.cpp, line 709]
Event: 2152.978 Thread 0x0000022725f54800 Exception <a 'java/io/FileNotFoundException'> (0x00000007bd2ee208) thrown at [C:\re\workspace\8-2-build-windows-amd64-cygwin\jdk8u112\7884\hotspot\src\share\vm\prims\jni.cpp, line 709]
Event: 2157.978 Thread 0x0000022725f54800 Exception <a 'java/io/FileNotFoundException'> (0x00000007bdcc4f18) thrown at [C:\re\workspace\8-2-build-windows-amd64-cygwin\jdk8u112\7884\hotspot\src\share\vm\prims\jni.cpp, line 709]
Event: 2157.978 Thread 0x0000022725f54800 Exception <a 'java/io/FileNotFoundException'> (0x00000007bdcc57e0) thrown at [C:\re\workspace\8-2-build-windows-amd64-cygwin\jdk8u112\7884\hotspot\src\share\vm\prims\jni.cpp, line 709]
Event: 2162.085 Thread 0x00000227262cb800 Exception <a 'java/lang/InterruptedException': sleep interrupted> (0x00000007be748800) thrown at [C:\re\workspace\8-2-build-windows-amd64-cygwin\jdk8u112\7884\hotspot\src\share\vm\prims\jvm.cpp, line 3228]
Event: 2162.979 Thread 0x0000022725f54800 Exception <a 'java/io/FileNotFoundException'> (0x00000007bea27808) thrown at [C:\re\workspace\8-2-build-windows-amd64-cygwin\jdk8u112\7884\hotspot\src\share\vm\prims\jni.cpp, line 709]
Event: 2162.979 Thread 0x0000022725f54800 Exception <a 'java/io/FileNotFoundException'> (0x00000007bea280d0) thrown at [C:\re\workspace\8-2-build-windows-amd64-cygwin\jdk8u112\7884\hotspot\src\share\vm\prims\jni.cpp, line 709]

Events (10 events):
Event: 2166.972 Executing VM operation: RevokeBias
Event: 2166.972 Executing VM operation: RevokeBias done
Event: 2167.796 Thread 0x0000022725f54800 Uncommon trap: trap_request=0xffffffde fr.pc=0x000002270b624ad0
Event: 2167.796 Thread 0x0000022725f54800 DEOPT PACKING pc=0x000002270b624ad0 sp=0x000000bb51dfc890
Event: 2167.796 Thread 0x0000022725f54800 DEOPT UNPACKING pc=0x000002270a9d5832 sp=0x000000bb51dfc7d0 mode 2
Event: 2167.831 Thread 0x0000022725f54800 Uncommon trap: trap_request=0xffffffde fr.pc=0x000002270b624ad0
Event: 2167.831 Thread 0x0000022725f54800 DEOPT PACKING pc=0x000002270b624ad0 sp=0x000000bb51dfc890
Event: 2167.831 Thread 0x0000022725f54800 DEOPT UNPACKING pc=0x000002270a9d5832 sp=0x000000bb51dfc7d0 mode 2
Event: 2167.855 Executing VM operation: ParallelGCFailedAllocation
Event: 2167.860 Executing VM operation: ParallelGCFailedAllocation done


Dynamic libraries:
0x00007ff6b9610000 - 0x00007ff6b9640000 	E:\vivado\Vivado\2018.2\bin\unwrapped\win64.o\vivado.exe
0x00007ff824060000 - 0x00007ff824269000 	C:\WINDOWS\SYSTEM32\ntdll.dll
0x00007ff822e70000 - 0x00007ff822f2d000 	C:\WINDOWS\System32\KERNEL32.DLL
0x00007ff821950000 - 0x00007ff821ccb000 	C:\WINDOWS\System32\KERNELBASE.dll
0x00007ff8216c0000 - 0x00007ff8217d1000 	C:\WINDOWS\System32\ucrtbase.dll
0x00007ff80d140000 - 0x00007ff80d154000 	E:\vivado\Vivado\2018.2\lib\win64.o\libboost_signals.dll
0x00007fffaaaa0000 - 0x00007fffab8b9000 	E:\vivado\Vivado\2018.2\lib\win64.o\librdi_common.dll
0x00007ff80bdd0000 - 0x00007ff80be5e000 	C:\WINDOWS\SYSTEM32\MSVCP140.dll
0x00007ff807bf0000 - 0x00007ff807c04000 	E:\vivado\Vivado\2018.2\lib\win64.o\librdi_commonmain.dll
0x00007ff80bdb0000 - 0x00007ff80bdcb000 	C:\WINDOWS\SYSTEM32\VCRUNTIME140.dll
0x00007ff822400000 - 0x00007ff8225ad000 	C:\WINDOWS\System32\USER32.dll
0x00007ff821cd0000 - 0x00007ff821cf6000 	C:\WINDOWS\System32\win32u.dll
0x00007fffdec10000 - 0x00007fffdef7e000 	E:\vivado\Vivado\2018.2\lib\win64.o\libCOIN-all.dll
0x00007fffdf5b0000 - 0x00007fffdf865000 	E:\vivado\Vivado\2018.2\lib\win64.o\libXil_lmgr11.dll
0x00007ff822250000 - 0x00007ff822279000 	C:\WINDOWS\System32\GDI32.dll
0x00007ff807ba0000 - 0x00007ff807bb4000 	E:\vivado\Vivado\2018.2\lib\win64.o\libboost_date_time.dll
0x00007ff821f50000 - 0x00007ff82203c000 	C:\WINDOWS\System32\COMDLG32.dll
0x00007ff821d00000 - 0x00007ff821e18000 	C:\WINDOWS\System32\gdi32full.dll
0x00007ff807260000 - 0x00007ff807286000 	E:\vivado\Vivado\2018.2\lib\win64.o\libboost_filesystem.dll
0x00007ff822990000 - 0x00007ff822d07000 	C:\WINDOWS\System32\combase.dll
0x00007ff821530000 - 0x00007ff8215cd000 	C:\WINDOWS\System32\msvcp_win.dll
0x00007ff8220b0000 - 0x00007ff82215e000 	C:\WINDOWS\System32\ADVAPI32.dll
0x00007ff8041a0000 - 0x00007ff80421f000 	E:\vivado\Vivado\2018.2\lib\win64.o\libboost_program_options.dll
0x00007ff822790000 - 0x00007ff8228b0000 	C:\WINDOWS\System32\RPCRT4.dll
0x00007ff822170000 - 0x00007ff822213000 	C:\WINDOWS\System32\msvcrt.dll
0x00007ff823090000 - 0x00007ff823848000 	C:\WINDOWS\System32\SHELL32.dll
0x00007ff822f90000 - 0x00007ff82307a000 	C:\WINDOWS\System32\shcore.dll
0x00007ff823f80000 - 0x00007ff82401e000 	C:\WINDOWS\System32\sechost.dll
0x00007ffff1330000 - 0x00007ffff1444000 	E:\vivado\Vivado\2018.2\lib\win64.o\libboost_regex.dll
0x00007ff823f20000 - 0x00007ff823f7d000 	C:\WINDOWS\System32\SHLWAPI.dll
0x00007ff80be60000 - 0x00007ff80be6c000 	C:\WINDOWS\SYSTEM32\VCRUNTIME140_1.dll
0x00007ff804290000 - 0x00007ff8042b1000 	E:\vivado\Vivado\2018.2\lib\win64.o\libboost_thread.dll
0x00007ff81cd60000 - 0x00007ff81cd6b000 	E:\vivado\Vivado\2018.2\lib\win64.o\libboost_system.dll
0x00007ff8228b0000 - 0x00007ff822986000 	C:\WINDOWS\System32\OLEAUT32.dll
0x00007ff81cd40000 - 0x00007ff81cd4f000 	E:\vivado\Vivado\2018.2\lib\win64.o\libboost_xilinx.dll
0x00007ff823910000 - 0x00007ff823aaa000 	C:\WINDOWS\System32\ole32.dll
0x00007ff8016d0000 - 0x00007ff801752000 	E:\vivado\Vivado\2018.2\lib\win64.o\libhdlpsolve.dll
0x00007ff821ee0000 - 0x00007ff821f4f000 	C:\WINDOWS\System32\WS2_32.dll
0x00007ff81d350000 - 0x00007ff81d35a000 	E:\vivado\Vivado\2018.2\lib\win64.o\librdi_commonversion.dll
0x00007ff8015c0000 - 0x00007ff801665000 	E:\vivado\Vivado\2018.2\lib\win64.o\libhdxml.dll
0x00007ff8215d0000 - 0x00007ff821638000 	C:\WINDOWS\System32\WINTRUST.dll
0x00007ff8217e0000 - 0x00007ff821942000 	C:\WINDOWS\System32\CRYPT32.dll
0x00007fffe3080000 - 0x00007fffe31a1000 	E:\vivado\Vivado\2018.2\lib\win64.o\librdi_commonxillic.dll
0x0000000072550000 - 0x000000007267b000 	E:\vivado\Vivado\2018.2\lib\win64.o\tcl85t.dll
0x00007fffaa1e0000 - 0x00007fffaaa93c00 	E:\vivado\Vivado\2018.2\lib\win64.o\libisl_iostreams.dll
0x00007ff804260000 - 0x00007ff80428e000 	E:\vivado\Vivado\2018.2\lib\win64.o\libisl_sysinfo.dll
0x00007ff804130000 - 0x00007ff804195000 	E:\vivado\Vivado\2018.2\lib\win64.o\liblmx6.0.dll
0x0000000071b10000 - 0x00000000723aa000 	E:\vivado\Vivado\2018.2\tps\win64\jre\bin\server\jvm.dll
0x00007ff8015a0000 - 0x00007ff8015ba000 	E:\vivado\Vivado\2018.2\lib\win64.o\pthreadVC2.dll
0x00007fffdcc50000 - 0x00007fffdcda1000 	E:\vivado\Vivado\2018.2\lib\win64.o\librdi_curl.dll
0x00007fffff4b0000 - 0x00007fffff4d1000 	E:\vivado\Vivado\2018.2\lib\win64.o\librdizlib.dll
0x00007fffff4e0000 - 0x00007fffff4fc000 	E:\vivado\Vivado\2018.2\lib\win64.o\librdiconfig.dll
0x00007ff822160000 - 0x00007ff822168000 	C:\WINDOWS\System32\PSAPI.DLL
0x0000000012000000 - 0x0000000012272000 	E:\vivado\Vivado\2018.2\lib\win64.o\xerces-c_3_1.dll
0x00007ff80c420000 - 0x00007ff80c439000 	C:\WINDOWS\SYSTEM32\NETAPI32.dll
0x00007ff80dbd0000 - 0x00007ff80e0ca000 	C:\WINDOWS\SYSTEM32\WININET.dll
0x00007ff819c60000 - 0x00007ff819d6c000 	C:\WINDOWS\SYSTEM32\WINHTTP.dll
0x00007ff819f80000 - 0x00007ff81a16f000 	C:\WINDOWS\SYSTEM32\urlmon.dll
0x00007ff81db20000 - 0x00007ff81db29000 	C:\WINDOWS\SYSTEM32\WSOCK32.dll
0x00007ffffe290000 - 0x00007ffffe2c1000 	C:\WINDOWS\SYSTEM32\VCOMP140.DLL
0x00007fffa9340000 - 0x00007fffaa1d1000 	E:\vivado\Vivado\2018.2\lib\win64.o\gurobi65.dll
0x00007ff801150000 - 0x00007ff801202000 	C:\WINDOWS\WinSxS\amd64_microsoft.windows.common-controls_6595b64144ccf1df_5.82.22000.1_none_271a8fad6a2d1b1e\COMCTL32.dll
0x00007ff81bd10000 - 0x00007ff81bd1d000 	E:\vivado\Vivado\2018.2\lib\win64.o\libboost_chrono.dll
0x00007ff81a560000 - 0x00007ff81a57e000 	C:\WINDOWS\SYSTEM32\dhcpcsvc.DLL
0x00007fffff490000 - 0x00007fffff4ab000 	E:\vivado\Vivado\2018.2\lib\win64.o\libboost_iostreams.dll
0x00007ffffe230000 - 0x00007ffffe255000 	E:\vivado\Vivado\2018.2\lib\win64.o\libisl_iosutils.dll
0x00007ff81a920000 - 0x00007ff81a953000 	C:\WINDOWS\SYSTEM32\WINMM.dll
0x00007ff81a250000 - 0x00007ff81a25a000 	C:\WINDOWS\SYSTEM32\VERSION.dll
0x0000000072860000 - 0x0000000072932000 	C:\WINDOWS\SYSTEM32\MSVCR100.dll
0x00007ff819970000 - 0x00007ff819c23000 	C:\WINDOWS\SYSTEM32\iertutil.dll
0x00007ff819c30000 - 0x00007ff819c58000 	C:\WINDOWS\SYSTEM32\srvcli.dll
0x00007ff8202a0000 - 0x00007ff8202ac000 	C:\WINDOWS\SYSTEM32\netutils.dll
0x00007ff822d10000 - 0x00007ff822d41000 	C:\WINDOWS\System32\IMM32.DLL
0x00007ff820de0000 - 0x00007ff820df2000 	C:\WINDOWS\SYSTEM32\MSASN1.dll
0x00007ff820660000 - 0x00007ff820678000 	C:\WINDOWS\SYSTEM32\kernel.appcore.dll
0x00007fffa8eb0000 - 0x00007fffa933c000 	E:\vivado\Vivado\2018.2\lib\win64.o\librdi_commontasks.dll
0x00007ffff15a0000 - 0x00007ffff1817000 	E:\vivado\Vivado\2018.2\lib\win64.o\librdi_sio.dll
0x00007ff820110000 - 0x00007ff82013d000 	C:\WINDOWS\SYSTEM32\IPHLPAPI.DLL
0x00007ff81f5f0000 - 0x00007ff81fe55000 	C:\WINDOWS\SYSTEM32\windows.storage.dll
0x00007ff81f470000 - 0x00007ff81f5d6000 	C:\WINDOWS\SYSTEM32\wintypes.dll
0x00007fffa6cb0000 - 0x00007fffa8eaf000 	E:\vivado\Vivado\2018.2\lib\win64.o\librdi_tcltasks.dll
0x00007fffadc30000 - 0x00007fffae005000 	E:\vivado\Vivado\2018.2\lib\win64.o\librdi_bitstream.dll
0x00007fffc7ca0000 - 0x00007fffc7e1e000 	E:\vivado\Vivado\2018.2\lib\win64.o\librdi_board.dll
0x00007ffffb750000 - 0x00007ffffb7ba000 	E:\vivado\Vivado\2018.2\lib\win64.o\librdi_boarddep.dll
0x00007fffc5b20000 - 0x00007fffc5d67000 	E:\vivado\Vivado\2018.2\lib\win64.o\librdi_chipscope.dll
0x00007fff90260000 - 0x00007fff91ab9000 	E:\vivado\Vivado\2018.2\lib\win64.o\librdi_constraints.dll
0x00007ffff1470000 - 0x00007ffff1598000 	E:\vivado\Vivado\2018.2\lib\win64.o\librdi_containers.dll
0x00007fff803a0000 - 0x00007fff820b1000 	E:\vivado\Vivado\2018.2\lib\win64.o\librdi_coregen.dll
0x00007fffa6270000 - 0x00007fffa6949000 	E:\vivado\Vivado\2018.2\lib\win64.o\librdi_coregenipxact.dll
0x00007fff7c630000 - 0x00007fff80392000 	E:\vivado\Vivado\2018.2\lib\win64.o\librdi_designutils.dll
0x00007fff6de30000 - 0x00007fff7c628000 	E:\vivado\Vivado\2018.2\lib\win64.o\librdi_device.dll
0x00007fffa5920000 - 0x00007fffa5c38000 	E:\vivado\Vivado\2018.2\lib\win64.o\librdi_dlyest.dll
0x00007fffa2510000 - 0x00007fffa2a51000 	E:\vivado\Vivado\2018.2\lib\win64.o\librdi_drc.dll
0x00007fffe0ae0000 - 0x00007fffe0ba2000 	E:\vivado\Vivado\2018.2\lib\win64.o\librdi_dsp.dll
0x00007fff8fc20000 - 0x00007fff90251000 	E:\vivado\Vivado\2018.2\lib\win64.o\librdi_filemgmt.dll
0x00007fffa5cc0000 - 0x00007fffa5f91000 	E:\vivado\Vivado\2018.2\lib\win64.o\librdi_guitools.dll
0x00007ffff7930000 - 0x00007ffff7988000 	E:\vivado\Vivado\2018.2\lib\win64.o\librdi_hdf.dll
0x00007fff6cbf0000 - 0x00007fff6de24000 	E:\vivado\Vivado\2018.2\lib\win64.o\librdi_implflow.dll
0x00007fff8f5c0000 - 0x00007fff8fc11000 	E:\vivado\Vivado\2018.2\lib\win64.o\librdi_memdata.dll
0x00007fff693e0000 - 0x00007fff6cbea000 	E:\vivado\Vivado\2018.2\lib\win64.o\librdi_mig.dll
0x00007fffa2060000 - 0x00007fffa2502000 	E:\vivado\Vivado\2018.2\lib\win64.o\librdi_netlist.dll
0x00007ff8043c0000 - 0x00007ff804409000 	E:\vivado\Vivado\2018.2\lib\win64.o\librdi_pfi.dll
0x00007fff67040000 - 0x00007fff693de000 	E:\vivado\Vivado\2018.2\lib\win64.o\librdi_place.dll
0x00007fffa5fe0000 - 0x00007fffa626a000 	E:\vivado\Vivado\2018.2\lib\win64.o\librdi_platform.dll
0x00007fff66950000 - 0x00007fff6703c000 	E:\vivado\Vivado\2018.2\lib\win64.o\librdi_power.dll
0x00007fff8f080000 - 0x00007fff8f5bd000 	E:\vivado\Vivado\2018.2\lib\win64.o\librdi_project.dll
0x00007fff66260000 - 0x00007fff66941000 	E:\vivado\Vivado\2018.2\lib\win64.o\librdi_psta.dll
0x00007fff65c20000 - 0x00007fff6625e000 	E:\vivado\Vivado\2018.2\lib\win64.o\librdi_rsb.dll
0x00007fffdf4d0000 - 0x00007fffdf5a7000 	E:\vivado\Vivado\2018.2\lib\win64.o\librdi_runsbase.dll
0x00007fff65850000 - 0x00007fff65c13000 	E:\vivado\Vivado\2018.2\lib\win64.o\librdi_runs.dll
0x00007fffa56f0000 - 0x00007fffa5916000 	E:\vivado\Vivado\2018.2\lib\win64.o\librdi_simdata.dll
0x00007fff64b30000 - 0x00007fff6584d000 	E:\vivado\Vivado\2018.2\lib\win64.o\librdi_timing.dll
0x00007fffdd110000 - 0x00007fffdd1db000 	E:\vivado\Vivado\2018.2\lib\win64.o\librdi_xhub.dll
0x00007ffff7c00000 - 0x00007ffff7c4c000 	E:\vivado\Vivado\2018.2\lib\win64.o\libboost_serialization.dll
0x00007fffe4f80000 - 0x00007fffe4fe6000 	E:\vivado\Vivado\2018.2\lib\win64.o\librdi_ipconfig_readwrite.dll
0x00007ffff1280000 - 0x00007ffff132f000 	E:\vivado\Vivado\2018.2\lib\win64.o\librdi_hip_devdesign.dll
0x00007ffff51f0000 - 0x00007ffff5228000 	E:\vivado\Vivado\2018.2\lib\win64.o\librdi_noc_frameworks.dll
0x00007fff64030000 - 0x00007fff64b23000 	E:\vivado\Vivado\2018.2\lib\win64.o\libverific.dll
0x00007fffdf8b0000 - 0x00007fffdf938000 	E:\vivado\Vivado\2018.2\lib\win64.o\librdi_hip_config.dll
0x00007fff63530000 - 0x00007fff63a7e000 	E:\vivado\Vivado\2018.2\lib\win64.o\librdi_xdm.dll
0x00007fffe4ca0000 - 0x00007fffe4d3e000 	E:\vivado\Vivado\2018.2\lib\win64.o\libise.dll
0x00007fff63a80000 - 0x00007fff64021000 	E:\vivado\Vivado\2018.2\lib\win64.o\librdi_wavedata.dll
0x00007fffe9aa0000 - 0x00007fffe9ae9000 	E:\vivado\Vivado\2018.2\lib\win64.o\librdi_wavedata_SimpleApi.dll
0x00007fff62630000 - 0x00007fff63521000 	E:\vivado\Vivado\2018.2\lib\win64.o\librdi_route.dll
0x00007fff60840000 - 0x00007fff62622000 	E:\vivado\Vivado\2018.2\lib\win64.o\librdi_synth.dll
0x00007fff605f0000 - 0x00007fff60833000 	E:\vivado\Vivado\2018.2\lib\win64.o\librdi_hsm.dll
0x00007fff60020000 - 0x00007fff605e2000 	E:\vivado\Vivado\2018.2\lib\win64.o\librdi_abc_nomp.dll
0x00007ffffb730000 - 0x00007ffffb74a000 	E:\vivado\Vivado\2018.2\lib\win64.o\librdi_hmetis.dll

VM Arguments:
jvm_args: -Dsun.java2d.pmoffscreen=false -Dsun.java2d.xrender=false -Dsun.java2d.d3d=false -Dsun.awt.nopixfmt=true -Xverify:none -Dswing.aatext=true -XX:-UsePerfData -Djdk.map.althashing.threshold=512 -XX:StringTableSize=4072 -XX:NewSize=60m -XX:MaxNewSize=60m -Xms128m -Xmx3072m -Xss5m 
java_command: <unknown>
java_class_path (initial): E:/vivado/Vivado/2018.2\lib\classes\alloy.jar;E:/vivado/Vivado/2018.2\lib\classes\autopilot.scelaborator.jar;E:/vivado/Vivado/2018.2\lib\classes\autopilot.sourceprocessor.jar;E:/vivado/Vivado/2018.2\lib\classes\autopilot.tbprocessor.jar;E:/vivado/Vivado/2018.2\lib\classes\batik-anim.jar;E:/vivado/Vivado/2018.2\lib\classes\batik-awt-util.jar;E:/vivado/Vivado/2018.2\lib\classes\batik-bridge.jar;E:/vivado/Vivado/2018.2\lib\classes\batik-codec.jar;E:/vivado/Vivado/2018.2\lib\classes\batik-css.jar;E:/vivado/Vivado/2018.2\lib\classes\batik-dom.jar;E:/vivado/Vivado/2018.2\lib\classes\batik-ext.jar;E:/vivado/Vivado/2018.2\lib\classes\batik-gui-util.jar;E:/vivado/Vivado/2018.2\lib\classes\batik-gvt.jar;E:/vivado/Vivado/2018.2\lib\classes\batik-parser.jar;E:/vivado/Vivado/2018.2\lib\classes\batik-script.jar;E:/vivado/Vivado/2018.2\lib\classes\batik-svg-dom.jar;E:/vivado/Vivado/2018.2\lib\classes\batik-swing.jar;E:/vivado/Vivado/2018.2\lib\classes\batik-transcoder.jar;E:/vivado/Vivado/2018.2\lib\classes\batik-util.jar;E:/vivado/Vivado/2018.2\lib\classes\batik-xml.jar;E:/vivado/Vivado/2018.2\lib\classes\com.ibm.icu_4.4.2.v20110208.jar;E:/vivado/Vivado/2018.2\lib\classes\commons-collections4-4.1.jar;E:/vivado/Vivado/2018.2\lib\classes\commons-math-2.2.jar;E:/vivado/Vivado/2018.2\lib\classes\dom4j-1.6.1.jar;E:/vivado/Vivado/2018.2\lib\classes\guava-18.0.jar;E:/vivado/Vivado/2018.2\lib\classes\help.jar;E:/vivado/Vivado/2018.2\lib\classes\hsqldb.jar;E:/vivado/Vivado/2018.2\lib\classes\jargs.jar;E:/vivado/Vivado/2018.2\lib\classes\jh.jar;E:/vivado/Vivado/2018.2\lib\classes\jide-action.jar;E:/vivado/Vivado/2018.2\lib\classes\jide-charts.jar;E:/vivado/Vivado/2018.2\lib\classes\jide-common.jar;E:/vivado/Vivado/2018.2\lib\classes\jide-components.jar;E:/vivado/Vivado/2018.2\lib\classes\jide-dashboard.jar;E:/vivado/Vivado/2018.2\lib\classes\jide-data.jar;E:/vivado/Vivado/2018.2\lib\classes\jide-dialogs.jar;E:/vivado/Vivado/2018.2\lib\classes\jide-diff.jar;E:/v
Launcher Type: generic

Environment Variables:
USERNAME=ahmed
OS=Windows_NT
PROCESSOR_IDENTIFIER=Intel64 Family 6 Model 158 Stepping 10, GenuineIntel



---------------  S Y S T E M  ---------------

OS: Windows 10.0 , 64 bit Build 22000 (10.0.22000.708)

CPU:total 12 (6 cores per cpu, 2 threads per core) family 6 model 158 stepping 10, cmov, cx8, fxsr, mmx, sse, sse2, sse3, ssse3, sse4.1, sse4.2, popcnt, avx, avx2, aes, clmul, erms, 3dnowpref, lzcnt, ht, tsc, tscinvbit, bmi1, bmi2, adx

Memory: 4k page, physical 16624328k(7287152k free), swap 19114696k(4206500k free)

vm_info: Java HotSpot(TM) 64-Bit Server VM (25.112-b15) for windows-amd64 JRE (1.8.0_112-b15), built on Sep 22 2016 21:31:56 by "java_re" with MS VC++ 10.0 (VS2010)

time: Sat Nov 05 00:22:37 2022
elapsed time: 2168 seconds (0d 0h 36m 8s)

