#
# A fatal error has been detected by the Java Runtime Environment:
#
#  EXCEPTION_ACCESS_VIOLATION (0xc0000005) at pc=0x00007fff63e94980, pid=18056, tid=0x00000000000026d0
#
# JRE version: Java(TM) SE Runtime Environment (8.0_112-b15) (build 1.8.0_112-b15)
# Java VM: Java HotSpot(TM) 64-Bit Server VM (25.112-b15 mixed mode windows-amd64 compressed oops)
# Problematic frame:
# C  [librdi_wavedata.dll+0x414980]
#
# Failed to write core dump. Minidumps are not enabled by default on client versions of Windows
#
# If you would like to submit a bug report, please visit:
#   http://bugreport.java.com/bugreport/crash.jsp
# The crash happened outside the Java Virtual Machine in native code.
# See problematic frame for where to report the bug.
#

---------------  T H R E A D  ---------------

Current thread (0x0000020cadf71000):  JavaThread "AWT-EventQueue-1" [_thread_in_native, id=9936, stack(0x0000006091300000,0x0000006091800000)]

siginfo: ExceptionCode=0xc0000005, ExceptionInformation=0x0000000000000008 0x00007fff63e94980

Registers:
RAX=0x00007fff63e3f0e0, RBX=0x0000000000000000, RCX=0x0000020cbd3004a0, RDX=0x0000000000000000
RSP=0x00000060917fc898, RBP=0x00000060917fc9f0, RSI=0x0000020cb8f34e00, RDI=0x00000060917fc9d8
R8 =0x00007fff63e9460c, R9 =0x0000000000000000, R10=0x0000000000000001, R11=0x00000060917fc870
R12=0x0000000000000000, R13=0x0000000000000000, R14=0x0000020cbd3004a0, R15=0x00000000039079c0
RIP=0x00007fff63e94980, EFLAGS=0x0000000000010246

Top of Stack: (sp=0x00000060917fc898)
0x00000060917fc898:   00007fff63c3758e 0000020cbce59d20
0x00000060917fc8a8:   0000020cbce59d20 0000020cb8f34e00
0x00000060917fc8b8:   0000020cb8f34e00 0000000700000000
0x00000060917fc8c8:   0000015b0000035f 0000000700000001
0x00000060917fc8d8:   0000000000000001 f120000000000000
0x00000060917fc8e8:   0000000000010000 fffffffffffffffe
0x00000060917fc8f8:   00000060917fc9d8 000000050000015b
0x00000060917fc908:   0000000702320ad8 0000000000000000
0x00000060917fc918:   000058d6d65400e7 0000000702320848
0x00000060917fc928:   000058d6d6540fa7 00000000039079c0
0x00000060917fc938:   0000020cbce59d20 0000000000000000
0x00000060917fc948:   0000020c8fc95dd0 00000060917fcc08
0x00000060917fc958:   00000060917fca70 00000060917fcc28
0x00000060917fc968:   00007fff63cb225f 0000000000000000
0x00000060917fc978:   0000000000000003 0000000000000000
0x00000060917fc988:   00000060917fca39 00000060917fc9f0 

Instructions: (pc=0x00007fff63e94980)
0x00007fff63e94960:   00 00 00 00 ff ff ff ff 00 00 00 00 40 00 00 00
0x00007fff63e94970:   08 49 41 00 00 00 00 00 00 00 00 00 00 00 00 00
0x00007fff63e94980:   01 00 00 00 00 00 00 00 00 00 00 00 90 67 53 00
0x00007fff63e94990:   a8 49 41 00 80 49 41 00 00 00 00 00 00 00 00 00 


Register to memory mapping:

RAX=0x00007fff63e3f0e0 is an unknown value
RBX=0x0000000000000000 is an unknown value
RCX=0x0000020cbd3004a0 is an unknown value
RDX=0x0000000000000000 is an unknown value
RSP=0x00000060917fc898 is pointing into the stack for thread: 0x0000020cadf71000
RBP=0x00000060917fc9f0 is pointing into the stack for thread: 0x0000020cadf71000
RSI=0x0000020cb8f34e00 is an unknown value
RDI=0x00000060917fc9d8 is pointing into the stack for thread: 0x0000020cadf71000
R8 =0x00007fff63e9460c is an unknown value
R9 =0x0000000000000000 is an unknown value
R10=0x0000000000000001 is an unknown value
R11=0x00000060917fc870 is pointing into the stack for thread: 0x0000020cadf71000
R12=0x0000000000000000 is an unknown value
R13=0x0000000000000000 is an unknown value
R14=0x0000020cbd3004a0 is an unknown value
R15=0x00000000039079c0 is an unknown value


Stack: [0x0000006091300000,0x0000006091800000],  sp=0x00000060917fc898,  free space=5106k
Native frames: (J=compiled Java code, j=interpreted, Vv=VM code, C=native code)
C  [librdi_wavedata.dll+0x414980]

Java frames: (J=compiled Java code, j=interpreted, Vv=VM code)
J 14026  ui.views.waveform.waveformi.WVExecutive_getTooltipTextDelayed(J)Ljava/lang/String; (0 bytes) @ 0x0000020c92f81b81 [0x0000020c92f81b40+0x41]
J 14021 C1 ui.views.waveform.b.a.bH(Ljava/awt/event/MouseEvent;)V (135 bytes) @ 0x0000020c946e7eec [0x0000020c946e7820+0x6cc]
J 14050 C1 ui.views.waveform.b.a.mouseMoved(Ljava/awt/event/MouseEvent;)V (32 bytes) @ 0x0000020c934f205c [0x0000020c934f1b00+0x55c]
J 14632 C2 java.awt.AWTEventMulticaster.mouseMoved(Ljava/awt/event/MouseEvent;)V (27 bytes) @ 0x0000020c933bfd14 [0x0000020c933bfc60+0xb4]
J 14632 C2 java.awt.AWTEventMulticaster.mouseMoved(Ljava/awt/event/MouseEvent;)V (27 bytes) @ 0x0000020c933bfcd4 [0x0000020c933bfc60+0x74]
J 15797 C2 javax.swing.JComponent.processMouseMotionEvent(Ljava/awt/event/MouseEvent;)V (46 bytes) @ 0x0000020c95a239e8 [0x0000020c95a23960+0x88]
J 13936 C1 ui.frmwork.c.i.processMouseMotionEvent(Ljava/awt/event/MouseEvent;)V (131 bytes) @ 0x0000020c952c2aa4 [0x0000020c952c1ba0+0xf04]
J 12721 C2 java.awt.Container.processEvent(Ljava/awt/AWTEvent;)V (22 bytes) @ 0x0000020c9523ee90 [0x0000020c9523ed00+0x190]
J 17074 C2 java.awt.Component.dispatchEventImpl(Ljava/awt/AWTEvent;)V (883 bytes) @ 0x0000020c95e0028c [0x0000020c95dff800+0xa8c]
J 16465 C2 java.awt.Container.dispatchEventImpl(Ljava/awt/AWTEvent;)V (129 bytes) @ 0x0000020c95cc9b38 [0x0000020c95cc9ae0+0x58]
J 12931 C2 java.awt.LightweightDispatcher.retargetMouseEvent(Ljava/awt/Component;ILjava/awt/event/MouseEvent;)V (350 bytes) @ 0x0000020c9531c28c [0x0000020c9531bea0+0x3ec]
J 15481 C2 java.awt.LightweightDispatcher.processMouseEvent(Ljava/awt/event/MouseEvent;)Z (286 bytes) @ 0x0000020c959c3194 [0x0000020c959c2c80+0x514]
J 16465 C2 java.awt.Container.dispatchEventImpl(Ljava/awt/AWTEvent;)V (129 bytes) @ 0x0000020c95cc9d5c [0x0000020c95cc9ae0+0x27c]
J 15356 C2 java.awt.Window.dispatchEventImpl(Ljava/awt/AWTEvent;)V (23 bytes) @ 0x0000020c94611b8c [0x0000020c94611b40+0x4c]
J 12616 C2 java.awt.EventQueue$3.run()Ljava/lang/Object; (5 bytes) @ 0x0000020c951a78bc [0x0000020c951a74e0+0x3dc]
v  ~StubRoutines::call_stub
J 2230  java.security.AccessController.doPrivileged(Ljava/security/PrivilegedAction;Ljava/security/AccessControlContext;)Ljava/lang/Object; (0 bytes) @ 0x0000020c934a24a6 [0x0000020c934a2440+0x66]
J 14621 C2 java.awt.EventQueue$4.run()Ljava/lang/Object; (5 bytes) @ 0x0000020c947ec4b4 [0x0000020c947ec320+0x194]
v  ~StubRoutines::call_stub
J 2230  java.security.AccessController.doPrivileged(Ljava/security/PrivilegedAction;Ljava/security/AccessControlContext;)Ljava/lang/Object; (0 bytes) @ 0x0000020c934a24a6 [0x0000020c934a2440+0x66]
J 12577 C2 ui.frmwork.b.d.dispatchEvent(Ljava/awt/AWTEvent;)V (45 bytes) @ 0x0000020c95169518 [0x0000020c95169260+0x2b8]
J 12586 C2 java.awt.EventDispatchThread.pumpOneEventForFilters(I)V (295 bytes) @ 0x0000020c9517fc78 [0x0000020c9517f9a0+0x2d8]
J 17826% C2 java.awt.EventDispatchThread.pumpEventsForFilter(ILjava/awt/Conditional;Ljava/awt/EventFilter;)V (47 bytes) @ 0x0000020c95776820 [0x0000020c95776720+0x100]
j  java.awt.EventDispatchThread.pumpEventsForHierarchy(ILjava/awt/Conditional;Ljava/awt/Component;)V+11
j  java.awt.EventDispatchThread.pumpEvents(ILjava/awt/Conditional;)V+4
j  java.awt.EventDispatchThread.pumpEvents(Ljava/awt/Conditional;)V+3
j  java.awt.EventDispatchThread.run()V+9
v  ~StubRoutines::call_stub

---------------  P R O C E S S  ---------------

Java Threads: ( => current thread )
  0x0000020cb2dd7800 JavaThread "Relaunch Simulation" [_thread_blocked, id=13248, stack(0x0000006094300000,0x0000006094800000)]
  0x0000020cb0cf6800 JavaThread "Thread-415" [_thread_in_native, id=11116, stack(0x0000006095300000,0x0000006095400000)]
  0x0000020cb0cfa800 JavaThread "Image Animator 0" daemon [_thread_blocked, id=5280, stack(0x0000006094e00000,0x0000006095300000)]
  0x0000020cb0cf8000 JavaThread "Thread-339" [_thread_in_native, id=21408, stack(0x0000006095300000,0x0000006095400000)]
  0x0000020cb0cff000 JavaThread "Thread-338" [_thread_in_native, id=21740, stack(0x0000006092400000,0x0000006092500000)]
  0x0000020cb0cfc000 JavaThread "Thread-172" [_thread_in_native, id=21092, stack(0x000000608ae00000,0x000000608af00000)]
  0x0000020cae7e5000 JavaThread "Thread-171" [_thread_in_native, id=9308, stack(0x000000608ad00000,0x000000608ae00000)]
  0x0000020cb0cfd800 JavaThread "Image Animator 0" daemon [_thread_blocked, id=22960, stack(0x0000006095800000,0x0000006095d00000)]
  0x0000020cb0cfb000 JavaThread "Monitor File Timestamp Swing Worker" [_thread_blocked, id=2824, stack(0x0000006093e00000,0x0000006094300000)]
  0x0000020cb0cfc800 JavaThread "Timer-0" [_thread_blocked, id=13968, stack(0x0000006090400000,0x0000006090900000)]
  0x0000020cb0cf3800 JavaThread "SyntheticaAnimation 50" daemon [_thread_blocked, id=6188, stack(0x0000006094900000,0x0000006094e00000)]
  0x0000020cb0cf4800 JavaThread "Thread-34" [_thread_in_native, id=22636, stack(0x000000608ae00000,0x000000608af00000)]
  0x0000020cb0cf5000 JavaThread "Thread-33" [_thread_in_native, id=17332, stack(0x000000608ad00000,0x000000608ae00000)]
  0x0000020cb0cf3000 JavaThread "hw_ila_monitor" [_thread_blocked, id=20796, stack(0x0000006093900000,0x0000006093e00000)]
  0x0000020cb0cf6000 JavaThread "Update Runs Swing Worker" [_thread_blocked, id=8468, stack(0x0000006093400000,0x0000006093900000)]
  0x0000020cae7e9000 JavaThread "Refresh Filesets Swing Worker" [_thread_blocked, id=7388, stack(0x0000006092f00000,0x0000006093400000)]
  0x0000020cae7e8000 JavaThread "SyntheticaAnimation 70" daemon [_thread_blocked, id=24132, stack(0x0000006091800000,0x0000006091d00000)]
  0x0000020cae7e6800 JavaThread "SyntheticaAnimation 25" daemon [_thread_blocked, id=13024, stack(0x0000006092a00000,0x0000006092f00000)]
  0x0000020cae7e3800 JavaThread "SyntheticaAnimation 50" daemon [_thread_blocked, id=23044, stack(0x0000006092500000,0x0000006092a00000)]
  0x0000020cae7e6000 JavaThread "SyntheticaCleanerThread" daemon [_thread_blocked, id=15336, stack(0x0000006091d00000,0x0000006092200000)]
  0x0000020cacd59000 JavaThread "Batik CleanerThread" daemon [_thread_blocked, id=14568, stack(0x0000006090900000,0x0000006090e00000)]
=>0x0000020cadf71000 JavaThread "AWT-EventQueue-1" [_thread_in_native, id=9936, stack(0x0000006091300000,0x0000006091800000)]
  0x0000020cadf1d000 JavaThread "Process Messages" [_thread_blocked, id=20704, stack(0x0000006090e00000,0x0000006091300000)]
  0x0000020cacc90800 JavaThread "Thread-3" [_thread_in_native, id=15132, stack(0x000000608af00000,0x000000608c300000)]
  0x0000020cacc1b800 JavaThread "AWT-Windows" daemon [_thread_in_native, id=13400, stack(0x000000608ff00000,0x0000006090400000)]
  0x0000020cacb9d800 JavaThread "AWT-Shutdown" [_thread_blocked, id=18068, stack(0x000000608fa00000,0x000000608ff00000)]
  0x0000020cacb9d000 JavaThread "Java2D Disposer" daemon [_thread_blocked, id=20344, stack(0x000000608f500000,0x000000608fa00000)]
  0x0000020cacb81800 JavaThread "TimerQueue" daemon [_thread_blocked, id=21676, stack(0x000000608f000000,0x000000608f500000)]
  0x0000020cac22e000 JavaThread "Service Thread" daemon [_thread_blocked, id=13460, stack(0x000000608ea00000,0x000000608ef00000)]
  0x0000020ca9ef9000 JavaThread "C1 CompilerThread3" daemon [_thread_blocked, id=24140, stack(0x000000608e900000,0x000000608ea00000)]
  0x0000020ca9ef8000 JavaThread "C2 CompilerThread2" daemon [_thread_blocked, id=23464, stack(0x000000608e800000,0x000000608e900000)]
  0x0000020cac220000 JavaThread "C2 CompilerThread1" daemon [_thread_blocked, id=19640, stack(0x000000608e700000,0x000000608e800000)]
  0x0000020cac21c000 JavaThread "C2 CompilerThread0" daemon [_thread_blocked, id=21700, stack(0x000000608e600000,0x000000608e700000)]
  0x0000020cac21b000 JavaThread "Attach Listener" daemon [_thread_blocked, id=11616, stack(0x000000608e100000,0x000000608e600000)]
  0x0000020cac219000 JavaThread "Signal Dispatcher" daemon [_thread_blocked, id=23004, stack(0x000000608dc00000,0x000000608e100000)]
  0x0000020ca9edd800 JavaThread "Finalizer" daemon [_thread_blocked, id=17516, stack(0x000000608d700000,0x000000608dc00000)]
  0x0000020ca9ebc800 JavaThread "Reference Handler" daemon [_thread_blocked, id=18800, stack(0x000000608d200000,0x000000608d700000)]
  0x0000020c92c64800 JavaThread "main" [_thread_blocked, id=24024, stack(0x000000608c600000,0x000000608c700000)]

Other Threads:
  0x0000020ca9eb2800 VMThread [stack: 0x000000608d100000,0x000000608d200000] [id=22624]
  0x0000020ca9efb800 WatcherThread [stack: 0x000000608ef00000,0x000000608f000000] [id=22972]

VM state:not at safepoint (normal execution)

VM Mutex/Monitor currently owned by a thread: None

Heap:
 PSYoungGen      total 56832K, used 4265K [0x00000007bc400000, 0x00000007c0000000, 0x00000007c0000000)
  eden space 52224K, 3% used [0x00000007bc400000,0x00000007bc608370,0x00000007bf700000)
  from space 4608K, 47% used [0x00000007bfb80000,0x00000007bfda23a0,0x00000007c0000000)
  to   space 4608K, 0% used [0x00000007bf700000,0x00000007bf700000,0x00000007bfb80000)
 ParOldGen       total 173568K, used 51592K [0x0000000700000000, 0x000000070a980000, 0x00000007bc400000)
  object space 173568K, 29% used [0x0000000700000000,0x00000007032621a0,0x000000070a980000)
 Metaspace       used 69365K, capacity 70031K, committed 70656K, reserved 1110016K
  class space    used 9535K, capacity 9696K, committed 9728K, reserved 1048576K

Card table byte_map: [0x0000020ca2120000,0x0000020ca2730000] byte_map_base: 0x0000020c9e920000

Marking Bits: (ParMarkBitMap*) 0x000000007232a6d0
 Begin Bits: [0x0000020ca2d20000, 0x0000020ca5d20000)
 End Bits:   [0x0000020ca5d20000, 0x0000020ca8d20000)

Polling page: 0x0000020c87fb0000

CodeCache: size=245760Kb used=52201Kb max_used=52759Kb free=193558Kb
 bounds [0x0000020c92d60000, 0x0000020c96140000, 0x0000020ca1d60000]
 total_blobs=14588 nmethods=13677 adapters=815
 compilation: enabled

Compilation events (10 events):
Event: 1311.210 Thread 0x0000020ca9ef9000 18135       3       sun.awt.image.GifImageDecoder::readImage (690 bytes)
Event: 1311.212 Thread 0x0000020ca9ef9000 nmethod 18135 0x0000020c94cfc350 code [0x0000020c94cfc840, 0x0000020c94d006c0]
Event: 1311.376 Thread 0x0000020cac21c000 18136       4       com.jidesoft.docking.FrameContainer::isTabClosableAt (92 bytes)
Event: 1311.378 Thread 0x0000020cac21c000 nmethod 18136 0x0000020c95e0b250 code [0x0000020c95e0b3c0, 0x0000020c95e0b658]
Event: 1311.470 Thread 0x0000020cac220000 18137       4       ui.utils.o.b.B::setEnabled (23 bytes)
Event: 1311.478 Thread 0x0000020cac220000 nmethod 18137 0x0000020c94235910 code [0x0000020c94235b20, 0x0000020c94236110]
Event: 1311.878 Thread 0x0000020ca9ef8000 18139       4       java.awt.Container::updateGraphicsData (59 bytes)
Event: 1311.882 Thread 0x0000020ca9ef8000 nmethod 18139 0x0000020c95bf92d0 code [0x0000020c95bf9440, 0x0000020c95bf97b8]
Event: 1311.910 Thread 0x0000020ca9ef9000 18140       3       ui.views.S.ay::paintComponent (63 bytes)
Event: 1311.910 Thread 0x0000020ca9ef9000 nmethod 18140 0x0000020c95bfa650 code [0x0000020c95bfa840, 0x0000020c95bfb230]

GC Heap History (10 events):
Event: 1245.234 GC heap before
{Heap before GC invocations=430 (full 170):
 PSYoungGen      total 55296K, used 50568K [0x00000007bc400000, 0x00000007c0000000, 0x00000007c0000000)
  eden space 49152K, 100% used [0x00000007bc400000,0x00000007bf400000,0x00000007bf400000)
  from space 6144K, 23% used [0x00000007bf400000,0x00000007bf5623a0,0x00000007bfa00000)
  to   space 5632K, 0% used [0x00000007bfa80000,0x00000007bfa80000,0x00000007c0000000)
 ParOldGen       total 173568K, used 51576K [0x0000000700000000, 0x000000070a980000, 0x00000007bc400000)
  object space 173568K, 29% used [0x0000000700000000,0x000000070325e1a0,0x000000070a980000)
 Metaspace       used 69231K, capacity 69865K, committed 70656K, reserved 1110016K
  class space    used 9531K, capacity 9663K, committed 9728K, reserved 1048576K
Event: 1245.238 GC heap after
Heap after GC invocations=430 (full 170):
 PSYoungGen      total 56320K, used 1768K [0x00000007bc400000, 0x00000007c0000000, 0x00000007c0000000)
  eden space 50688K, 0% used [0x00000007bc400000,0x00000007bc400000,0x00000007bf580000)
  from space 5632K, 31% used [0x00000007bfa80000,0x00000007bfc3a3a0,0x00000007c0000000)
  to   space 5120K, 0% used [0x00000007bf580000,0x00000007bf580000,0x00000007bfa80000)
 ParOldGen       total 173568K, used 51576K [0x0000000700000000, 0x000000070a980000, 0x00000007bc400000)
  object space 173568K, 29% used [0x0000000700000000,0x000000070325e1a0,0x000000070a980000)
 Metaspace       used 69231K, capacity 69865K, committed 70656K, reserved 1110016K
  class space    used 9531K, capacity 9663K, committed 9728K, reserved 1048576K
}
Event: 1263.982 GC heap before
{Heap before GC invocations=431 (full 170):
 PSYoungGen      total 56320K, used 52456K [0x00000007bc400000, 0x00000007c0000000, 0x00000007c0000000)
  eden space 50688K, 100% used [0x00000007bc400000,0x00000007bf580000,0x00000007bf580000)
  from space 5632K, 31% used [0x00000007bfa80000,0x00000007bfc3a3a0,0x00000007c0000000)
  to   space 5120K, 0% used [0x00000007bf580000,0x00000007bf580000,0x00000007bfa80000)
 ParOldGen       total 173568K, used 51576K [0x0000000700000000, 0x000000070a980000, 0x00000007bc400000)
  object space 173568K, 29% used [0x0000000700000000,0x000000070325e1a0,0x000000070a980000)
 Metaspace       used 69293K, capacity 69961K, committed 70656K, reserved 1110016K
  class space    used 9534K, capacity 9695K, committed 9728K, reserved 1048576K
Event: 1263.986 GC heap after
Heap after GC invocations=431 (full 170):
 PSYoungGen      total 55808K, used 1896K [0x00000007bc400000, 0x00000007c0000000, 0x00000007c0000000)
  eden space 50688K, 0% used [0x00000007bc400000,0x00000007bc400000,0x00000007bf580000)
  from space 5120K, 37% used [0x00000007bf580000,0x00000007bf75a3a0,0x00000007bfa80000)
  to   space 5120K, 0% used [0x00000007bfb00000,0x00000007bfb00000,0x00000007c0000000)
 ParOldGen       total 173568K, used 51584K [0x0000000700000000, 0x000000070a980000, 0x00000007bc400000)
  object space 173568K, 29% used [0x0000000700000000,0x00000007032601a0,0x000000070a980000)
 Metaspace       used 69293K, capacity 69961K, committed 70656K, reserved 1110016K
  class space    used 9534K, capacity 9695K, committed 9728K, reserved 1048576K
}
Event: 1291.963 GC heap before
{Heap before GC invocations=432 (full 170):
 PSYoungGen      total 55808K, used 52584K [0x00000007bc400000, 0x00000007c0000000, 0x00000007c0000000)
  eden space 50688K, 100% used [0x00000007bc400000,0x00000007bf580000,0x00000007bf580000)
  from space 5120K, 37% used [0x00000007bf580000,0x00000007bf75a3a0,0x00000007bfa80000)
  to   space 5120K, 0% used [0x00000007bfb00000,0x00000007bfb00000,0x00000007c0000000)
 ParOldGen       total 173568K, used 51584K [0x0000000700000000, 0x000000070a980000, 0x00000007bc400000)
  object space 173568K, 29% used [0x0000000700000000,0x00000007032601a0,0x000000070a980000)
 Metaspace       used 69319K, capacity 70031K, committed 70656K, reserved 1110016K
  class space    used 9535K, capacity 9696K, committed 9728K, reserved 1048576K
Event: 1291.967 GC heap after
Heap after GC invocations=432 (full 170):
 PSYoungGen      total 56832K, used 2056K [0x00000007bc400000, 0x00000007c0000000, 0x00000007c0000000)
  eden space 51712K, 0% used [0x00000007bc400000,0x00000007bc400000,0x00000007bf680000)
  from space 5120K, 40% used [0x00000007bfb00000,0x00000007bfd023a0,0x00000007c0000000)
  to   space 4608K, 0% used [0x00000007bf680000,0x00000007bf680000,0x00000007bfb00000)
 ParOldGen       total 173568K, used 51584K [0x0000000700000000, 0x000000070a980000, 0x00000007bc400000)
  object space 173568K, 29% used [0x0000000700000000,0x00000007032601a0,0x000000070a980000)
 Metaspace       used 69319K, capacity 70031K, committed 70656K, reserved 1110016K
  class space    used 9535K, capacity 9696K, committed 9728K, reserved 1048576K
}
Event: 1308.703 GC heap before
{Heap before GC invocations=433 (full 170):
 PSYoungGen      total 56832K, used 53768K [0x00000007bc400000, 0x00000007c0000000, 0x00000007c0000000)
  eden space 51712K, 100% used [0x00000007bc400000,0x00000007bf680000,0x00000007bf680000)
  from space 5120K, 40% used [0x00000007bfb00000,0x00000007bfd023a0,0x00000007c0000000)
  to   space 4608K, 0% used [0x00000007bf680000,0x00000007bf680000,0x00000007bfb00000)
 ParOldGen       total 173568K, used 51584K [0x0000000700000000, 0x000000070a980000, 0x00000007bc400000)
  object space 173568K, 29% used [0x0000000700000000,0x00000007032601a0,0x000000070a980000)
 Metaspace       used 69346K, capacity 70031K, committed 70656K, reserved 1110016K
  class space    used 9535K, capacity 9696K, committed 9728K, reserved 1048576K
Event: 1308.711 GC heap after
Heap after GC invocations=433 (full 170):
 PSYoungGen      total 56320K, used 2088K [0x00000007bc400000, 0x00000007c0000000, 0x00000007c0000000)
  eden space 51712K, 0% used [0x00000007bc400000,0x00000007bc400000,0x00000007bf680000)
  from space 4608K, 45% used [0x00000007bf680000,0x00000007bf88a3a0,0x00000007bfb00000)
  to   space 4608K, 0% used [0x00000007bfb80000,0x00000007bfb80000,0x00000007c0000000)
 ParOldGen       total 173568K, used 51592K [0x0000000700000000, 0x000000070a980000, 0x00000007bc400000)
  object space 173568K, 29% used [0x0000000700000000,0x00000007032621a0,0x000000070a980000)
 Metaspace       used 69346K, capacity 70031K, committed 70656K, reserved 1110016K
  class space    used 9535K, capacity 9696K, committed 9728K, reserved 1048576K
}
Event: 1311.913 GC heap before
{Heap before GC invocations=434 (full 170):
 PSYoungGen      total 56320K, used 53800K [0x00000007bc400000, 0x00000007c0000000, 0x00000007c0000000)
  eden space 51712K, 100% used [0x00000007bc400000,0x00000007bf680000,0x00000007bf680000)
  from space 4608K, 45% used [0x00000007bf680000,0x00000007bf88a3a0,0x00000007bfb00000)
  to   space 4608K, 0% used [0x00000007bfb80000,0x00000007bfb80000,0x00000007c0000000)
 ParOldGen       total 173568K, used 51592K [0x0000000700000000, 0x000000070a980000, 0x00000007bc400000)
  object space 173568K, 29% used [0x0000000700000000,0x00000007032621a0,0x000000070a980000)
 Metaspace       used 69365K, capacity 70031K, committed 70656K, reserved 1110016K
  class space    used 9535K, capacity 9696K, committed 9728K, reserved 1048576K
Event: 1311.917 GC heap after
Heap after GC invocations=434 (full 170):
 PSYoungGen      total 56832K, used 2184K [0x00000007bc400000, 0x00000007c0000000, 0x00000007c0000000)
  eden space 52224K, 0% used [0x00000007bc400000,0x00000007bc400000,0x00000007bf700000)
  from space 4608K, 47% used [0x00000007bfb80000,0x00000007bfda23a0,0x00000007c0000000)
  to   space 4608K, 0% used [0x00000007bf700000,0x00000007bf700000,0x00000007bfb80000)
 ParOldGen       total 173568K, used 51592K [0x0000000700000000, 0x000000070a980000, 0x00000007bc400000)
  object space 173568K, 29% used [0x0000000700000000,0x00000007032621a0,0x000000070a980000)
 Metaspace       used 69365K, capacity 70031K, committed 70656K, reserved 1110016K
  class space    used 9535K, capacity 9696K, committed 9728K, reserved 1048576K
}

Deoptimization events (10 events):
Event: 1251.261 Thread 0x0000020cadf71000 Uncommon trap: reason=unstable_if action=reinterpret pc=0x0000020c951dce08 method=com.jidesoft.editor.CodeEditor.a(III)I @ 500
Event: 1254.011 Thread 0x0000020cadf71000 Uncommon trap: reason=bimorphic action=maybe_recompile pc=0x0000020c93ab95d0 method=java.util.TreeMap.getEntryUsingComparator(Ljava/lang/Object;)Ljava/util/TreeMap$Entry; @ 29
Event: 1254.011 Thread 0x0000020cadf71000 Uncommon trap: reason=bimorphic action=maybe_recompile pc=0x0000020c93ab95d0 method=java.util.TreeMap.getEntryUsingComparator(Ljava/lang/Object;)Ljava/util/TreeMap$Entry; @ 29
Event: 1254.013 Thread 0x0000020cadf71000 Uncommon trap: reason=bimorphic action=maybe_recompile pc=0x0000020c93ab95d0 method=java.util.TreeMap.getEntryUsingComparator(Ljava/lang/Object;)Ljava/util/TreeMap$Entry; @ 29
Event: 1254.013 Thread 0x0000020cadf71000 Uncommon trap: reason=bimorphic action=maybe_recompile pc=0x0000020c93ab95d0 method=java.util.TreeMap.getEntryUsingComparator(Ljava/lang/Object;)Ljava/util/TreeMap$Entry; @ 29
Event: 1259.378 Thread 0x0000020cadf71000 Uncommon trap: reason=unstable_if action=reinterpret pc=0x0000020c94967540 method=javax.swing.text.GapVector.close(II)V @ 27
Event: 1308.619 Thread 0x0000020cb0cfa800 Uncommon trap: reason=unstable_if action=reinterpret pc=0x0000020c941e9658 method=sun.awt.image.GifImageDecoder.readImage(ZII)Z @ 291
Event: 1308.619 Thread 0x0000020cb0cfa800 Uncommon trap: reason=unstable_if action=reinterpret pc=0x0000020c953d2278 method=java.awt.Component.imageUpdate(Ljava/awt/Image;IIIII)Z @ 7
Event: 1310.987 Thread 0x0000020cadf71000 Uncommon trap: reason=bimorphic action=maybe_recompile pc=0x0000020c93fa4af4 method=java.awt.Component.updateGraphicsData(Ljava/awt/GraphicsConfiguration;)Z @ 30
Event: 1311.002 Thread 0x0000020cadf71000 Uncommon trap: reason=class_check action=maybe_recompile pc=0x0000020c951f66ec method=javax.swing.AbstractButton.setEnabled(Z)V @ 21

Internal exceptions (10 events):
Event: 1287.789 Thread 0x0000020cadf71000 Exception <a 'java/io/FileNotFoundException'> (0x00000007bec6e780) thrown at [C:\re\workspace\8-2-build-windows-amd64-cygwin\jdk8u112\7884\hotspot\src\share\vm\prims\jni.cpp, line 709]
Event: 1292.787 Thread 0x0000020cadf71000 Exception <a 'java/io/FileNotFoundException'> (0x00000007bc6a04a8) thrown at [C:\re\workspace\8-2-build-windows-amd64-cygwin\jdk8u112\7884\hotspot\src\share\vm\prims\jni.cpp, line 709]
Event: 1292.787 Thread 0x0000020cadf71000 Exception <a 'java/io/FileNotFoundException'> (0x00000007bc6a0d70) thrown at [C:\re\workspace\8-2-build-windows-amd64-cygwin\jdk8u112\7884\hotspot\src\share\vm\prims\jni.cpp, line 709]
Event: 1297.789 Thread 0x0000020cadf71000 Exception <a 'java/io/FileNotFoundException'> (0x00000007bd0b1ba0) thrown at [C:\re\workspace\8-2-build-windows-amd64-cygwin\jdk8u112\7884\hotspot\src\share\vm\prims\jni.cpp, line 709]
Event: 1297.789 Thread 0x0000020cadf71000 Exception <a 'java/io/FileNotFoundException'> (0x00000007bd0b2468) thrown at [C:\re\workspace\8-2-build-windows-amd64-cygwin\jdk8u112\7884\hotspot\src\share\vm\prims\jni.cpp, line 709]
Event: 1302.789 Thread 0x0000020cadf71000 Exception <a 'java/io/FileNotFoundException'> (0x00000007be073b68) thrown at [C:\re\workspace\8-2-build-windows-amd64-cygwin\jdk8u112\7884\hotspot\src\share\vm\prims\jni.cpp, line 709]
Event: 1302.789 Thread 0x0000020cadf71000 Exception <a 'java/io/FileNotFoundException'> (0x00000007be074430) thrown at [C:\re\workspace\8-2-build-windows-amd64-cygwin\jdk8u112\7884\hotspot\src\share\vm\prims\jni.cpp, line 709]
Event: 1307.789 Thread 0x0000020cadf71000 Exception <a 'java/io/FileNotFoundException'> (0x00000007bf0d8f90) thrown at [C:\re\workspace\8-2-build-windows-amd64-cygwin\jdk8u112\7884\hotspot\src\share\vm\prims\jni.cpp, line 709]
Event: 1307.789 Thread 0x0000020cadf71000 Exception <a 'java/io/FileNotFoundException'> (0x00000007bf0d9858) thrown at [C:\re\workspace\8-2-build-windows-amd64-cygwin\jdk8u112\7884\hotspot\src\share\vm\prims\jni.cpp, line 709]
Event: 1308.619 Thread 0x0000020cb0cfa800 Implicit null exception at 0x0000020c941e843d to 0x0000020c941e9619

Events (10 events):
Event: 1310.987 Thread 0x0000020cadf71000 DEOPT UNPACKING pc=0x0000020c92da5832 sp=0x00000060917fc320 mode 2
Event: 1311.002 Thread 0x0000020cadf71000 Uncommon trap: trap_request=0xffffffde fr.pc=0x0000020c951f66ec
Event: 1311.002 Thread 0x0000020cadf71000 DEOPT PACKING pc=0x0000020c951f66ec sp=0x00000060917fa020
Event: 1311.002 Thread 0x0000020cadf71000 DEOPT UNPACKING pc=0x0000020c92da5832 sp=0x00000060917f9f90 mode 2
Event: 1311.212 Thread 0x0000020ca9ef9000 flushing nmethod 0x0000020c951db110
Event: 1311.212 Thread 0x0000020ca9ef9000 flushing nmethod 0x0000020c952e3690
Event: 1311.378 Thread 0x0000020cac21c000 flushing nmethod 0x0000020c95828a50
Event: 1311.478 Thread 0x0000020cac220000 flushing nmethod 0x0000020c95af9690
Event: 1311.913 Executing VM operation: ParallelGCFailedAllocation
Event: 1311.917 Executing VM operation: ParallelGCFailedAllocation done


Dynamic libraries:
0x00007ff6b9610000 - 0x00007ff6b9640000 	E:\vivado\Vivado\2018.2\bin\unwrapped\win64.o\vivado.exe
0x00007ff824060000 - 0x00007ff824269000 	C:\WINDOWS\SYSTEM32\ntdll.dll
0x00007ff822e70000 - 0x00007ff822f2d000 	C:\WINDOWS\System32\KERNEL32.DLL
0x00007ff821950000 - 0x00007ff821ccb000 	C:\WINDOWS\System32\KERNELBASE.dll
0x00007ff8216c0000 - 0x00007ff8217d1000 	C:\WINDOWS\System32\ucrtbase.dll
0x00007ff80d140000 - 0x00007ff80d154000 	E:\vivado\Vivado\2018.2\lib\win64.o\libboost_signals.dll
0x00007ff80bdd0000 - 0x00007ff80be5e000 	C:\WINDOWS\SYSTEM32\MSVCP140.dll
0x00007fffaaaa0000 - 0x00007fffab8b9000 	E:\vivado\Vivado\2018.2\lib\win64.o\librdi_common.dll
0x00007ff807bf0000 - 0x00007ff807c04000 	E:\vivado\Vivado\2018.2\lib\win64.o\librdi_commonmain.dll
0x00007ff80bdb0000 - 0x00007ff80bdcb000 	C:\WINDOWS\SYSTEM32\VCRUNTIME140.dll
0x00007ff822400000 - 0x00007ff8225ad000 	C:\WINDOWS\System32\USER32.dll
0x00007ff821cd0000 - 0x00007ff821cf6000 	C:\WINDOWS\System32\win32u.dll
0x00007fffdf5b0000 - 0x00007fffdf865000 	E:\vivado\Vivado\2018.2\lib\win64.o\libXil_lmgr11.dll
0x00007ff80be60000 - 0x00007ff80be6c000 	C:\WINDOWS\SYSTEM32\VCRUNTIME140_1.dll
0x00007fffdec10000 - 0x00007fffdef7e000 	E:\vivado\Vivado\2018.2\lib\win64.o\libCOIN-all.dll
0x00007ff821f50000 - 0x00007ff82203c000 	C:\WINDOWS\System32\COMDLG32.dll
0x00007ff822250000 - 0x00007ff822279000 	C:\WINDOWS\System32\GDI32.dll
0x00007ff821d00000 - 0x00007ff821e18000 	C:\WINDOWS\System32\gdi32full.dll
0x00007ff822990000 - 0x00007ff822d07000 	C:\WINDOWS\System32\combase.dll
0x00007ff807ba0000 - 0x00007ff807bb4000 	E:\vivado\Vivado\2018.2\lib\win64.o\libboost_date_time.dll
0x00007ff821530000 - 0x00007ff8215cd000 	C:\WINDOWS\System32\msvcp_win.dll
0x00007ff822790000 - 0x00007ff8228b0000 	C:\WINDOWS\System32\RPCRT4.dll
0x00007ff8220b0000 - 0x00007ff82215e000 	C:\WINDOWS\System32\ADVAPI32.dll
0x00007ff822f90000 - 0x00007ff82307a000 	C:\WINDOWS\System32\shcore.dll
0x00007ff807260000 - 0x00007ff807286000 	E:\vivado\Vivado\2018.2\lib\win64.o\libboost_filesystem.dll
0x00007ff822170000 - 0x00007ff822213000 	C:\WINDOWS\System32\msvcrt.dll
0x00007ff8041a0000 - 0x00007ff80421f000 	E:\vivado\Vivado\2018.2\lib\win64.o\libboost_program_options.dll
0x00007ff823f20000 - 0x00007ff823f7d000 	C:\WINDOWS\System32\SHLWAPI.dll
0x00007ff823f80000 - 0x00007ff82401e000 	C:\WINDOWS\System32\sechost.dll
0x00007ff823090000 - 0x00007ff823848000 	C:\WINDOWS\System32\SHELL32.dll
0x00007ffff1330000 - 0x00007ffff1444000 	E:\vivado\Vivado\2018.2\lib\win64.o\libboost_regex.dll
0x00007ff81cd60000 - 0x00007ff81cd6b000 	E:\vivado\Vivado\2018.2\lib\win64.o\libboost_system.dll
0x00007ff8228b0000 - 0x00007ff822986000 	C:\WINDOWS\System32\OLEAUT32.dll
0x00007ff823910000 - 0x00007ff823aaa000 	C:\WINDOWS\System32\ole32.dll
0x00007ff804290000 - 0x00007ff8042b1000 	E:\vivado\Vivado\2018.2\lib\win64.o\libboost_thread.dll
0x00007ff821ee0000 - 0x00007ff821f4f000 	C:\WINDOWS\System32\WS2_32.dll
0x00007ff81cd40000 - 0x00007ff81cd4f000 	E:\vivado\Vivado\2018.2\lib\win64.o\libboost_xilinx.dll
0x00007ff8016d0000 - 0x00007ff801752000 	E:\vivado\Vivado\2018.2\lib\win64.o\libhdlpsolve.dll
0x00007ff8215d0000 - 0x00007ff821638000 	C:\WINDOWS\System32\WINTRUST.dll
0x00007ff81d350000 - 0x00007ff81d35a000 	E:\vivado\Vivado\2018.2\lib\win64.o\librdi_commonversion.dll
0x00007ff8217e0000 - 0x00007ff821942000 	C:\WINDOWS\System32\CRYPT32.dll
0x00007fffe3080000 - 0x00007fffe31a1000 	E:\vivado\Vivado\2018.2\lib\win64.o\librdi_commonxillic.dll
0x00007ff8015c0000 - 0x00007ff801665000 	E:\vivado\Vivado\2018.2\lib\win64.o\libhdxml.dll
0x0000000072550000 - 0x000000007267b000 	E:\vivado\Vivado\2018.2\lib\win64.o\tcl85t.dll
0x00007fffaa1e0000 - 0x00007fffaaa93c00 	E:\vivado\Vivado\2018.2\lib\win64.o\libisl_iostreams.dll
0x0000000071b10000 - 0x00000000723aa000 	E:\vivado\Vivado\2018.2\tps\win64\jre\bin\server\jvm.dll
0x00007ff804260000 - 0x00007ff80428e000 	E:\vivado\Vivado\2018.2\lib\win64.o\libisl_sysinfo.dll
0x00007ff804130000 - 0x00007ff804195000 	E:\vivado\Vivado\2018.2\lib\win64.o\liblmx6.0.dll
0x00007ff8015a0000 - 0x00007ff8015ba000 	E:\vivado\Vivado\2018.2\lib\win64.o\pthreadVC2.dll
0x00007fffdcc50000 - 0x00007fffdcda1000 	E:\vivado\Vivado\2018.2\lib\win64.o\librdi_curl.dll
0x00007fffff4e0000 - 0x00007fffff4fc000 	E:\vivado\Vivado\2018.2\lib\win64.o\librdiconfig.dll
0x00007fffff4b0000 - 0x00007fffff4d1000 	E:\vivado\Vivado\2018.2\lib\win64.o\librdizlib.dll
0x00007ff822160000 - 0x00007ff822168000 	C:\WINDOWS\System32\PSAPI.DLL
0x0000000012000000 - 0x0000000012272000 	E:\vivado\Vivado\2018.2\lib\win64.o\xerces-c_3_1.dll
0x00007ff80c420000 - 0x00007ff80c439000 	C:\WINDOWS\SYSTEM32\NETAPI32.dll
0x00007ff80dbd0000 - 0x00007ff80e0ca000 	C:\WINDOWS\SYSTEM32\WININET.dll
0x00007ff819f80000 - 0x00007ff81a16f000 	C:\WINDOWS\SYSTEM32\urlmon.dll
0x00007ff819c60000 - 0x00007ff819d6c000 	C:\WINDOWS\SYSTEM32\WINHTTP.dll
0x00007ff801150000 - 0x00007ff801202000 	C:\WINDOWS\WinSxS\amd64_microsoft.windows.common-controls_6595b64144ccf1df_5.82.22000.1_none_271a8fad6a2d1b1e\COMCTL32.dll
0x00007ff81db20000 - 0x00007ff81db29000 	C:\WINDOWS\SYSTEM32\WSOCK32.dll
0x00007fffa9340000 - 0x00007fffaa1d1000 	E:\vivado\Vivado\2018.2\lib\win64.o\gurobi65.dll
0x00007ffffe290000 - 0x00007ffffe2c1000 	C:\WINDOWS\SYSTEM32\VCOMP140.DLL
0x00007ff81bd10000 - 0x00007ff81bd1d000 	E:\vivado\Vivado\2018.2\lib\win64.o\libboost_chrono.dll
0x00007ff81a560000 - 0x00007ff81a57e000 	C:\WINDOWS\SYSTEM32\dhcpcsvc.DLL
0x00007fffff490000 - 0x00007fffff4ab000 	E:\vivado\Vivado\2018.2\lib\win64.o\libboost_iostreams.dll
0x00007ffffe230000 - 0x00007ffffe255000 	E:\vivado\Vivado\2018.2\lib\win64.o\libisl_iosutils.dll
0x00007ff81a920000 - 0x00007ff81a953000 	C:\WINDOWS\SYSTEM32\WINMM.dll
0x00007ff81a250000 - 0x00007ff81a25a000 	C:\WINDOWS\SYSTEM32\VERSION.dll
0x0000000072860000 - 0x0000000072932000 	C:\WINDOWS\SYSTEM32\MSVCR100.dll
0x00007ff819970000 - 0x00007ff819c23000 	C:\WINDOWS\SYSTEM32\iertutil.dll
0x00007ff819c30000 - 0x00007ff819c58000 	C:\WINDOWS\SYSTEM32\srvcli.dll
0x00007ff8202a0000 - 0x00007ff8202ac000 	C:\WINDOWS\SYSTEM32\netutils.dll
0x00007ff822d10000 - 0x00007ff822d41000 	C:\WINDOWS\System32\IMM32.DLL
0x00007ff820de0000 - 0x00007ff820df2000 	C:\WINDOWS\SYSTEM32\MSASN1.dll
0x00007ff820660000 - 0x00007ff820678000 	C:\WINDOWS\SYSTEM32\kernel.appcore.dll
0x00007fffa8eb0000 - 0x00007fffa933c000 	E:\vivado\Vivado\2018.2\lib\win64.o\librdi_commontasks.dll
0x00007ffff15a0000 - 0x00007ffff1817000 	E:\vivado\Vivado\2018.2\lib\win64.o\librdi_sio.dll
0x00007ff820110000 - 0x00007ff82013d000 	C:\WINDOWS\SYSTEM32\IPHLPAPI.DLL
0x00007ff81f5f0000 - 0x00007ff81fe55000 	C:\WINDOWS\SYSTEM32\windows.storage.dll
0x00007ff81f470000 - 0x00007ff81f5d6000 	C:\WINDOWS\SYSTEM32\wintypes.dll
0x00007fffa6cb0000 - 0x00007fffa8eaf000 	E:\vivado\Vivado\2018.2\lib\win64.o\librdi_tcltasks.dll
0x00007fffadc30000 - 0x00007fffae005000 	E:\vivado\Vivado\2018.2\lib\win64.o\librdi_bitstream.dll
0x00007fffc7ca0000 - 0x00007fffc7e1e000 	E:\vivado\Vivado\2018.2\lib\win64.o\librdi_board.dll
0x00007ffffb750000 - 0x00007ffffb7ba000 	E:\vivado\Vivado\2018.2\lib\win64.o\librdi_boarddep.dll
0x00007fffc5b20000 - 0x00007fffc5d67000 	E:\vivado\Vivado\2018.2\lib\win64.o\librdi_chipscope.dll
0x00007fff90260000 - 0x00007fff91ab9000 	E:\vivado\Vivado\2018.2\lib\win64.o\librdi_constraints.dll
0x00007ffff1470000 - 0x00007ffff1598000 	E:\vivado\Vivado\2018.2\lib\win64.o\librdi_containers.dll
0x00007fff803a0000 - 0x00007fff820b1000 	E:\vivado\Vivado\2018.2\lib\win64.o\librdi_coregen.dll
0x00007fffa6270000 - 0x00007fffa6949000 	E:\vivado\Vivado\2018.2\lib\win64.o\librdi_coregenipxact.dll
0x00007fff7c630000 - 0x00007fff80392000 	E:\vivado\Vivado\2018.2\lib\win64.o\librdi_designutils.dll
0x00007fff6de30000 - 0x00007fff7c628000 	E:\vivado\Vivado\2018.2\lib\win64.o\librdi_device.dll
0x00007fffa5920000 - 0x00007fffa5c38000 	E:\vivado\Vivado\2018.2\lib\win64.o\librdi_dlyest.dll
0x00007fffa2510000 - 0x00007fffa2a51000 	E:\vivado\Vivado\2018.2\lib\win64.o\librdi_drc.dll
0x00007fffe0ae0000 - 0x00007fffe0ba2000 	E:\vivado\Vivado\2018.2\lib\win64.o\librdi_dsp.dll
0x00007fff8fc20000 - 0x00007fff90251000 	E:\vivado\Vivado\2018.2\lib\win64.o\librdi_filemgmt.dll
0x00007fffa5cc0000 - 0x00007fffa5f91000 	E:\vivado\Vivado\2018.2\lib\win64.o\librdi_guitools.dll
0x00007ffff7930000 - 0x00007ffff7988000 	E:\vivado\Vivado\2018.2\lib\win64.o\librdi_hdf.dll
0x00007fff6cbf0000 - 0x00007fff6de24000 	E:\vivado\Vivado\2018.2\lib\win64.o\librdi_implflow.dll
0x00007fff8f5c0000 - 0x00007fff8fc11000 	E:\vivado\Vivado\2018.2\lib\win64.o\librdi_memdata.dll
0x00007ff8043c0000 - 0x00007ff804409000 	E:\vivado\Vivado\2018.2\lib\win64.o\librdi_pfi.dll
0x00007fff693e0000 - 0x00007fff6cbea000 	E:\vivado\Vivado\2018.2\lib\win64.o\librdi_mig.dll
0x00007fffa2060000 - 0x00007fffa2502000 	E:\vivado\Vivado\2018.2\lib\win64.o\librdi_netlist.dll
0x00007fff67040000 - 0x00007fff693de000 	E:\vivado\Vivado\2018.2\lib\win64.o\librdi_place.dll
0x00007fffa5fe0000 - 0x00007fffa626a000 	E:\vivado\Vivado\2018.2\lib\win64.o\librdi_platform.dll
0x00007fff66950000 - 0x00007fff6703c000 	E:\vivado\Vivado\2018.2\lib\win64.o\librdi_power.dll
0x00007fff8f080000 - 0x00007fff8f5bd000 	E:\vivado\Vivado\2018.2\lib\win64.o\librdi_project.dll
0x00007fff66260000 - 0x00007fff66941000 	E:\vivado\Vivado\2018.2\lib\win64.o\librdi_psta.dll
0x00007fff65c20000 - 0x00007fff6625e000 	E:\vivado\Vivado\2018.2\lib\win64.o\librdi_rsb.dll
0x00007fffa56f0000 - 0x00007fffa5916000 	E:\vivado\Vivado\2018.2\lib\win64.o\librdi_simdata.dll
0x00007fffdf4d0000 - 0x00007fffdf5a7000 	E:\vivado\Vivado\2018.2\lib\win64.o\librdi_runsbase.dll
0x00007fff65850000 - 0x00007fff65c13000 	E:\vivado\Vivado\2018.2\lib\win64.o\librdi_runs.dll
0x00007fffdd110000 - 0x00007fffdd1db000 	E:\vivado\Vivado\2018.2\lib\win64.o\librdi_xhub.dll
0x00007fff64b30000 - 0x00007fff6584d000 	E:\vivado\Vivado\2018.2\lib\win64.o\librdi_timing.dll
0x00007ffff7c00000 - 0x00007ffff7c4c000 	E:\vivado\Vivado\2018.2\lib\win64.o\libboost_serialization.dll
0x00007ffff1280000 - 0x00007ffff132f000 	E:\vivado\Vivado\2018.2\lib\win64.o\librdi_hip_devdesign.dll
0x00007fffe4f80000 - 0x00007fffe4fe6000 	E:\vivado\Vivado\2018.2\lib\win64.o\librdi_ipconfig_readwrite.dll
0x00007ffff51f0000 - 0x00007ffff5228000 	E:\vivado\Vivado\2018.2\lib\win64.o\librdi_noc_frameworks.dll
0x00007fffdf8b0000 - 0x00007fffdf938000 	E:\vivado\Vivado\2018.2\lib\win64.o\librdi_hip_config.dll
0x00007fff64030000 - 0x00007fff64b23000 	E:\vivado\Vivado\2018.2\lib\win64.o\libverific.dll
0x00007fff63530000 - 0x00007fff63a7e000 	E:\vivado\Vivado\2018.2\lib\win64.o\librdi_xdm.dll
0x00007fffe4ca0000 - 0x00007fffe4d3e000 	E:\vivado\Vivado\2018.2\lib\win64.o\libise.dll
0x00007fffe9aa0000 - 0x00007fffe9ae9000 	E:\vivado\Vivado\2018.2\lib\win64.o\librdi_wavedata_SimpleApi.dll
0x00007fff63a80000 - 0x00007fff64021000 	E:\vivado\Vivado\2018.2\lib\win64.o\librdi_wavedata.dll
0x00007fff62630000 - 0x00007fff63521000 	E:\vivado\Vivado\2018.2\lib\win64.o\librdi_route.dll
0x00007fff60840000 - 0x00007fff62622000 	E:\vivado\Vivado\2018.2\lib\win64.o\librdi_synth.dll
0x00007fff605f0000 - 0x00007fff60833000 	E:\vivado\Vivado\2018.2\lib\win64.o\librdi_hsm.dll
0x00007fff60020000 - 0x00007fff605e2000 	E:\vivado\Vivado\2018.2\lib\win64.o\librdi_abc_nomp.dll
0x00007ffffb730000 - 0x00007ffffb74a000 	E:\vivado\Vivado\2018.2\lib\win64.o\librdi_hmetis.dll

VM Arguments:
jvm_args: -Dsun.java2d.pmoffscreen=false -Dsun.java2d.xrender=false -Dsun.java2d.d3d=false -Dsun.awt.nopixfmt=true -Xverify:none -Dswing.aatext=true -XX:-UsePerfData -Djdk.map.althashing.threshold=512 -XX:StringTableSize=4072 -XX:NewSize=60m -XX:MaxNewSize=60m -Xms128m -Xmx3072m -Xss5m 
java_command: <unknown>
java_class_path (initial): E:/vivado/Vivado/2018.2\lib\classes\alloy.jar;E:/vivado/Vivado/2018.2\lib\classes\autopilot.scelaborator.jar;E:/vivado/Vivado/2018.2\lib\classes\autopilot.sourceprocessor.jar;E:/vivado/Vivado/2018.2\lib\classes\autopilot.tbprocessor.jar;E:/vivado/Vivado/2018.2\lib\classes\batik-anim.jar;E:/vivado/Vivado/2018.2\lib\classes\batik-awt-util.jar;E:/vivado/Vivado/2018.2\lib\classes\batik-bridge.jar;E:/vivado/Vivado/2018.2\lib\classes\batik-codec.jar;E:/vivado/Vivado/2018.2\lib\classes\batik-css.jar;E:/vivado/Vivado/2018.2\lib\classes\batik-dom.jar;E:/vivado/Vivado/2018.2\lib\classes\batik-ext.jar;E:/vivado/Vivado/2018.2\lib\classes\batik-gui-util.jar;E:/vivado/Vivado/2018.2\lib\classes\batik-gvt.jar;E:/vivado/Vivado/2018.2\lib\classes\batik-parser.jar;E:/vivado/Vivado/2018.2\lib\classes\batik-script.jar;E:/vivado/Vivado/2018.2\lib\classes\batik-svg-dom.jar;E:/vivado/Vivado/2018.2\lib\classes\batik-swing.jar;E:/vivado/Vivado/2018.2\lib\classes\batik-transcoder.jar;E:/vivado/Vivado/2018.2\lib\classes\batik-util.jar;E:/vivado/Vivado/2018.2\lib\classes\batik-xml.jar;E:/vivado/Vivado/2018.2\lib\classes\com.ibm.icu_4.4.2.v20110208.jar;E:/vivado/Vivado/2018.2\lib\classes\commons-collections4-4.1.jar;E:/vivado/Vivado/2018.2\lib\classes\commons-math-2.2.jar;E:/vivado/Vivado/2018.2\lib\classes\dom4j-1.6.1.jar;E:/vivado/Vivado/2018.2\lib\classes\guava-18.0.jar;E:/vivado/Vivado/2018.2\lib\classes\help.jar;E:/vivado/Vivado/2018.2\lib\classes\hsqldb.jar;E:/vivado/Vivado/2018.2\lib\classes\jargs.jar;E:/vivado/Vivado/2018.2\lib\classes\jh.jar;E:/vivado/Vivado/2018.2\lib\classes\jide-action.jar;E:/vivado/Vivado/2018.2\lib\classes\jide-charts.jar;E:/vivado/Vivado/2018.2\lib\classes\jide-common.jar;E:/vivado/Vivado/2018.2\lib\classes\jide-components.jar;E:/vivado/Vivado/2018.2\lib\classes\jide-dashboard.jar;E:/vivado/Vivado/2018.2\lib\classes\jide-data.jar;E:/vivado/Vivado/2018.2\lib\classes\jide-dialogs.jar;E:/vivado/Vivado/2018.2\lib\classes\jide-diff.jar;E:/v
Launcher Type: generic

Environment Variables:
USERNAME=ahmed
OS=Windows_NT
PROCESSOR_IDENTIFIER=Intel64 Family 6 Model 158 Stepping 10, GenuineIntel



---------------  S Y S T E M  ---------------

OS: Windows 10.0 , 64 bit Build 22000 (10.0.22000.708)

CPU:total 12 (6 cores per cpu, 2 threads per core) family 6 model 158 stepping 10, cmov, cx8, fxsr, mmx, sse, sse2, sse3, ssse3, sse4.1, sse4.2, popcnt, avx, avx2, aes, clmul, erms, 3dnowpref, lzcnt, ht, tsc, tscinvbit, bmi1, bmi2, adx

Memory: 4k page, physical 16624328k(6134628k free), swap 21513788k(3904144k free)

vm_info: Java HotSpot(TM) 64-Bit Server VM (25.112-b15) for windows-amd64 JRE (1.8.0_112-b15), built on Sep 22 2016 21:31:56 by "java_re" with MS VC++ 10.0 (VS2010)

time: Sat Nov 05 01:01:49 2022
elapsed time: 1312 seconds (0d 0h 21m 52s)

