#
# A fatal error has been detected by the Java Runtime Environment:
#
#  EXCEPTION_ACCESS_VIOLATION (0xc0000005) at pc=0x00007fff4fb94980, pid=26940, tid=0x0000000000005cb8
#
# JRE version: Java(TM) SE Runtime Environment (8.0_112-b15) (build 1.8.0_112-b15)
# Java VM: Java HotSpot(TM) 64-Bit Server VM (25.112-b15 mixed mode windows-amd64 compressed oops)
# Problematic frame:
# C  [librdi_wavedata.dll+0x414980]
#
# Failed to write core dump. Minidumps are not enabled by default on client versions of Windows
#
# If you would like to submit a bug report, please visit:
#   http://bugreport.java.com/bugreport/crash.jsp
# The crash happened outside the Java Virtual Machine in native code.
# See problematic frame for where to report the bug.
#

---------------  T H R E A D  ---------------

Current thread (0x0000028757130800):  JavaThread "AWT-EventQueue-1" [_thread_in_native, id=23736, stack(0x0000008ba1200000,0x0000008ba1700000)]

siginfo: ExceptionCode=0xc0000005, ExceptionInformation=0x0000000000000008 0x00007fff4fb94980

Registers:
RAX=0x00007fff4fb3f0e0, RBX=0x0000000000000000, RCX=0x000002873a50cab0, RDX=0x0000000000000000
RSP=0x0000008ba16fcc08, RBP=0x0000008ba16fcd60, RSI=0x0000028764117960, RDI=0x0000008ba16fcd48
R8 =0x00007fff4fb9460c, R9 =0x0000000000000000, R10=0x0000000000000001, R11=0x0000008ba16fcbe0
R12=0x0000000000000000, R13=0x0000000000000000, R14=0x000002873a50cab0, R15=0x00000000034c8eb9
RIP=0x00007fff4fb94980, EFLAGS=0x0000000000010246

Top of Stack: (sp=0x0000008ba16fcc08)
0x0000008ba16fcc08:   00007fff4f93758e 0000028767666180
0x0000008ba16fcc18:   0000028767666180 0000028764117960
0x0000008ba16fcc28:   0000028764117960 0000000700000000
0x0000008ba16fcc38:   0000000100000002 0000000000000001
0x0000008ba16fcc48:   0000000000000001 f120000000000000
0x0000008ba16fcc58:   0000000000010000 fffffffffffffffe
0x0000008ba16fcc68:   0000008ba16fcd48 0000000000000000
0x0000008ba16fcc78:   000002873ddc0f0c 0000000700000000
0x0000008ba16fcc88:   000099a69b6201bb 0000015700000429
0x0000008ba16fcc98:   000099a69b6206fb 00000000034c8eb9
0x0000008ba16fcca8:   0000028767666180 0000000000000000
0x0000008ba16fccb8:   0000028738d4c850 0000008ba16fcf78
0x0000008ba16fccc8:   0000008ba16fcde0 0000008ba16fcf98
0x0000008ba16fccd8:   00007fff4f9b225f 0000000000000000
0x0000008ba16fcce8:   0000000000000003 0000000000000000
0x0000008ba16fccf8:   0000008ba16fcda9 0000008ba16fcd60 

Instructions: (pc=0x00007fff4fb94980)
0x00007fff4fb94960:   00 00 00 00 ff ff ff ff 00 00 00 00 40 00 00 00
0x00007fff4fb94970:   08 49 41 00 00 00 00 00 00 00 00 00 00 00 00 00
0x00007fff4fb94980:   01 00 00 00 00 00 00 00 00 00 00 00 90 67 53 00
0x00007fff4fb94990:   a8 49 41 00 80 49 41 00 00 00 00 00 00 00 00 00 


Register to memory mapping:

RAX=0x00007fff4fb3f0e0 is an unknown value
RBX=0x0000000000000000 is an unknown value
RCX=0x000002873a50cab0 is an unknown value
RDX=0x0000000000000000 is an unknown value
RSP=0x0000008ba16fcc08 is pointing into the stack for thread: 0x0000028757130800
RBP=0x0000008ba16fcd60 is pointing into the stack for thread: 0x0000028757130800
RSI=0x0000028764117960 is an unknown value
RDI=0x0000008ba16fcd48 is pointing into the stack for thread: 0x0000028757130800
R8 =0x00007fff4fb9460c is an unknown value
R9 =0x0000000000000000 is an unknown value
R10=0x0000000000000001 is an unknown value
R11=0x0000008ba16fcbe0 is pointing into the stack for thread: 0x0000028757130800
R12=0x0000000000000000 is an unknown value
R13=0x0000000000000000 is an unknown value
R14=0x000002873a50cab0 is an unknown value
R15=0x00000000034c8eb9 is an unknown value


Stack: [0x0000008ba1200000,0x0000008ba1700000],  sp=0x0000008ba16fcc08,  free space=5107k
Native frames: (J=compiled Java code, j=interpreted, Vv=VM code, C=native code)
C  [librdi_wavedata.dll+0x414980]

Java frames: (J=compiled Java code, j=interpreted, Vv=VM code)
j  ui.views.waveform.waveformi.WVExecutive_getTooltipTextDelayed(J)Ljava/lang/String;+0
j  ui.views.waveform.executive.a.gqy()Ljava/lang/String;+4
j  ui.views.waveform.b.a.bH(Ljava/awt/event/MouseEvent;)V+85
j  ui.views.waveform.b.a.bG(Ljava/awt/event/MouseEvent;)V+24
j  ui.views.waveform.b.a.mouseMoved(Ljava/awt/event/MouseEvent;)V+28
J 10450 C1 java.awt.AWTEventMulticaster.mouseMoved(Ljava/awt/event/MouseEvent;)V (27 bytes) @ 0x000002873cf83f34 [0x000002873cf83b60+0x3d4]
J 10450 C1 java.awt.AWTEventMulticaster.mouseMoved(Ljava/awt/event/MouseEvent;)V (27 bytes) @ 0x000002873cf83d7c [0x000002873cf83b60+0x21c]
J 11034 C1 java.awt.Component.processMouseMotionEvent(Ljava/awt/event/MouseEvent;)V (58 bytes) @ 0x000002873de1d654 [0x000002873de1d3a0+0x2b4]
J 11033 C1 javax.swing.JComponent.processMouseMotionEvent(Ljava/awt/event/MouseEvent;)V (46 bytes) @ 0x000002873de88c4c [0x000002873de88660+0x5ec]
j  ui.frmwork.c.i.processMouseMotionEvent(Ljava/awt/event/MouseEvent;)V+109
J 10362 C2 java.awt.Container.processEvent(Ljava/awt/AWTEvent;)V (22 bytes) @ 0x000002873cff4cd4 [0x000002873cff4b60+0x174]
J 13071 C2 java.awt.Component.dispatchEventImpl(Ljava/awt/AWTEvent;)V (883 bytes) @ 0x000002873e4583b4 [0x000002873e4579e0+0x9d4]
J 10107 C2 java.awt.Container.dispatchEventImpl(Ljava/awt/AWTEvent;)V (129 bytes) @ 0x000002873dc9c738 [0x000002873dc9c6e0+0x58]
J 12574 C2 java.awt.LightweightDispatcher.retargetMouseEvent(Ljava/awt/Component;ILjava/awt/event/MouseEvent;)V (350 bytes) @ 0x000002873e2269f4 [0x000002873e226600+0x3f4]
J 10449 C1 java.awt.LightweightDispatcher.processMouseEvent(Ljava/awt/event/MouseEvent;)Z (286 bytes) @ 0x000002873d61195c [0x000002873d610280+0x16dc]
J 10107 C2 java.awt.Container.dispatchEventImpl(Ljava/awt/AWTEvent;)V (129 bytes) @ 0x000002873dc9ca88 [0x000002873dc9c6e0+0x3a8]
J 9803 C1 java.awt.Window.dispatchEventImpl(Ljava/awt/AWTEvent;)V (23 bytes) @ 0x000002873c3a2864 [0x000002873c3a2280+0x5e4]
J 12711 C2 java.awt.EventQueue$3.run()Ljava/lang/Object; (5 bytes) @ 0x000002873e2fd51c [0x000002873e2fd140+0x3dc]
v  ~StubRoutines::call_stub
J 2251  java.security.AccessController.doPrivileged(Ljava/security/PrivilegedAction;Ljava/security/AccessControlContext;)Ljava/lang/Object; (0 bytes) @ 0x000002873c4e98e6 [0x000002873c4e9880+0x66]
J 9045 C1 java.awt.EventQueue$4.run()Ljava/lang/Object; (5 bytes) @ 0x000002873d7b8dfc [0x000002873d7b8a00+0x3fc]
v  ~StubRoutines::call_stub
J 2251  java.security.AccessController.doPrivileged(Ljava/security/PrivilegedAction;Ljava/security/AccessControlContext;)Ljava/lang/Object; (0 bytes) @ 0x000002873c4e98e6 [0x000002873c4e9880+0x66]
J 12576 C2 java.awt.EventDispatchThread.pumpOneEventForFilters(I)V (295 bytes) @ 0x000002873e282598 [0x000002873e2817a0+0xdf8]
j  java.awt.EventDispatchThread.pumpEventsForFilter(ILjava/awt/Conditional;Ljava/awt/EventFilter;)V+35
j  java.awt.EventDispatchThread.pumpEventsForHierarchy(ILjava/awt/Conditional;Ljava/awt/Component;)V+11
j  java.awt.EventDispatchThread.pumpEvents(ILjava/awt/Conditional;)V+4
j  java.awt.EventDispatchThread.pumpEvents(Ljava/awt/Conditional;)V+3
j  java.awt.EventDispatchThread.run()V+9
v  ~StubRoutines::call_stub

---------------  P R O C E S S  ---------------

Java Threads: ( => current thread )
  0x000002875b1cc800 JavaThread "Relaunch Simulation" [_thread_blocked, id=9824, stack(0x0000008ba1700000,0x0000008ba1c00000)]
  0x000002875b1d0000 JavaThread "Monitor File Timestamp Swing Worker" [_thread_blocked, id=10404, stack(0x0000008ba5a00000,0x0000008ba5f00000)]
  0x000002875b1d3000 JavaThread "Timer-0" [_thread_blocked, id=11120, stack(0x0000008ba5500000,0x0000008ba5a00000)]
  0x000002875b1cd000 JavaThread "Image Animator 3" daemon [_thread_blocked, id=24896, stack(0x0000008ba4e00000,0x0000008ba5300000)]
  0x000002875b1d2800 JavaThread "SyntheticaAnimation 50" daemon [_thread_blocked, id=24908, stack(0x0000008ba4900000,0x0000008ba4e00000)]
  0x000002875b1c5000 JavaThread "Thread-23" [_thread_in_native, id=24264, stack(0x0000008ba4800000,0x0000008ba4900000)]
  0x000002875b1cb800 JavaThread "Thread-22" [_thread_in_native, id=13408, stack(0x0000008ba4700000,0x0000008ba4800000)]
  0x000002875b1cb000 JavaThread "hw_ila_monitor" [_thread_blocked, id=6836, stack(0x0000008ba0300000,0x0000008ba0800000)]
  0x000002875b1c7000 JavaThread "Update Runs Swing Worker" [_thread_blocked, id=8364, stack(0x0000008ba3d00000,0x0000008ba4200000)]
  0x000002875b1c9800 JavaThread "Refresh Filesets Swing Worker" [_thread_blocked, id=9156, stack(0x0000008ba3800000,0x0000008ba3d00000)]
  0x000002875b1ca000 JavaThread "SyntheticaAnimation 70" daemon [_thread_blocked, id=1888, stack(0x0000008ba3300000,0x0000008ba3800000)]
  0x0000028757136000 JavaThread "SyntheticaAnimation 25" daemon [_thread_blocked, id=23312, stack(0x0000008ba2900000,0x0000008ba2e00000)]
  0x0000028757132000 JavaThread "SyntheticaAnimation 50" daemon [_thread_blocked, id=5160, stack(0x0000008ba2400000,0x0000008ba2900000)]
  0x0000028757133000 JavaThread "SyntheticaCleanerThread" daemon [_thread_blocked, id=17740, stack(0x0000008ba1c00000,0x0000008ba2100000)]
  0x0000028757136800 JavaThread "Batik CleanerThread" daemon [_thread_blocked, id=13724, stack(0x0000008ba0800000,0x0000008ba0d00000)]
=>0x0000028757130800 JavaThread "AWT-EventQueue-1" [_thread_in_native, id=23736, stack(0x0000008ba1200000,0x0000008ba1700000)]
  0x0000028757133800 JavaThread "Process Messages" [_thread_blocked, id=25360, stack(0x0000008ba0d00000,0x0000008ba1200000)]
  0x0000028757130000 JavaThread "Thread-3" [_thread_in_native, id=21360, stack(0x0000008b9ae00000,0x0000008b9c200000)]
  0x0000028755bbb000 JavaThread "AWT-Windows" daemon [_thread_in_native, id=12120, stack(0x0000008b9fe00000,0x0000008ba0300000)]
  0x0000028755bba800 JavaThread "AWT-Shutdown" [_thread_blocked, id=10012, stack(0x0000008b9f900000,0x0000008b9fe00000)]
  0x0000028755b6d000 JavaThread "Java2D Disposer" daemon [_thread_blocked, id=18144, stack(0x0000008b9f400000,0x0000008b9f900000)]
  0x0000028755b55000 JavaThread "TimerQueue" daemon [_thread_blocked, id=8508, stack(0x0000008b9ef00000,0x0000008b9f400000)]
  0x000002875529e000 JavaThread "Service Thread" daemon [_thread_blocked, id=11288, stack(0x0000008b9e900000,0x0000008b9ee00000)]
  0x0000028752f39000 JavaThread "C1 CompilerThread3" daemon [_thread_blocked, id=27328, stack(0x0000008b9e800000,0x0000008b9e900000)]
  0x0000028752f38000 JavaThread "C2 CompilerThread2" daemon [_thread_blocked, id=20964, stack(0x0000008b9e700000,0x0000008b9e800000)]
  0x0000028755290000 JavaThread "C2 CompilerThread1" daemon [_thread_blocked, id=19820, stack(0x0000008b9e600000,0x0000008b9e700000)]
  0x000002875528c000 JavaThread "C2 CompilerThread0" daemon [_thread_blocked, id=9472, stack(0x0000008b9e500000,0x0000008b9e600000)]
  0x000002875528b000 JavaThread "Attach Listener" daemon [_thread_blocked, id=13684, stack(0x0000008b9e000000,0x0000008b9e500000)]
  0x0000028755289000 JavaThread "Signal Dispatcher" daemon [_thread_blocked, id=5276, stack(0x0000008b9db00000,0x0000008b9e000000)]
  0x0000028752f1d800 JavaThread "Finalizer" daemon [_thread_blocked, id=1356, stack(0x0000008b9d600000,0x0000008b9db00000)]
  0x0000028752efc800 JavaThread "Reference Handler" daemon [_thread_blocked, id=19964, stack(0x0000008b9d100000,0x0000008b9d600000)]
  0x000002873bca4800 JavaThread "main" [_thread_blocked, id=12152, stack(0x0000008b9c500000,0x0000008b9c600000)]

Other Threads:
  0x0000028752ef2800 VMThread [stack: 0x0000008b9d000000,0x0000008b9d100000] [id=26532]
  0x00000287552b6800 WatcherThread [stack: 0x0000008b9ee00000,0x0000008b9ef00000] [id=13844]

VM state:not at safepoint (normal execution)

VM Mutex/Monitor currently owned by a thread: None

Heap:
 PSYoungGen      total 47616K, used 16725K [0x00000007bc400000, 0x00000007c0000000, 0x00000007c0000000)
  eden space 34304K, 43% used [0x00000007bc400000,0x00000007bd2ac000,0x00000007be580000)
  from space 13312K, 12% used [0x00000007be580000,0x00000007be7294a8,0x00000007bf280000)
  to   space 12800K, 0% used [0x00000007bf380000,0x00000007bf380000,0x00000007c0000000)
 ParOldGen       total 172032K, used 50518K [0x0000000700000000, 0x000000070a800000, 0x00000007bc400000)
  object space 172032K, 29% used [0x0000000700000000,0x0000000703155ab0,0x000000070a800000)
 Metaspace       used 65890K, capacity 66533K, committed 67200K, reserved 1107968K
  class space    used 9362K, capacity 9497K, committed 9600K, reserved 1048576K

Card table byte_map: [0x000002874b160000,0x000002874b770000] byte_map_base: 0x0000028747960000

Marking Bits: (ParMarkBitMap*) 0x000000007232a6d0
 Begin Bits: [0x000002874bd60000, 0x000002874ed60000)
 End Bits:   [0x000002874ed60000, 0x0000028751d60000)

Polling page: 0x0000028732af0000

CodeCache: size=245760Kb used=39818Kb max_used=39835Kb free=205941Kb
 bounds [0x000002873bda0000, 0x000002873e4f0000, 0x000002874ada0000]
 total_blobs=11419 nmethods=10522 adapters=801
 compilation: enabled

Compilation events (10 events):
Event: 47.375 Thread 0x0000028752f39000 13305       3       de.javasoft.plaf.synthetica.painter.ComboBoxPainter::getInstance (36 bytes)
Event: 47.375 Thread 0x0000028752f39000 nmethod 13305 0x000002873d005950 code [0x000002873d005b00, 0x000002873d005fd0]
Event: 47.375 Thread 0x0000028752f39000 13306       3       com.jidesoft.swing.DefaultSplitButtonModel::isButtonEnabled (17 bytes)
Event: 47.375 Thread 0x0000028752f39000 nmethod 13306 0x000002873d0fe9d0 code [0x000002873d0feb20, 0x000002873d0fecd8]
Event: 47.418 Thread 0x0000028752f39000 13307       3       java.awt.Point::setLocation (13 bytes)
Event: 47.419 Thread 0x0000028752f39000 nmethod 13307 0x000002873cff06d0 code [0x000002873cff0840, 0x000002873cff0a98]
Event: 47.420 Thread 0x0000028752f39000 13308       3       java.awt.Point::setLocation (7 bytes)
Event: 47.420 Thread 0x0000028752f39000 nmethod 13308 0x000002873c09ab50 code [0x000002873c09acc0, 0x000002873c09ae98]
Event: 47.438 Thread 0x0000028752f39000 13309       1       java.awt.event.InputEvent::consume (6 bytes)
Event: 47.438 Thread 0x0000028752f39000 nmethod 13309 0x000002873df8d6d0 code [0x000002873df8d820, 0x000002873df8d938]

GC Heap History (10 events):
Event: 42.869 GC heap before
{Heap before GC invocations=55 (full 6):
 PSYoungGen      total 45568K, used 32079K [0x00000007bc400000, 0x00000007c0000000, 0x00000007c0000000)
  eden space 28672K, 100% used [0x00000007bc400000,0x00000007be000000,0x00000007be000000)
  from space 16896K, 20% used [0x00000007bef80000,0x00000007bf2d3df8,0x00000007c0000000)
  to   space 15872K, 0% used [0x00000007be000000,0x00000007be000000,0x00000007bef80000)
 ParOldGen       total 172032K, used 50502K [0x0000000700000000, 0x000000070a800000, 0x00000007bc400000)
  object space 172032K, 29% used [0x0000000700000000,0x0000000703151ab0,0x000000070a800000)
 Metaspace       used 65709K, capacity 66293K, committed 66816K, reserved 1105920K
  class space    used 9347K, capacity 9461K, committed 9472K, reserved 1048576K
Event: 42.872 GC heap after
Heap after GC invocations=55 (full 6):
 PSYoungGen      total 44544K, used 3375K [0x00000007bc400000, 0x00000007c0000000, 0x00000007c0000000)
  eden space 28672K, 0% used [0x00000007bc400000,0x00000007bc400000,0x00000007be000000)
  from space 15872K, 21% used [0x00000007be000000,0x00000007be34bdf8,0x00000007bef80000)
  to   space 14848K, 0% used [0x00000007bf180000,0x00000007bf180000,0x00000007c0000000)
 ParOldGen       total 172032K, used 50502K [0x0000000700000000, 0x000000070a800000, 0x00000007bc400000)
  object space 172032K, 29% used [0x0000000700000000,0x0000000703151ab0,0x000000070a800000)
 Metaspace       used 65709K, capacity 66293K, committed 66816K, reserved 1105920K
  class space    used 9347K, capacity 9461K, committed 9472K, reserved 1048576K
}
Event: 43.950 GC heap before
{Heap before GC invocations=56 (full 6):
 PSYoungGen      total 44544K, used 32047K [0x00000007bc400000, 0x00000007c0000000, 0x00000007c0000000)
  eden space 28672K, 100% used [0x00000007bc400000,0x00000007be000000,0x00000007be000000)
  from space 15872K, 21% used [0x00000007be000000,0x00000007be34bdf8,0x00000007bef80000)
  to   space 14848K, 0% used [0x00000007bf180000,0x00000007bf180000,0x00000007c0000000)
 ParOldGen       total 172032K, used 50502K [0x0000000700000000, 0x000000070a800000, 0x00000007bc400000)
  object space 172032K, 29% used [0x0000000700000000,0x0000000703151ab0,0x000000070a800000)
 Metaspace       used 65735K, capacity 66293K, committed 66816K, reserved 1105920K
  class space    used 9347K, capacity 9461K, committed 9472K, reserved 1048576K
Event: 43.953 GC heap after
Heap after GC invocations=56 (full 6):
 PSYoungGen      total 47104K, used 3407K [0x00000007bc400000, 0x00000007c0000000, 0x00000007c0000000)
  eden space 32256K, 0% used [0x00000007bc400000,0x00000007bc400000,0x00000007be380000)
  from space 14848K, 22% used [0x00000007bf180000,0x00000007bf4d3df8,0x00000007c0000000)
  to   space 14336K, 0% used [0x00000007be380000,0x00000007be380000,0x00000007bf180000)
 ParOldGen       total 172032K, used 50510K [0x0000000700000000, 0x000000070a800000, 0x00000007bc400000)
  object space 172032K, 29% used [0x0000000700000000,0x0000000703153ab0,0x000000070a800000)
 Metaspace       used 65735K, capacity 66293K, committed 66816K, reserved 1105920K
  class space    used 9347K, capacity 9461K, committed 9472K, reserved 1048576K
}
Event: 44.801 GC heap before
{Heap before GC invocations=57 (full 6):
 PSYoungGen      total 47104K, used 35663K [0x00000007bc400000, 0x00000007c0000000, 0x00000007c0000000)
  eden space 32256K, 100% used [0x00000007bc400000,0x00000007be380000,0x00000007be380000)
  from space 14848K, 22% used [0x00000007bf180000,0x00000007bf4d3df8,0x00000007c0000000)
  to   space 14336K, 0% used [0x00000007be380000,0x00000007be380000,0x00000007bf180000)
 ParOldGen       total 172032K, used 50510K [0x0000000700000000, 0x000000070a800000, 0x00000007bc400000)
  object space 172032K, 29% used [0x0000000700000000,0x0000000703153ab0,0x000000070a800000)
 Metaspace       used 65766K, capacity 66357K, committed 66816K, reserved 1105920K
  class space    used 9347K, capacity 9461K, committed 9472K, reserved 1048576K
Event: 44.804 GC heap after
Heap after GC invocations=57 (full 6):
 PSYoungGen      total 46592K, used 2396K [0x00000007bc400000, 0x00000007c0000000, 0x00000007c0000000)
  eden space 32256K, 0% used [0x00000007bc400000,0x00000007bc400000,0x00000007be380000)
  from space 14336K, 16% used [0x00000007be380000,0x00000007be5d7200,0x00000007bf180000)
  to   space 13824K, 0% used [0x00000007bf280000,0x00000007bf280000,0x00000007c0000000)
 ParOldGen       total 172032K, used 50510K [0x0000000700000000, 0x000000070a800000, 0x00000007bc400000)
  object space 172032K, 29% used [0x0000000700000000,0x0000000703153ab0,0x000000070a800000)
 Metaspace       used 65766K, capacity 66357K, committed 66816K, reserved 1105920K
  class space    used 9347K, capacity 9461K, committed 9472K, reserved 1048576K
}
Event: 45.545 GC heap before
{Heap before GC invocations=58 (full 6):
 PSYoungGen      total 46592K, used 34652K [0x00000007bc400000, 0x00000007c0000000, 0x00000007c0000000)
  eden space 32256K, 100% used [0x00000007bc400000,0x00000007be380000,0x00000007be380000)
  from space 14336K, 16% used [0x00000007be380000,0x00000007be5d7200,0x00000007bf180000)
  to   space 13824K, 0% used [0x00000007bf280000,0x00000007bf280000,0x00000007c0000000)
 ParOldGen       total 172032K, used 50510K [0x0000000700000000, 0x000000070a800000, 0x00000007bc400000)
  object space 172032K, 29% used [0x0000000700000000,0x0000000703153ab0,0x000000070a800000)
 Metaspace       used 65819K, capacity 66437K, committed 67072K, reserved 1107968K
  class space    used 9353K, capacity 9465K, committed 9472K, reserved 1048576K
Event: 45.548 GC heap after
Heap after GC invocations=58 (full 6):
 PSYoungGen      total 48128K, used 1637K [0x00000007bc400000, 0x00000007c0000000, 0x00000007c0000000)
  eden space 34304K, 0% used [0x00000007bc400000,0x00000007bc400000,0x00000007be580000)
  from space 13824K, 11% used [0x00000007bf280000,0x00000007bf4194a8,0x00000007c0000000)
  to   space 13312K, 0% used [0x00000007be580000,0x00000007be580000,0x00000007bf280000)
 ParOldGen       total 172032K, used 50510K [0x0000000700000000, 0x000000070a800000, 0x00000007bc400000)
  object space 172032K, 29% used [0x0000000700000000,0x0000000703153ab0,0x000000070a800000)
 Metaspace       used 65819K, capacity 66437K, committed 67072K, reserved 1107968K
  class space    used 9353K, capacity 9465K, committed 9472K, reserved 1048576K
}
Event: 47.239 GC heap before
{Heap before GC invocations=59 (full 6):
 PSYoungGen      total 48128K, used 35941K [0x00000007bc400000, 0x00000007c0000000, 0x00000007c0000000)
  eden space 34304K, 100% used [0x00000007bc400000,0x00000007be580000,0x00000007be580000)
  from space 13824K, 11% used [0x00000007bf280000,0x00000007bf4194a8,0x00000007c0000000)
  to   space 13312K, 0% used [0x00000007be580000,0x00000007be580000,0x00000007bf280000)
 ParOldGen       total 172032K, used 50510K [0x0000000700000000, 0x000000070a800000, 0x00000007bc400000)
  object space 172032K, 29% used [0x0000000700000000,0x0000000703153ab0,0x000000070a800000)
 Metaspace       used 65886K, capacity 66533K, committed 67200K, reserved 1107968K
  class space    used 9362K, capacity 9497K, committed 9600K, reserved 1048576K
Event: 47.244 GC heap after
Heap after GC invocations=59 (full 6):
 PSYoungGen      total 47616K, used 1701K [0x00000007bc400000, 0x00000007c0000000, 0x00000007c0000000)
  eden space 34304K, 0% used [0x00000007bc400000,0x00000007bc400000,0x00000007be580000)
  from space 13312K, 12% used [0x00000007be580000,0x00000007be7294a8,0x00000007bf280000)
  to   space 12800K, 0% used [0x00000007bf380000,0x00000007bf380000,0x00000007c0000000)
 ParOldGen       total 172032K, used 50518K [0x0000000700000000, 0x000000070a800000, 0x00000007bc400000)
  object space 172032K, 29% used [0x0000000700000000,0x0000000703155ab0,0x000000070a800000)
 Metaspace       used 65886K, capacity 66533K, committed 67200K, reserved 1107968K
  class space    used 9362K, capacity 9497K, committed 9600K, reserved 1048576K
}

Deoptimization events (10 events):
Event: 45.443 Thread 0x0000028757130800 Uncommon trap: reason=array_check action=maybe_recompile pc=0x000002873d12af6c method=java.util.TimSort.reverseRange([Ljava/lang/Object;II)V @ 20
Event: 45.498 Thread 0x0000028757130800 Uncommon trap: reason=unstable_if action=reinterpret pc=0x000002873e3be8e8 method=com.jidesoft.grid.CellSpanTable.getCellSpanAt(II)Lcom/jidesoft/grid/CellSpan; @ 20
Event: 45.587 Thread 0x0000028757130800 Uncommon trap: reason=array_check action=maybe_recompile pc=0x000002873c1bc230 method=java.util.TimSort.reverseRange([Ljava/lang/Object;II)V @ 27
Event: 45.676 Thread 0x0000028757130800 Uncommon trap: reason=array_check action=maybe_recompile pc=0x000002873c1bc230 method=java.util.TimSort.reverseRange([Ljava/lang/Object;II)V @ 27
Event: 46.451 Thread 0x0000028757130800 Uncommon trap: reason=bimorphic action=maybe_recompile pc=0x000002873d1ab3ec method=java.awt.Component.addNotify()V @ 198
Event: 46.476 Thread 0x0000028757130800 Uncommon trap: reason=unstable_if action=reinterpret pc=0x000002873e07b668 method=com.jidesoft.grid.DefaultTableModelWrapper.getActualRowAt(I)I @ 18
Event: 46.476 Thread 0x0000028757130800 Uncommon trap: reason=unstable_if action=reinterpret pc=0x000002873e3d02a4 method=com.jidesoft.grid.TreeTableModel.getRowAt(I)Lcom/jidesoft/grid/Row; @ 7
Event: 46.476 Thread 0x0000028757130800 Uncommon trap: reason=unstable_if action=reinterpret pc=0x000002873ddbf094 method=com.jidesoft.grid.CellSpanTable.getCellRect(IIZ)Ljava/awt/Rectangle; @ 33
Event: 46.476 Thread 0x0000028757130800 Uncommon trap: reason=unstable_if action=reinterpret pc=0x000002873e462024 method=com.jidesoft.grid.JideTable.getCellRect(IIZ)Ljava/awt/Rectangle; @ 206
Event: 46.478 Thread 0x0000028757130800 Uncommon trap: reason=class_check action=maybe_recompile pc=0x000002873e000088 method=javax.swing.AbstractButton.setEnabled(Z)V @ 21

Internal exceptions (10 events):
Event: 35.222 Thread 0x0000028757130800 Exception <a 'java/lang/ClassNotFoundException': javax/swing/JPanelCustomizer> (0x00000007bd52aae0) thrown at [C:\re\workspace\8-2-build-windows-amd64-cygwin\jdk8u112\7884\hotspot\src\share\vm\classfile\systemDictionary.cpp, line 210]
Event: 35.225 Thread 0x0000028757130800 Exception <a 'java/lang/ClassNotFoundException': org/jdesktop/swingx/JXPanelCustomizer> (0x00000007bd557608) thrown at [C:\re\workspace\8-2-build-windows-amd64-cygwin\jdk8u112\7884\hotspot\src\share\vm\classfile\systemDictionary.cpp, line 210]
Event: 35.229 Thread 0x0000028757130800 Exception <a 'java/lang/ClassNotFoundException': org/jdesktop/swingx/JXTitledPanelCustomizer> (0x00000007bd596bc0) thrown at [C:\re\workspace\8-2-build-windows-amd64-cygwin\jdk8u112\7884\hotspot\src\share\vm\classfile\systemDictionary.cpp, line 210]
Event: 35.231 Thread 0x0000028757130800 Exception <a 'java/lang/ClassNotFoundException': ui/utils/o/p/a/dCustomizer> (0x00000007bd5d5128) thrown at [C:\re\workspace\8-2-build-windows-amd64-cygwin\jdk8u112\7884\hotspot\src\share\vm\classfile\systemDictionary.cpp, line 210]
Event: 35.233 Thread 0x0000028757130800 Exception <a 'java/lang/ClassNotFoundException': ui/views/waveform/f/pCustomizer> (0x00000007bd608498) thrown at [C:\re\workspace\8-2-build-windows-amd64-cygwin\jdk8u112\7884\hotspot\src\share\vm\classfile\systemDictionary.cpp, line 210]
Event: 35.238 Thread 0x0000028757130800 Implicit null exception at 0x000002873c216545 to 0x000002873c216b9d
Event: 37.975 Thread 0x0000028757130800 Exception <a 'java/io/FileNotFoundException'> (0x00000007bc7017c0) thrown at [C:\re\workspace\8-2-build-windows-amd64-cygwin\jdk8u112\7884\hotspot\src\share\vm\prims\jni.cpp, line 709]
Event: 37.975 Thread 0x0000028757130800 Exception <a 'java/io/FileNotFoundException'> (0x00000007bc702088) thrown at [C:\re\workspace\8-2-build-windows-amd64-cygwin\jdk8u112\7884\hotspot\src\share\vm\prims\jni.cpp, line 709]
Event: 42.941 Thread 0x0000028757130800 Exception <a 'java/io/FileNotFoundException'> (0x00000007bc8e3218) thrown at [C:\re\workspace\8-2-build-windows-amd64-cygwin\jdk8u112\7884\hotspot\src\share\vm\prims\jni.cpp, line 709]
Event: 42.941 Thread 0x0000028757130800 Exception <a 'java/io/FileNotFoundException'> (0x00000007bc8e3ae0) thrown at [C:\re\workspace\8-2-build-windows-amd64-cygwin\jdk8u112\7884\hotspot\src\share\vm\prims\jni.cpp, line 709]

Events (10 events):
Event: 47.244 Executing VM operation: ParallelGCFailedAllocation done
Event: 47.256 Thread 0x0000028752f39000 flushing nmethod 0x000002873c09ab50
Event: 47.262 Thread 0x0000028752f39000 flushing nmethod 0x000002873c62b5d0
Event: 47.286 Thread 0x0000028755290000 flushing nmethod 0x000002873c9bd790
Event: 47.291 Executing VM operation: BulkRevokeBias
Event: 47.291 Executing VM operation: BulkRevokeBias done
Event: 47.300 Thread 0x0000028752f38000 flushing nmethod 0x000002873cd5e0d0
Event: 47.339 Thread 0x0000028752f39000 flushing nmethod 0x000002873d005810
Event: 47.354 Thread 0x0000028752f39000 flushing nmethod 0x000002873d61b350
Event: 47.354 Thread 0x0000028752f39000 flushing nmethod 0x000002873d6aea50


Dynamic libraries:
0x00007ff69f4f0000 - 0x00007ff69f520000 	E:\vivado\Vivado\2018.2\bin\unwrapped\win64.o\vivado.exe
0x00007ff824060000 - 0x00007ff824269000 	C:\WINDOWS\SYSTEM32\ntdll.dll
0x00007ff822e70000 - 0x00007ff822f2d000 	C:\WINDOWS\System32\KERNEL32.DLL
0x00007ff821950000 - 0x00007ff821ccb000 	C:\WINDOWS\System32\KERNELBASE.dll
0x00007ff8216c0000 - 0x00007ff8217d1000 	C:\WINDOWS\System32\ucrtbase.dll
0x00007ff80bdd0000 - 0x00007ff80be5e000 	C:\WINDOWS\SYSTEM32\MSVCP140.dll
0x00007ff811270000 - 0x00007ff811284000 	E:\vivado\Vivado\2018.2\lib\win64.o\libboost_signals.dll
0x00007fffc5c40000 - 0x00007fffc6a59000 	E:\vivado\Vivado\2018.2\lib\win64.o\librdi_common.dll
0x00007ff811010000 - 0x00007ff811024000 	E:\vivado\Vivado\2018.2\lib\win64.o\librdi_commonmain.dll
0x00007ff80bdb0000 - 0x00007ff80bdcb000 	C:\WINDOWS\SYSTEM32\VCRUNTIME140.dll
0x00007ff80be60000 - 0x00007ff80be6c000 	C:\WINDOWS\SYSTEM32\VCRUNTIME140_1.dll
0x00007ff822400000 - 0x00007ff8225ad000 	C:\WINDOWS\System32\USER32.dll
0x00007ff810ae0000 - 0x00007ff810b06000 	E:\vivado\Vivado\2018.2\lib\win64.o\libboost_filesystem.dll
0x00007ff821cd0000 - 0x00007ff821cf6000 	C:\WINDOWS\System32\win32u.dll
0x00007fffc42d0000 - 0x00007fffc463e000 	E:\vivado\Vivado\2018.2\lib\win64.o\libCOIN-all.dll
0x00007ff8220b0000 - 0x00007ff82215e000 	C:\WINDOWS\System32\ADVAPI32.dll
0x00007ff822250000 - 0x00007ff822279000 	C:\WINDOWS\System32\GDI32.dll
0x00007ff822170000 - 0x00007ff822213000 	C:\WINDOWS\System32\msvcrt.dll
0x00007ff821d00000 - 0x00007ff821e18000 	C:\WINDOWS\System32\gdi32full.dll
0x00007fffdb850000 - 0x00007fffdb971000 	E:\vivado\Vivado\2018.2\lib\win64.o\librdi_commonxillic.dll
0x00007ff8115a0000 - 0x00007ff8115aa000 	E:\vivado\Vivado\2018.2\lib\win64.o\librdi_commonversion.dll
0x00007ff823f80000 - 0x00007ff82401e000 	C:\WINDOWS\System32\sechost.dll
0x00007ff821530000 - 0x00007ff8215cd000 	C:\WINDOWS\System32\msvcp_win.dll
0x00007ff822790000 - 0x00007ff8228b0000 	C:\WINDOWS\System32\RPCRT4.dll
0x00007ff823090000 - 0x00007ff823848000 	C:\WINDOWS\System32\SHELL32.dll
0x00007fffdb470000 - 0x00007fffdb725000 	E:\vivado\Vivado\2018.2\lib\win64.o\libXil_lmgr11.dll
0x00007ff821f50000 - 0x00007ff82203c000 	C:\WINDOWS\System32\COMDLG32.dll
0x0000000072450000 - 0x000000007257b000 	E:\vivado\Vivado\2018.2\lib\win64.o\tcl85t.dll
0x00007ff80e570000 - 0x00007ff80e584000 	E:\vivado\Vivado\2018.2\lib\win64.o\libboost_date_time.dll
0x00007ff822990000 - 0x00007ff822d07000 	C:\WINDOWS\System32\combase.dll
0x00007ff821ee0000 - 0x00007ff821f4f000 	C:\WINDOWS\System32\WS2_32.dll
0x00007ff822f90000 - 0x00007ff82307a000 	C:\WINDOWS\System32\shcore.dll
0x00007ff80c2d0000 - 0x00007ff80c34f000 	E:\vivado\Vivado\2018.2\lib\win64.o\libboost_program_options.dll
0x00007fffdb730000 - 0x00007fffdb844000 	E:\vivado\Vivado\2018.2\lib\win64.o\libboost_regex.dll
0x00007ff811370000 - 0x00007ff81137b000 	E:\vivado\Vivado\2018.2\lib\win64.o\libboost_system.dll
0x00007ff823f20000 - 0x00007ff823f7d000 	C:\WINDOWS\System32\SHLWAPI.dll
0x00007ff80d3c0000 - 0x00007ff80d3e1000 	E:\vivado\Vivado\2018.2\lib\win64.o\libboost_thread.dll
0x00007ff811260000 - 0x00007ff81126f000 	E:\vivado\Vivado\2018.2\lib\win64.o\libboost_xilinx.dll
0x00007ffffe200000 - 0x00007ffffe282000 	E:\vivado\Vivado\2018.2\lib\win64.o\libhdlpsolve.dll
0x00007ff8228b0000 - 0x00007ff822986000 	C:\WINDOWS\System32\OLEAUT32.dll
0x00007fffded20000 - 0x00007fffdedc5000 	E:\vivado\Vivado\2018.2\lib\win64.o\libhdxml.dll
0x00007ff823910000 - 0x00007ff823aaa000 	C:\WINDOWS\System32\ole32.dll
0x00007fffc2fd0000 - 0x00007fffc3883c00 	E:\vivado\Vivado\2018.2\lib\win64.o\libisl_iostreams.dll
0x00007ff80d320000 - 0x00007ff80d34e000 	E:\vivado\Vivado\2018.2\lib\win64.o\libisl_sysinfo.dll
0x00007ff8215d0000 - 0x00007ff821638000 	C:\WINDOWS\System32\WINTRUST.dll
0x0000000071b10000 - 0x00000000723aa000 	E:\vivado\Vivado\2018.2\tps\win64\jre\bin\server\jvm.dll
0x00007ff8217e0000 - 0x00007ff821942000 	C:\WINDOWS\System32\CRYPT32.dll
0x00007fffe3150000 - 0x00007fffe31b5000 	E:\vivado\Vivado\2018.2\lib\win64.o\liblmx6.0.dll
0x00007ff80d300000 - 0x00007ff80d31a000 	E:\vivado\Vivado\2018.2\lib\win64.o\pthreadVC2.dll
0x00007fffdaae0000 - 0x00007fffdac31000 	E:\vivado\Vivado\2018.2\lib\win64.o\librdi_curl.dll
0x00007ff80d2e0000 - 0x00007ff80d2fc000 	E:\vivado\Vivado\2018.2\lib\win64.o\librdiconfig.dll
0x00007ff80c2a0000 - 0x00007ff80c2c1000 	E:\vivado\Vivado\2018.2\lib\win64.o\librdizlib.dll
0x00007ff822160000 - 0x00007ff822168000 	C:\WINDOWS\System32\PSAPI.DLL
0x0000000012000000 - 0x0000000012272000 	E:\vivado\Vivado\2018.2\lib\win64.o\xerces-c_3_1.dll
0x00007ff80dbd0000 - 0x00007ff80e0ca000 	C:\WINDOWS\SYSTEM32\WININET.dll
0x00007ff819c60000 - 0x00007ff819d6c000 	C:\WINDOWS\SYSTEM32\WINHTTP.dll
0x00007ff819f80000 - 0x00007ff81a16f000 	C:\WINDOWS\SYSTEM32\urlmon.dll
0x00007fffa9190000 - 0x00007fffaa021000 	E:\vivado\Vivado\2018.2\lib\win64.o\gurobi65.dll
0x00007ff81bcf0000 - 0x00007ff81bcf9000 	C:\WINDOWS\SYSTEM32\WSOCK32.dll
0x00007ff80c420000 - 0x00007ff80c439000 	C:\WINDOWS\SYSTEM32\NETAPI32.dll
0x00007ff809d70000 - 0x00007ff809da1000 	C:\WINDOWS\SYSTEM32\VCOMP140.DLL
0x00007ff801150000 - 0x00007ff801202000 	C:\WINDOWS\WinSxS\amd64_microsoft.windows.common-controls_6595b64144ccf1df_5.82.22000.1_none_271a8fad6a2d1b1e\COMCTL32.dll
0x00007ff811140000 - 0x00007ff81114d000 	E:\vivado\Vivado\2018.2\lib\win64.o\libboost_chrono.dll
0x00007ff81a560000 - 0x00007ff81a57e000 	C:\WINDOWS\SYSTEM32\dhcpcsvc.DLL
0x00007ff80bcb0000 - 0x00007ff80bccb000 	E:\vivado\Vivado\2018.2\lib\win64.o\libboost_iostreams.dll
0x00007ff808830000 - 0x00007ff808855000 	E:\vivado\Vivado\2018.2\lib\win64.o\libisl_iosutils.dll
0x00007ff81a920000 - 0x00007ff81a953000 	C:\WINDOWS\SYSTEM32\WINMM.dll
0x00007ff81a250000 - 0x00007ff81a25a000 	C:\WINDOWS\SYSTEM32\VERSION.dll
0x0000000072860000 - 0x0000000072932000 	C:\WINDOWS\SYSTEM32\MSVCR100.dll
0x00007ff819970000 - 0x00007ff819c23000 	C:\WINDOWS\SYSTEM32\iertutil.dll
0x00007ff819c30000 - 0x00007ff819c58000 	C:\WINDOWS\SYSTEM32\srvcli.dll
0x00007ff8202a0000 - 0x00007ff8202ac000 	C:\WINDOWS\SYSTEM32\netutils.dll
0x00007ff822d10000 - 0x00007ff822d41000 	C:\WINDOWS\System32\IMM32.DLL
0x00007ff820de0000 - 0x00007ff820df2000 	C:\WINDOWS\SYSTEM32\MSASN1.dll
0x00007ff820660000 - 0x00007ff820678000 	C:\WINDOWS\SYSTEM32\kernel.appcore.dll
0x00007fffa8d00000 - 0x00007fffa918c000 	E:\vivado\Vivado\2018.2\lib\win64.o\librdi_commontasks.dll
0x00007fffc70a0000 - 0x00007fffc7317000 	E:\vivado\Vivado\2018.2\lib\win64.o\librdi_sio.dll
0x00007ff820110000 - 0x00007ff82013d000 	C:\WINDOWS\SYSTEM32\IPHLPAPI.DLL
0x00007ff81f5f0000 - 0x00007ff81fe55000 	C:\WINDOWS\SYSTEM32\windows.storage.dll
0x00007ff81f470000 - 0x00007ff81f5d6000 	C:\WINDOWS\SYSTEM32\wintypes.dll
0x00007fff7e660000 - 0x00007fff8085f000 	E:\vivado\Vivado\2018.2\lib\win64.o\librdi_tcltasks.dll
0x00007fffc2bf0000 - 0x00007fffc2fc5000 	E:\vivado\Vivado\2018.2\lib\win64.o\librdi_bitstream.dll
0x00007fffc7c90000 - 0x00007fffc7e0e000 	E:\vivado\Vivado\2018.2\lib\win64.o\librdi_board.dll
0x00007fffdde80000 - 0x00007fffddeea000 	E:\vivado\Vivado\2018.2\lib\win64.o\librdi_boarddep.dll
0x00007fff7ce00000 - 0x00007fff7e659000 	E:\vivado\Vivado\2018.2\lib\win64.o\librdi_constraints.dll
0x00007fffc4080000 - 0x00007fffc42c7000 	E:\vivado\Vivado\2018.2\lib\win64.o\librdi_chipscope.dll
0x00007fffdb340000 - 0x00007fffdb468000 	E:\vivado\Vivado\2018.2\lib\win64.o\librdi_containers.dll
0x00007fff592c0000 - 0x00007fff5afd1000 	E:\vivado\Vivado\2018.2\lib\win64.o\librdi_coregen.dll
0x00007fff8f2a0000 - 0x00007fff8f979000 	E:\vivado\Vivado\2018.2\lib\win64.o\librdi_coregenipxact.dll
0x00007fff79090000 - 0x00007fff7cdf2000 	E:\vivado\Vivado\2018.2\lib\win64.o\librdi_designutils.dll
0x00007fff5afe0000 - 0x00007fff697d8000 	E:\vivado\Vivado\2018.2\lib\win64.o\librdi_device.dll
0x00007fffa8490000 - 0x00007fffa87a8000 	E:\vivado\Vivado\2018.2\lib\win64.o\librdi_dlyest.dll
0x00007fffa87b0000 - 0x00007fffa8cf1000 	E:\vivado\Vivado\2018.2\lib\win64.o\librdi_drc.dll
0x00007fffd2f20000 - 0x00007fffd2fe2000 	E:\vivado\Vivado\2018.2\lib\win64.o\librdi_dsp.dll
0x00007fff78a50000 - 0x00007fff79081000 	E:\vivado\Vivado\2018.2\lib\win64.o\librdi_filemgmt.dll
0x00007fffa81b0000 - 0x00007fffa8481000 	E:\vivado\Vivado\2018.2\lib\win64.o\librdi_guitools.dll
0x00007fffe3050000 - 0x00007fffe30a8000 	E:\vivado\Vivado\2018.2\lib\win64.o\librdi_hdf.dll
0x00007fff77810000 - 0x00007fff78a44000 	E:\vivado\Vivado\2018.2\lib\win64.o\librdi_implflow.dll
0x00007fff58c60000 - 0x00007fff592b1000 	E:\vivado\Vivado\2018.2\lib\win64.o\librdi_memdata.dll
0x00007fff55450000 - 0x00007fff58c5a000 	E:\vivado\Vivado\2018.2\lib\win64.o\librdi_mig.dll
0x00007fffa25b0000 - 0x00007fffa2a52000 	E:\vivado\Vivado\2018.2\lib\win64.o\librdi_netlist.dll
0x00007fffe0960000 - 0x00007fffe09a9000 	E:\vivado\Vivado\2018.2\lib\win64.o\librdi_pfi.dll
0x00007fff52380000 - 0x00007fff5471e000 	E:\vivado\Vivado\2018.2\lib\win64.o\librdi_place.dll
0x00007fffa66c0000 - 0x00007fffa694a000 	E:\vivado\Vivado\2018.2\lib\win64.o\librdi_platform.dll
0x00007fff54d60000 - 0x00007fff5544c000 	E:\vivado\Vivado\2018.2\lib\win64.o\librdi_power.dll
0x00007fff50fa0000 - 0x00007fff514dd000 	E:\vivado\Vivado\2018.2\lib\win64.o\librdi_project.dll
0x00007fff51c90000 - 0x00007fff52371000 	E:\vivado\Vivado\2018.2\lib\win64.o\librdi_psta.dll
0x00007fff54720000 - 0x00007fff54d5e000 	E:\vivado\Vivado\2018.2\lib\win64.o\librdi_rsb.dll
0x00007fff514e0000 - 0x00007fff518a3000 	E:\vivado\Vivado\2018.2\lib\win64.o\librdi_runs.dll
0x00007fffcbeb0000 - 0x00007fffcbf87000 	E:\vivado\Vivado\2018.2\lib\win64.o\librdi_runsbase.dll
0x00007fffc5a10000 - 0x00007fffc5c36000 	E:\vivado\Vivado\2018.2\lib\win64.o\librdi_simdata.dll
0x00007fff50280000 - 0x00007fff50f9d000 	E:\vivado\Vivado\2018.2\lib\win64.o\librdi_timing.dll
0x00007fffc3fb0000 - 0x00007fffc407b000 	E:\vivado\Vivado\2018.2\lib\win64.o\librdi_xhub.dll
0x00007fffdde30000 - 0x00007fffdde7c000 	E:\vivado\Vivado\2018.2\lib\win64.o\libboost_serialization.dll
0x00007fffdd070000 - 0x00007fffdd11f000 	E:\vivado\Vivado\2018.2\lib\win64.o\librdi_hip_devdesign.dll
0x00007fffccc60000 - 0x00007fffcccc6000 	E:\vivado\Vivado\2018.2\lib\win64.o\librdi_ipconfig_readwrite.dll
0x00007fffddb20000 - 0x00007fffddb58000 	E:\vivado\Vivado\2018.2\lib\win64.o\librdi_noc_frameworks.dll
0x00007fff4ec80000 - 0x00007fff4f773000 	E:\vivado\Vivado\2018.2\lib\win64.o\libverific.dll
0x00007fffcc570000 - 0x00007fffcc5f8000 	E:\vivado\Vivado\2018.2\lib\win64.o\librdi_hip_config.dll
0x00007fffcc270000 - 0x00007fffcc30e000 	E:\vivado\Vivado\2018.2\lib\win64.o\libise.dll
0x00007fff4fd30000 - 0x00007fff5027e000 	E:\vivado\Vivado\2018.2\lib\win64.o\librdi_xdm.dll
0x00007fff4f780000 - 0x00007fff4fd21000 	E:\vivado\Vivado\2018.2\lib\win64.o\librdi_wavedata.dll
0x00007fffdaa90000 - 0x00007fffdaad9000 	E:\vivado\Vivado\2018.2\lib\win64.o\librdi_wavedata_SimpleApi.dll
0x00007fff4dd80000 - 0x00007fff4ec71000 	E:\vivado\Vivado\2018.2\lib\win64.o\librdi_route.dll
0x00007fff4bf90000 - 0x00007fff4dd72000 	E:\vivado\Vivado\2018.2\lib\win64.o\librdi_synth.dll
0x00007fff8f050000 - 0x00007fff8f293000 	E:\vivado\Vivado\2018.2\lib\win64.o\librdi_hsm.dll
0x00007fff4a010000 - 0x00007fff4a5d2000 	E:\vivado\Vivado\2018.2\lib\win64.o\librdi_abc_nomp.dll
0x00007ff809d50000 - 0x00007ff809d6a000 	E:\vivado\Vivado\2018.2\lib\win64.o\librdi_hmetis.dll

VM Arguments:
jvm_args: -Dsun.java2d.pmoffscreen=false -Dsun.java2d.xrender=false -Dsun.java2d.d3d=false -Dsun.awt.nopixfmt=true -Xverify:none -Dswing.aatext=true -XX:-UsePerfData -Djdk.map.althashing.threshold=512 -XX:StringTableSize=4072 -XX:NewSize=60m -XX:MaxNewSize=60m -Xms128m -Xmx3072m -Xss5m 
java_command: <unknown>
java_class_path (initial): E:/vivado/Vivado/2018.2\lib\classes\alloy.jar;E:/vivado/Vivado/2018.2\lib\classes\autopilot.scelaborator.jar;E:/vivado/Vivado/2018.2\lib\classes\autopilot.sourceprocessor.jar;E:/vivado/Vivado/2018.2\lib\classes\autopilot.tbprocessor.jar;E:/vivado/Vivado/2018.2\lib\classes\batik-anim.jar;E:/vivado/Vivado/2018.2\lib\classes\batik-awt-util.jar;E:/vivado/Vivado/2018.2\lib\classes\batik-bridge.jar;E:/vivado/Vivado/2018.2\lib\classes\batik-codec.jar;E:/vivado/Vivado/2018.2\lib\classes\batik-css.jar;E:/vivado/Vivado/2018.2\lib\classes\batik-dom.jar;E:/vivado/Vivado/2018.2\lib\classes\batik-ext.jar;E:/vivado/Vivado/2018.2\lib\classes\batik-gui-util.jar;E:/vivado/Vivado/2018.2\lib\classes\batik-gvt.jar;E:/vivado/Vivado/2018.2\lib\classes\batik-parser.jar;E:/vivado/Vivado/2018.2\lib\classes\batik-script.jar;E:/vivado/Vivado/2018.2\lib\classes\batik-svg-dom.jar;E:/vivado/Vivado/2018.2\lib\classes\batik-swing.jar;E:/vivado/Vivado/2018.2\lib\classes\batik-transcoder.jar;E:/vivado/Vivado/2018.2\lib\classes\batik-util.jar;E:/vivado/Vivado/2018.2\lib\classes\batik-xml.jar;E:/vivado/Vivado/2018.2\lib\classes\com.ibm.icu_4.4.2.v20110208.jar;E:/vivado/Vivado/2018.2\lib\classes\commons-collections4-4.1.jar;E:/vivado/Vivado/2018.2\lib\classes\commons-math-2.2.jar;E:/vivado/Vivado/2018.2\lib\classes\dom4j-1.6.1.jar;E:/vivado/Vivado/2018.2\lib\classes\guava-18.0.jar;E:/vivado/Vivado/2018.2\lib\classes\help.jar;E:/vivado/Vivado/2018.2\lib\classes\hsqldb.jar;E:/vivado/Vivado/2018.2\lib\classes\jargs.jar;E:/vivado/Vivado/2018.2\lib\classes\jh.jar;E:/vivado/Vivado/2018.2\lib\classes\jide-action.jar;E:/vivado/Vivado/2018.2\lib\classes\jide-charts.jar;E:/vivado/Vivado/2018.2\lib\classes\jide-common.jar;E:/vivado/Vivado/2018.2\lib\classes\jide-components.jar;E:/vivado/Vivado/2018.2\lib\classes\jide-dashboard.jar;E:/vivado/Vivado/2018.2\lib\classes\jide-data.jar;E:/vivado/Vivado/2018.2\lib\classes\jide-dialogs.jar;E:/vivado/Vivado/2018.2\lib\classes\jide-diff.jar;E:/v
Launcher Type: generic

Environment Variables:
USERNAME=ahmed
OS=Windows_NT
PROCESSOR_IDENTIFIER=Intel64 Family 6 Model 158 Stepping 10, GenuineIntel



---------------  S Y S T E M  ---------------

OS: Windows 10.0 , 64 bit Build 22000 (10.0.22000.708)

CPU:total 12 (6 cores per cpu, 2 threads per core) family 6 model 158 stepping 10, cmov, cx8, fxsr, mmx, sse, sse2, sse3, ssse3, sse4.1, sse4.2, popcnt, avx, avx2, aes, clmul, erms, 3dnowpref, lzcnt, ht, tsc, tscinvbit, bmi1, bmi2, adx

Memory: 4k page, physical 16624328k(6809088k free), swap 20833368k(5698076k free)

vm_info: Java HotSpot(TM) 64-Bit Server VM (25.112-b15) for windows-amd64 JRE (1.8.0_112-b15), built on Sep 22 2016 21:31:56 by "java_re" with MS VC++ 10.0 (VS2010)

time: Sat Nov 05 21:35:45 2022
elapsed time: 47 seconds (0d 0h 0m 47s)

