#
# A fatal error has been detected by the Java Runtime Environment:
#
#  EXCEPTION_ACCESS_VIOLATION (0xc0000005) at pc=0x00007fffc5db173f, pid=25208, tid=0x0000000000005e88
#
# JRE version: Java(TM) SE Runtime Environment (8.0_112-b15) (build 1.8.0_112-b15)
# Java VM: Java HotSpot(TM) 64-Bit Server VM (25.112-b15 mixed mode windows-amd64 compressed oops)
# Problematic frame:
# C  [librdi_common.dll+0x17173f]
#
# Failed to write core dump. Minidumps are not enabled by default on client versions of Windows
#
# If you would like to submit a bug report, please visit:
#   http://bugreport.java.com/bugreport/crash.jsp
# The crash happened outside the Java Virtual Machine in native code.
# See problematic frame for where to report the bug.
#

---------------  T H R E A D  ---------------

Current thread (0x0000025a6269f000):  JavaThread "AWT-EventQueue-1" [_thread_in_native, id=24200, stack(0x000000e63d400000,0x000000e63d900000)]

siginfo: ExceptionCode=0xc0000005, reading address 0xffffffffffffffff

Registers:
RAX=0x0000025a3e47a201, RBX=0x000000e63d8fc860, RCX=0x0000025a3e47a250, RDX=0x90035700d218f272
RSP=0x000000e63d8fc7a0, RBP=0x0000000000000000, RSI=0x0000000000000000, RDI=0x90035700d218f272
R8 =0x000000e63d8fc9a0, R9 =0x0000000000000000, R10=0x00007ff80bdb0000, R11=0x000000e63d8fc828
R12=0x0000000000000000, R13=0x000000e63d8fcc00, R14=0x000000e63d8fc9a0, R15=0x0000025a779270c0
RIP=0x00007fffc5db173f, EFLAGS=0x0000000000010202

Top of Stack: (sp=0x000000e63d8fc7a0)
0x000000e63d8fc7a0:   0000000702337ff8 00000007c00cbeb0
0x000000e63d8fc7b0:   00000007010d6ef0 000000e63d8fc860
0x000000e63d8fc7c0:   0000000700000000 fffffffffffffffe
0x000000e63d8fc7d0:   0000000000000000 0000c9cac915d17d
0x000000e63d8fc7e0:   0000000000000000 000000000000000f
0x000000e63d8fc7f0:   000000e63d8fc9a0 0000000000000002
0x000000e63d8fc800:   000000000000000b 0000000000000007
0x000000e63d8fc810:   0000b2854fa86225 0000025a48655628
0x000000e63d8fc820:   0000025a759fe438 00007fffc5cb8e1d
0x000000e63d8fc830:   0000025a00000000 0000025a00000000
0x000000e63d8fc840:   0000025a752ecc30 000000e63d8fc9a0
0x000000e63d8fc850:   0000025a752ecc30 fffffffffffffffe
0x000000e63d8fc860:   0000025a00000001 0000000700000000
0x000000e63d8fc870:   0000000702337e08 00000007c00cbeb0
0x000000e63d8fc880:   0000b2854fa86db5 00000007c00cbeb0
0x000000e63d8fc890:   0000025a779270c0 00007fff4f88ec96 

Instructions: (pc=0x00007fffc5db173f)
0x00007fffc5db171f:   6b 00 cc 48 83 f9 27 76 07 ff 15 32 45 6b 00 cc
0x00007fffc5db172f:   48 8b c8 e8 59 fa 57 00 48 8b c3 e9 1c 01 00 00
0x00007fffc5db173f:   48 8b 4f 50 48 85 c9 0f 84 ff 00 00 00 48 8d 54
0x00007fffc5db174f:   24 50 e8 7a e0 04 00 48 8b d0 48 8d 4c 24 30 e8 


Register to memory mapping:

RAX=0x0000025a3e47a201 is an unknown value
RBX=0x000000e63d8fc860 is pointing into the stack for thread: 0x0000025a6269f000
RCX=0x0000025a3e47a250 is an unknown value
RDX=0x90035700d218f272 is an unknown value
RSP=0x000000e63d8fc7a0 is pointing into the stack for thread: 0x0000025a6269f000
RBP=0x0000000000000000 is an unknown value
RSI=0x0000000000000000 is an unknown value
RDI=0x90035700d218f272 is an unknown value
R8 =0x000000e63d8fc9a0 is pointing into the stack for thread: 0x0000025a6269f000
R9 =0x0000000000000000 is an unknown value
R10=0x00007ff80bdb0000 is an unknown value
R11=0x000000e63d8fc828 is pointing into the stack for thread: 0x0000025a6269f000
R12=0x0000000000000000 is an unknown value
R13=0x000000e63d8fcc00 is pointing into the stack for thread: 0x0000025a6269f000
R14=0x000000e63d8fc9a0 is pointing into the stack for thread: 0x0000025a6269f000
R15=0x0000025a779270c0 is an unknown value


Stack: [0x000000e63d400000,0x000000e63d900000],  sp=0x000000e63d8fc7a0,  free space=5105k
Native frames: (J=compiled Java code, j=interpreted, Vv=VM code, C=native code)

Java frames: (J=compiled Java code, j=interpreted, Vv=VM code)
J 16162  ui.views.simulator.executive.simulationi.SimulationExecutive_getCodeTooltipValue(JLjava/lang/String;IZ)Ljava/lang/String; (0 bytes) @ 0x0000025a47646a1f [0x0000025a476469c0+0x5f]
J 15930 C1 ui.views.O.a.a(Ljava/awt/event/MouseEvent;Lui/views/d/b;)V (116 bytes) @ 0x0000025a49c4448c [0x0000025a49c43000+0x148c]
J 18097 C1 ui.views.O.d.mouseMoved(Ljava/awt/event/MouseEvent;)V (13 bytes) @ 0x0000025a4a50d854 [0x0000025a4a50d780+0xd4]
J 14254 C2 java.awt.AWTEventMulticaster.mouseMoved(Ljava/awt/event/MouseEvent;)V (27 bytes) @ 0x0000025a48233094 [0x0000025a48232fe0+0xb4]
J 14254 C2 java.awt.AWTEventMulticaster.mouseMoved(Ljava/awt/event/MouseEvent;)V (27 bytes) @ 0x0000025a48233054 [0x0000025a48232fe0+0x74]
J 15470 C2 javax.swing.JComponent.processMouseMotionEvent(Ljava/awt/event/MouseEvent;)V (46 bytes) @ 0x0000025a48168104 [0x0000025a48168080+0x84]
J 16007 C2 java.awt.Container.processEvent(Ljava/awt/AWTEvent;)V (22 bytes) @ 0x0000025a4a308774 [0x0000025a4a3085e0+0x194]
J 18709 C2 java.awt.Component.dispatchEventImpl(Ljava/awt/AWTEvent;)V (883 bytes) @ 0x0000025a4a9de194 [0x0000025a4a9dd4c0+0xcd4]
J 12937 C2 java.awt.Container.dispatchEventImpl(Ljava/awt/AWTEvent;)V (129 bytes) @ 0x0000025a4783bff8 [0x0000025a4783bfa0+0x58]
J 12746 C2 java.awt.LightweightDispatcher.retargetMouseEvent(Ljava/awt/Component;ILjava/awt/event/MouseEvent;)V (350 bytes) @ 0x0000025a48702ca0 [0x0000025a487027e0+0x4c0]
J 15084 C2 java.awt.LightweightDispatcher.processMouseEvent(Ljava/awt/event/MouseEvent;)Z (286 bytes) @ 0x0000025a49fbdb54 [0x0000025a49fbd640+0x514]
J 19063 C2 java.awt.Window.dispatchEventImpl(Ljava/awt/AWTEvent;)V (23 bytes) @ 0x0000025a491f8ffc [0x0000025a491f8d80+0x27c]
J 12376 C2 java.awt.EventQueue$3.run()Ljava/lang/Object; (5 bytes) @ 0x0000025a498c603c [0x0000025a498c5c60+0x3dc]
v  ~StubRoutines::call_stub
J 2273  java.security.AccessController.doPrivileged(Ljava/security/PrivilegedAction;Ljava/security/AccessControlContext;)Ljava/lang/Object; (0 bytes) @ 0x0000025a47c302a6 [0x0000025a47c30240+0x66]
J 14560 C2 java.awt.EventQueue$4.run()Ljava/lang/Object; (5 bytes) @ 0x0000025a49835eb4 [0x0000025a49835d20+0x194]
v  ~StubRoutines::call_stub
J 2273  java.security.AccessController.doPrivileged(Ljava/security/PrivilegedAction;Ljava/security/AccessControlContext;)Ljava/lang/Object; (0 bytes) @ 0x0000025a47c302a6 [0x0000025a47c30240+0x66]
J 16450 C2 ui.frmwork.b.d.dispatchEvent(Ljava/awt/AWTEvent;)V (45 bytes) @ 0x0000025a49ffe6d8 [0x0000025a49ffe420+0x2b8]
J 16762 C2 java.awt.EventDispatchThread.pumpOneEventForFilters(I)V (295 bytes) @ 0x0000025a4a3bc1b4 [0x0000025a4a3bbe60+0x354]
J 18467% C2 java.awt.EventDispatchThread.pumpEventsForFilter(ILjava/awt/Conditional;Ljava/awt/EventFilter;)V (47 bytes) @ 0x0000025a4a9375a0 [0x0000025a4a9374a0+0x100]
j  java.awt.EventDispatchThread.pumpEventsForHierarchy(ILjava/awt/Conditional;Ljava/awt/Component;)V+11
j  java.awt.EventDispatchThread.pumpEvents(ILjava/awt/Conditional;)V+4
j  java.awt.EventDispatchThread.pumpEvents(Ljava/awt/Conditional;)V+3
j  java.awt.EventDispatchThread.run()V+9
v  ~StubRoutines::call_stub

---------------  P R O C E S S  ---------------

Java Threads: ( => current thread )
  0x0000025a64b4a800 JavaThread "Relaunch Simulation" [_thread_in_native, id=16128, stack(0x000000e640e00000,0x000000e641300000)]
  0x0000025a64b4a000 JavaThread "Thread-449" [_thread_in_native, id=15764, stack(0x000000e63c700000,0x000000e63c800000)]
  0x0000025a64b49000 JavaThread "Thread-448" [_thread_in_native, id=8820, stack(0x000000e636e00000,0x000000e636f00000)]
  0x0000025a64b41800 JavaThread "Thread-399" [_thread_in_native, id=22720, stack(0x000000e63c700000,0x000000e63c800000)]
  0x0000025a64b46000 JavaThread "SyntheticaAnimation 50" daemon [_thread_blocked, id=20812, stack(0x000000e640900000,0x000000e640e00000)]
  0x0000025a64b44800 JavaThread "Thread-271" [_thread_in_native, id=25772, stack(0x000000e63c900000,0x000000e63ca00000)]
  0x0000025a64b43800 JavaThread "Thread-238" [_thread_in_native, id=26948, stack(0x000000e63c800000,0x000000e63c900000)]
  0x0000025a64b40000 JavaThread "Thread-237" [_thread_in_native, id=4464, stack(0x000000e63c700000,0x000000e63c800000)]
  0x0000025a64b43000 JavaThread "Image Animator 0" daemon [_thread_blocked, id=12188, stack(0x000000e642700000,0x000000e642c00000)]
  0x0000025a64c25800 JavaThread "SyntheticaAnimation 50" daemon [_thread_blocked, id=11372, stack(0x000000e640400000,0x000000e640900000)]
  0x0000025a64c26000 JavaThread "Thread-23" [_thread_in_native, id=20856, stack(0x000000e640f00000,0x000000e641000000)]
  0x0000025a64c1e000 JavaThread "Thread-22" [_thread_in_native, id=5692, stack(0x000000e640e00000,0x000000e640f00000)]
  0x0000025a6315a000 JavaThread "hw_ila_monitor" [_thread_blocked, id=23068, stack(0x000000e63d900000,0x000000e63de00000)]
  0x0000025a63159800 JavaThread "Update Runs Swing Worker" [_thread_blocked, id=22264, stack(0x000000e63ff00000,0x000000e640400000)]
  0x0000025a63157000 JavaThread "Refresh Filesets Swing Worker" [_thread_blocked, id=24748, stack(0x000000e63fa00000,0x000000e63ff00000)]
  0x0000025a63155000 JavaThread "SyntheticaAnimation 70" daemon [_thread_blocked, id=15116, stack(0x000000e63f500000,0x000000e63fa00000)]
  0x0000025a63154000 JavaThread "SyntheticaAnimation 25" daemon [_thread_blocked, id=19108, stack(0x000000e63eb00000,0x000000e63f000000)]
  0x0000025a63156800 JavaThread "SyntheticaAnimation 50" daemon [_thread_blocked, id=5696, stack(0x000000e63e600000,0x000000e63eb00000)]
  0x0000025a63158000 JavaThread "SyntheticaCleanerThread" daemon [_thread_blocked, id=12716, stack(0x000000e63de00000,0x000000e63e300000)]
  0x0000025a62799000 JavaThread "Batik CleanerThread" daemon [_thread_blocked, id=17720, stack(0x000000e63ca00000,0x000000e63cf00000)]
=>0x0000025a6269f000 JavaThread "AWT-EventQueue-1" [_thread_in_native, id=24200, stack(0x000000e63d400000,0x000000e63d900000)]
  0x0000025a6291e000 JavaThread "Process Messages" [_thread_blocked, id=22352, stack(0x000000e63cf00000,0x000000e63d400000)]
  0x0000025a626b9000 JavaThread "Thread-3" [_thread_in_native, id=2028, stack(0x000000e637000000,0x000000e638400000)]
  0x0000025a6130d000 JavaThread "AWT-Windows" daemon [_thread_in_native, id=6472, stack(0x000000e63c000000,0x000000e63c500000)]
  0x0000025a6130c800 JavaThread "AWT-Shutdown" [_thread_blocked, id=2608, stack(0x000000e63bb00000,0x000000e63c000000)]
  0x0000025a6130b800 JavaThread "Java2D Disposer" daemon [_thread_blocked, id=21924, stack(0x000000e63b600000,0x000000e63bb00000)]
  0x0000025a6128c000 JavaThread "TimerQueue" daemon [_thread_blocked, id=16072, stack(0x000000e63b100000,0x000000e63b600000)]
  0x0000025a609ae000 JavaThread "Service Thread" daemon [_thread_blocked, id=10796, stack(0x000000e63ab00000,0x000000e63b000000)]
  0x0000025a5e679000 JavaThread "C1 CompilerThread3" daemon [_thread_blocked, id=16732, stack(0x000000e63aa00000,0x000000e63ab00000)]
  0x0000025a5e678000 JavaThread "C2 CompilerThread2" daemon [_thread_blocked, id=5340, stack(0x000000e63a900000,0x000000e63aa00000)]
  0x0000025a609a0000 JavaThread "C2 CompilerThread1" daemon [_thread_blocked, id=2664, stack(0x000000e63a800000,0x000000e63a900000)]
  0x0000025a6099c000 JavaThread "C2 CompilerThread0" daemon [_thread_blocked, id=19304, stack(0x000000e63a700000,0x000000e63a800000)]
  0x0000025a6099b000 JavaThread "Attach Listener" daemon [_thread_blocked, id=18436, stack(0x000000e63a200000,0x000000e63a700000)]
  0x0000025a60999000 JavaThread "Signal Dispatcher" daemon [_thread_blocked, id=27416, stack(0x000000e639d00000,0x000000e63a200000)]
  0x0000025a5e65d800 JavaThread "Finalizer" daemon [_thread_blocked, id=11212, stack(0x000000e639800000,0x000000e639d00000)]
  0x0000025a5e63c800 JavaThread "Reference Handler" daemon [_thread_blocked, id=19556, stack(0x000000e639300000,0x000000e639800000)]
  0x0000025a473e4800 JavaThread "main" [_thread_blocked, id=11044, stack(0x000000e638700000,0x000000e638800000)]

Other Threads:
  0x0000025a5e632800 VMThread [stack: 0x000000e639200000,0x000000e639300000] [id=9628]
  0x0000025a5e67b800 WatcherThread [stack: 0x000000e63b000000,0x000000e63b100000] [id=24612]

VM state:not at safepoint (normal execution)

VM Mutex/Monitor currently owned by a thread: None

Heap:
 PSYoungGen      total 51200K, used 33816K [0x00000007bc400000, 0x00000007c0000000, 0x00000007c0000000)
  eden space 46080K, 62% used [0x00000007bc400000,0x00000007be03ee48,0x00000007bf100000)
  from space 5120K, 95% used [0x00000007bf100000,0x00000007bf5c7230,0x00000007bf600000)
  to   space 8192K, 0% used [0x00000007bf800000,0x00000007bf800000,0x00000007c0000000)
 ParOldGen       total 169984K, used 52423K [0x0000000700000000, 0x000000070a600000, 0x00000007bc400000)
  object space 169984K, 30% used [0x0000000700000000,0x0000000703331d80,0x000000070a600000)
 Metaspace       used 70304K, capacity 70949K, committed 71680K, reserved 1112064K
  class space    used 9579K, capacity 9701K, committed 9728K, reserved 1048576K

Card table byte_map: [0x0000025a568a0000,0x0000025a56eb0000] byte_map_base: 0x0000025a530a0000

Marking Bits: (ParMarkBitMap*) 0x000000007232a6d0
 Begin Bits: [0x0000025a574a0000, 0x0000025a5a4a0000)
 End Bits:   [0x0000025a5a4a0000, 0x0000025a5d4a0000)

Polling page: 0x0000025a3e2f0000

CodeCache: size=245760Kb used=54375Kb max_used=54887Kb free=191384Kb
 bounds [0x0000025a474e0000, 0x0000025a4aaf0000, 0x0000025a564e0000]
 total_blobs=15137 nmethods=14232 adapters=808
 compilation: enabled

Compilation events (10 events):
Event: 1156.095 Thread 0x0000025a5e679000 19059       3       javax.swing.plaf.basic.BasicMenuUI::createMouseInputListener (5 bytes)
Event: 1156.095 Thread 0x0000025a5e679000 nmethod 19059 0x0000025a4a5f56d0 code [0x0000025a4a5f5860, 0x0000025a4a5f5cf8]
Event: 1156.095 Thread 0x0000025a5e679000 19060       3       javax.swing.plaf.basic.BasicMenuUI::createMenuDragMouseListener (5 bytes)
Event: 1156.096 Thread 0x0000025a5e679000 nmethod 19060 0x0000025a49c83e50 code [0x0000025a49c83fe0, 0x0000025a49c84478]
Event: 1156.572 Thread 0x0000025a609a0000 19063       4       java.awt.Window::dispatchEventImpl (23 bytes)
Event: 1156.576 Thread 0x0000025a609a0000 nmethod 19063 0x0000025a491f8b90 code [0x0000025a491f8d80, 0x0000025a491f9480]
Event: 1156.798 Thread 0x0000025a5e679000 19064       3       sun.awt.windows.WKeyboardFocusManagerPeer::setCurrentFocusOwner (16 bytes)
Event: 1156.799 Thread 0x0000025a5e679000 nmethod 19064 0x0000025a49c83990 code [0x0000025a49c83b00, 0x0000025a49c83d90]
Event: 1156.876 Thread 0x0000025a5e679000 19066       3       ui.utils.i.af::ny (77 bytes)
Event: 1156.877 Thread 0x0000025a5e679000 nmethod 19066 0x0000025a47d84850 code [0x0000025a47d84ae0, 0x0000025a47d86120]

GC Heap History (10 events):
Event: 1144.550 GC heap before
{Heap before GC invocations=430 (full 143):
 PSYoungGen      total 52736K, used 43936K [0x00000007bc400000, 0x00000007c0000000, 0x00000007c0000000)
  eden space 43520K, 100% used [0x00000007bc400000,0x00000007bee80000,0x00000007bee80000)
  from space 9216K, 4% used [0x00000007bf700000,0x00000007bf768000,0x00000007c0000000)
  to   space 8704K, 0% used [0x00000007bee80000,0x00000007bee80000,0x00000007bf700000)
 ParOldGen       total 169984K, used 52423K [0x0000000700000000, 0x000000070a600000, 0x00000007bc400000)
  object space 169984K, 30% used [0x0000000700000000,0x0000000703331d80,0x000000070a600000)
 Metaspace       used 70244K, capacity 70885K, committed 71424K, reserved 1112064K
  class space    used 9578K, capacity 9701K, committed 9728K, reserved 1048576K
Event: 1144.554 GC heap after
Heap after GC invocations=430 (full 143):
 PSYoungGen      total 52224K, used 608K [0x00000007bc400000, 0x00000007c0000000, 0x00000007c0000000)
  eden space 43520K, 0% used [0x00000007bc400000,0x00000007bc400000,0x00000007bee80000)
  from space 8704K, 6% used [0x00000007bee80000,0x00000007bef18000,0x00000007bf700000)
  to   space 8704K, 0% used [0x00000007bf780000,0x00000007bf780000,0x00000007c0000000)
 ParOldGen       total 169984K, used 52423K [0x0000000700000000, 0x000000070a600000, 0x00000007bc400000)
  object space 169984K, 30% used [0x0000000700000000,0x0000000703331d80,0x000000070a600000)
 Metaspace       used 70244K, capacity 70885K, committed 71424K, reserved 1112064K
  class space    used 9578K, capacity 9701K, committed 9728K, reserved 1048576K
}
Event: 1146.256 GC heap before
{Heap before GC invocations=431 (full 143):
 PSYoungGen      total 52224K, used 44128K [0x00000007bc400000, 0x00000007c0000000, 0x00000007c0000000)
  eden space 43520K, 100% used [0x00000007bc400000,0x00000007bee80000,0x00000007bee80000)
  from space 8704K, 6% used [0x00000007bee80000,0x00000007bef18000,0x00000007bf700000)
  to   space 8704K, 0% used [0x00000007bf780000,0x00000007bf780000,0x00000007c0000000)
 ParOldGen       total 169984K, used 52423K [0x0000000700000000, 0x000000070a600000, 0x00000007bc400000)
  object space 169984K, 30% used [0x0000000700000000,0x0000000703331d80,0x000000070a600000)
 Metaspace       used 70248K, capacity 70885K, committed 71424K, reserved 1112064K
  class space    used 9578K, capacity 9701K, committed 9728K, reserved 1048576K
Event: 1146.259 GC heap after
Heap after GC invocations=431 (full 143):
 PSYoungGen      total 53248K, used 672K [0x00000007bc400000, 0x00000007c0000000, 0x00000007c0000000)
  eden space 44544K, 0% used [0x00000007bc400000,0x00000007bc400000,0x00000007bef80000)
  from space 8704K, 7% used [0x00000007bf780000,0x00000007bf828000,0x00000007c0000000)
  to   space 8192K, 0% used [0x00000007bef80000,0x00000007bef80000,0x00000007bf780000)
 ParOldGen       total 169984K, used 52423K [0x0000000700000000, 0x000000070a600000, 0x00000007bc400000)
  object space 169984K, 30% used [0x0000000700000000,0x0000000703331d80,0x000000070a600000)
 Metaspace       used 70248K, capacity 70885K, committed 71424K, reserved 1112064K
  class space    used 9578K, capacity 9701K, committed 9728K, reserved 1048576K
}
Event: 1149.371 GC heap before
{Heap before GC invocations=432 (full 143):
 PSYoungGen      total 53248K, used 45216K [0x00000007bc400000, 0x00000007c0000000, 0x00000007c0000000)
  eden space 44544K, 100% used [0x00000007bc400000,0x00000007bef80000,0x00000007bef80000)
  from space 8704K, 7% used [0x00000007bf780000,0x00000007bf828000,0x00000007c0000000)
  to   space 8192K, 0% used [0x00000007bef80000,0x00000007bef80000,0x00000007bf780000)
 ParOldGen       total 169984K, used 52423K [0x0000000700000000, 0x000000070a600000, 0x00000007bc400000)
  object space 169984K, 30% used [0x0000000700000000,0x0000000703331d80,0x000000070a600000)
 Metaspace       used 70251K, capacity 70885K, committed 71424K, reserved 1112064K
  class space    used 9578K, capacity 9701K, committed 9728K, reserved 1048576K
Event: 1149.374 GC heap after
Heap after GC invocations=432 (full 143):
 PSYoungGen      total 52736K, used 2689K [0x00000007bc400000, 0x00000007c0000000, 0x00000007c0000000)
  eden space 44544K, 0% used [0x00000007bc400000,0x00000007bc400000,0x00000007bef80000)
  from space 8192K, 32% used [0x00000007bef80000,0x00000007bf220740,0x00000007bf780000)
  to   space 7680K, 0% used [0x00000007bf880000,0x00000007bf880000,0x00000007c0000000)
 ParOldGen       total 169984K, used 52423K [0x0000000700000000, 0x000000070a600000, 0x00000007bc400000)
  object space 169984K, 30% used [0x0000000700000000,0x0000000703331d80,0x000000070a600000)
 Metaspace       used 70251K, capacity 70885K, committed 71424K, reserved 1112064K
  class space    used 9578K, capacity 9701K, committed 9728K, reserved 1048576K
}
Event: 1153.129 GC heap before
{Heap before GC invocations=433 (full 143):
 PSYoungGen      total 52736K, used 47233K [0x00000007bc400000, 0x00000007c0000000, 0x00000007c0000000)
  eden space 44544K, 100% used [0x00000007bc400000,0x00000007bef80000,0x00000007bef80000)
  from space 8192K, 32% used [0x00000007bef80000,0x00000007bf220740,0x00000007bf780000)
  to   space 7680K, 0% used [0x00000007bf880000,0x00000007bf880000,0x00000007c0000000)
 ParOldGen       total 169984K, used 52423K [0x0000000700000000, 0x000000070a600000, 0x00000007bc400000)
  object space 169984K, 30% used [0x0000000700000000,0x0000000703331d80,0x000000070a600000)
 Metaspace       used 70266K, capacity 70885K, committed 71424K, reserved 1112064K
  class space    used 9578K, capacity 9701K, committed 9728K, reserved 1048576K
Event: 1153.132 GC heap after
Heap after GC invocations=433 (full 143):
 PSYoungGen      total 53760K, used 3324K [0x00000007bc400000, 0x00000007c0000000, 0x00000007c0000000)
  eden space 46080K, 0% used [0x00000007bc400000,0x00000007bc400000,0x00000007bf100000)
  from space 7680K, 43% used [0x00000007bf880000,0x00000007bfbbf230,0x00000007c0000000)
  to   space 7680K, 0% used [0x00000007bf100000,0x00000007bf100000,0x00000007bf880000)
 ParOldGen       total 169984K, used 52423K [0x0000000700000000, 0x000000070a600000, 0x00000007bc400000)
  object space 169984K, 30% used [0x0000000700000000,0x0000000703331d80,0x000000070a600000)
 Metaspace       used 70266K, capacity 70885K, committed 71424K, reserved 1112064K
  class space    used 9578K, capacity 9701K, committed 9728K, reserved 1048576K
}
Event: 1155.135 GC heap before
{Heap before GC invocations=434 (full 143):
 PSYoungGen      total 53760K, used 49404K [0x00000007bc400000, 0x00000007c0000000, 0x00000007c0000000)
  eden space 46080K, 100% used [0x00000007bc400000,0x00000007bf100000,0x00000007bf100000)
  from space 7680K, 43% used [0x00000007bf880000,0x00000007bfbbf230,0x00000007c0000000)
  to   space 7680K, 0% used [0x00000007bf100000,0x00000007bf100000,0x00000007bf880000)
 ParOldGen       total 169984K, used 52423K [0x0000000700000000, 0x000000070a600000, 0x00000007bc400000)
  object space 169984K, 30% used [0x0000000700000000,0x0000000703331d80,0x000000070a600000)
 Metaspace       used 70289K, capacity 70949K, committed 71680K, reserved 1112064K
  class space    used 9579K, capacity 9701K, committed 9728K, reserved 1048576K
Event: 1155.140 GC heap after
Heap after GC invocations=434 (full 143):
 PSYoungGen      total 51200K, used 4892K [0x00000007bc400000, 0x00000007c0000000, 0x00000007c0000000)
  eden space 46080K, 0% used [0x00000007bc400000,0x00000007bc400000,0x00000007bf100000)
  from space 5120K, 95% used [0x00000007bf100000,0x00000007bf5c7230,0x00000007bf600000)
  to   space 8192K, 0% used [0x00000007bf800000,0x00000007bf800000,0x00000007c0000000)
 ParOldGen       total 169984K, used 52423K [0x0000000700000000, 0x000000070a600000, 0x00000007bc400000)
  object space 169984K, 30% used [0x0000000700000000,0x0000000703331d80,0x000000070a600000)
 Metaspace       used 70289K, capacity 70949K, committed 71680K, reserved 1112064K
  class space    used 9579K, capacity 9701K, committed 9728K, reserved 1048576K
}

Deoptimization events (10 events):
Event: 1096.029 Thread 0x0000025a6269f000 Uncommon trap: reason=class_check action=maybe_recompile pc=0x0000025a4a65fac4 method=com.jidesoft.editor.CodeEditor._offsetToX(I)I @ 205
Event: 1096.029 Thread 0x0000025a6269f000 Uncommon trap: reason=class_check action=maybe_recompile pc=0x0000025a48d86fc0 method=com.jidesoft.editor.c.<init>(Lcom/jidesoft/editor/CodeEditor;I)V @ 40
Event: 1098.958 Thread 0x0000025a6269f000 Uncommon trap: reason=null_check action=make_not_entrant pc=0x0000025a4a71de7c method=de.javasoft.plaf.synthetica.SyntheticaLookAndFeel.findComponent(Ljava/lang/String;Ljava/awt/Container;)Ljava/awt/Component; @ 25
Event: 1103.012 Thread 0x0000025a64c25800 Uncommon trap: reason=null_check action=make_not_entrant pc=0x0000025a4a5f7214 method=ui.utils.lnf.b.run()V @ 130
Event: 1103.124 Thread 0x0000025a6269f000 Uncommon trap: reason=unstable_if action=reinterpret pc=0x0000025a4a1b82b8 method=java.util.HashMap.removeNode(ILjava/lang/Object;Ljava/lang/Object;ZZ)Ljava/util/HashMap$Node; @ 133
Event: 1103.124 Thread 0x0000025a6269f000 Uncommon trap: reason=class_check action=maybe_recompile pc=0x0000025a4876c2cc method=java.util.HashMap.removeNode(ILjava/lang/Object;Ljava/lang/Object;ZZ)Ljava/util/HashMap$Node; @ 68
Event: 1146.939 Thread 0x0000025a6269f000 Uncommon trap: reason=unstable_if action=reinterpret pc=0x0000025a49a6ccfc method=ui.views.S.b.i.paintExpandControl(Ljava/awt/Graphics;Ljava/awt/Rectangle;Ljava/awt/Insets;Ljava/awt/Rectangle;Ljavax/swing/tree/TreePath;IZZZ)V @ 225
Event: 1146.939 Thread 0x0000025a6269f000 Uncommon trap: reason=unstable_if action=reinterpret pc=0x0000025a4a41e780 method=ui.views.S.b.i.paintExpandControl(Ljava/awt/Graphics;Ljava/awt/Rectangle;Ljava/awt/Insets;Ljava/awt/Rectangle;Ljavax/swing/tree/TreePath;IZZZ)V @ 225
Event: 1146.961 Thread 0x0000025a6269f000 Uncommon trap: reason=unstable_if action=reinterpret pc=0x0000025a4a40f0d0 method=ui.views.S.b.i.paintExpandControl(Ljava/awt/Graphics;Ljava/awt/Rectangle;Ljava/awt/Insets;Ljava/awt/Rectangle;Ljavax/swing/tree/TreePath;IZZZ)V @ 225
Event: 1155.645 Thread 0x0000025a6269f000 Uncommon trap: reason=unstable_if action=reinterpret pc=0x0000025a4a4033ec method=sun.dc.DuctusRenderingEngine.getAATileGenerator(Ljava/awt/Shape;Ljava/awt/geom/AffineTransform;Lsun/java2d/pipe/Region;Ljava/awt/BasicStroke;ZZ[I)Lsun/java2d/pipe/AATileGene

Internal exceptions (10 events):
Event: 1136.719 Thread 0x0000025a6269f000 Exception <a 'java/io/FileNotFoundException'> (0x00000007bd929468) thrown at [C:\re\workspace\8-2-build-windows-amd64-cygwin\jdk8u112\7884\hotspot\src\share\vm\prims\jni.cpp, line 709]
Event: 1136.836 Thread 0x0000025a6269f000 Exception <a 'java/io/FileNotFoundException'> (0x00000007bd994618) thrown at [C:\re\workspace\8-2-build-windows-amd64-cygwin\jdk8u112\7884\hotspot\src\share\vm\prims\jni.cpp, line 709]
Event: 1141.719 Thread 0x0000025a6269f000 Exception <a 'java/io/FileNotFoundException'> (0x00000007be2f2700) thrown at [C:\re\workspace\8-2-build-windows-amd64-cygwin\jdk8u112\7884\hotspot\src\share\vm\prims\jni.cpp, line 709]
Event: 1141.837 Thread 0x0000025a6269f000 Exception <a 'java/io/FileNotFoundException'> (0x00000007be2f99e0) thrown at [C:\re\workspace\8-2-build-windows-amd64-cygwin\jdk8u112\7884\hotspot\src\share\vm\prims\jni.cpp, line 709]
Event: 1146.734 Thread 0x0000025a6269f000 Exception <a 'java/io/FileNotFoundException'> (0x00000007bcdff0e0) thrown at [C:\re\workspace\8-2-build-windows-amd64-cygwin\jdk8u112\7884\hotspot\src\share\vm\prims\jni.cpp, line 709]
Event: 1146.851 Thread 0x0000025a6269f000 Exception <a 'java/io/FileNotFoundException'> (0x00000007bd002ba8) thrown at [C:\re\workspace\8-2-build-windows-amd64-cygwin\jdk8u112\7884\hotspot\src\share\vm\prims\jni.cpp, line 709]
Event: 1151.734 Thread 0x0000025a6269f000 Exception <a 'java/io/FileNotFoundException'> (0x00000007bdedf118) thrown at [C:\re\workspace\8-2-build-windows-amd64-cygwin\jdk8u112\7884\hotspot\src\share\vm\prims\jni.cpp, line 709]
Event: 1151.839 Thread 0x0000025a6269f000 Exception <a 'java/io/FileNotFoundException'> (0x00000007bdeed420) thrown at [C:\re\workspace\8-2-build-windows-amd64-cygwin\jdk8u112\7884\hotspot\src\share\vm\prims\jni.cpp, line 709]
Event: 1156.735 Thread 0x0000025a6269f000 Exception <a 'java/io/FileNotFoundException'> (0x00000007bd1fd7a0) thrown at [C:\re\workspace\8-2-build-windows-amd64-cygwin\jdk8u112\7884\hotspot\src\share\vm\prims\jni.cpp, line 709]
Event: 1156.869 Thread 0x0000025a6269f000 Exception <a 'java/io/FileNotFoundException'> (0x00000007bdd8e490) thrown at [C:\re\workspace\8-2-build-windows-amd64-cygwin\jdk8u112\7884\hotspot\src\share\vm\prims\jni.cpp, line 709]

Events (10 events):
Event: 1155.645 Thread 0x0000025a6269f000 DEOPT PACKING pc=0x0000025a4a4033ec sp=0x000000e63d8fb380
Event: 1155.645 Thread 0x0000025a6269f000 DEOPT UNPACKING pc=0x0000025a47525832 sp=0x000000e63d8fb2d0 mode 2
Event: 1155.941 Thread 0x0000025a64b4a800 Thread exited: 0x0000025a64b4a800
Event: 1155.941 Executing VM operation: RevokeBias
Event: 1155.941 Executing VM operation: RevokeBias done
Event: 1156.055 Thread 0x0000025a64b4a800 Thread added: 0x0000025a64b4a800
Event: 1156.059 Executing VM operation: RevokeBias
Event: 1156.059 Executing VM operation: RevokeBias done
Event: 1156.094 Executing VM operation: BulkRevokeBias
Event: 1156.095 Executing VM operation: BulkRevokeBias done


Dynamic libraries:
0x00007ff69f4f0000 - 0x00007ff69f520000 	E:\vivado\Vivado\2018.2\bin\unwrapped\win64.o\vivado.exe
0x00007ff824060000 - 0x00007ff824269000 	C:\WINDOWS\SYSTEM32\ntdll.dll
0x00007ff822e70000 - 0x00007ff822f2d000 	C:\WINDOWS\System32\KERNEL32.DLL
0x00007ff821950000 - 0x00007ff821ccb000 	C:\WINDOWS\System32\KERNELBASE.dll
0x00007ff8216c0000 - 0x00007ff8217d1000 	C:\WINDOWS\System32\ucrtbase.dll
0x00007fffc5c40000 - 0x00007fffc6a59000 	E:\vivado\Vivado\2018.2\lib\win64.o\librdi_common.dll
0x00007ff811010000 - 0x00007ff811024000 	E:\vivado\Vivado\2018.2\lib\win64.o\librdi_commonmain.dll
0x00007ff80bdd0000 - 0x00007ff80be5e000 	C:\WINDOWS\SYSTEM32\MSVCP140.dll
0x00007ff811270000 - 0x00007ff811284000 	E:\vivado\Vivado\2018.2\lib\win64.o\libboost_signals.dll
0x00007ff80bdb0000 - 0x00007ff80bdcb000 	C:\WINDOWS\SYSTEM32\VCRUNTIME140.dll
0x00007ff822400000 - 0x00007ff8225ad000 	C:\WINDOWS\System32\USER32.dll
0x00007ff821cd0000 - 0x00007ff821cf6000 	C:\WINDOWS\System32\win32u.dll
0x00007fffc42d0000 - 0x00007fffc463e000 	E:\vivado\Vivado\2018.2\lib\win64.o\libCOIN-all.dll
0x00007fffdb470000 - 0x00007fffdb725000 	E:\vivado\Vivado\2018.2\lib\win64.o\libXil_lmgr11.dll
0x00007ff822250000 - 0x00007ff822279000 	C:\WINDOWS\System32\GDI32.dll
0x00007ff80e570000 - 0x00007ff80e584000 	E:\vivado\Vivado\2018.2\lib\win64.o\libboost_date_time.dll
0x00007ff821f50000 - 0x00007ff82203c000 	C:\WINDOWS\System32\COMDLG32.dll
0x00007ff821d00000 - 0x00007ff821e18000 	C:\WINDOWS\System32\gdi32full.dll
0x00007ff822990000 - 0x00007ff822d07000 	C:\WINDOWS\System32\combase.dll
0x00007ff821530000 - 0x00007ff8215cd000 	C:\WINDOWS\System32\msvcp_win.dll
0x00007ff80c2d0000 - 0x00007ff80c34f000 	E:\vivado\Vivado\2018.2\lib\win64.o\libboost_program_options.dll
0x00007ff810ae0000 - 0x00007ff810b06000 	E:\vivado\Vivado\2018.2\lib\win64.o\libboost_filesystem.dll
0x00007ff822790000 - 0x00007ff8228b0000 	C:\WINDOWS\System32\RPCRT4.dll
0x00007ff8220b0000 - 0x00007ff82215e000 	C:\WINDOWS\System32\ADVAPI32.dll
0x00007ff822170000 - 0x00007ff822213000 	C:\WINDOWS\System32\msvcrt.dll
0x00007ff822f90000 - 0x00007ff82307a000 	C:\WINDOWS\System32\shcore.dll
0x00007fffdb730000 - 0x00007fffdb844000 	E:\vivado\Vivado\2018.2\lib\win64.o\libboost_regex.dll
0x00007ff823f80000 - 0x00007ff82401e000 	C:\WINDOWS\System32\sechost.dll
0x00007ff823f20000 - 0x00007ff823f7d000 	C:\WINDOWS\System32\SHLWAPI.dll
0x00007ff823090000 - 0x00007ff823848000 	C:\WINDOWS\System32\SHELL32.dll
0x00007ff8115a0000 - 0x00007ff8115aa000 	E:\vivado\Vivado\2018.2\lib\win64.o\librdi_commonversion.dll
0x00007ff811370000 - 0x00007ff81137b000 	E:\vivado\Vivado\2018.2\lib\win64.o\libboost_system.dll
0x00007ff8228b0000 - 0x00007ff822986000 	C:\WINDOWS\System32\OLEAUT32.dll
0x00007ff823910000 - 0x00007ff823aaa000 	C:\WINDOWS\System32\ole32.dll
0x00007ff811260000 - 0x00007ff81126f000 	E:\vivado\Vivado\2018.2\lib\win64.o\libboost_xilinx.dll
0x00007ff80d3c0000 - 0x00007ff80d3e1000 	E:\vivado\Vivado\2018.2\lib\win64.o\libboost_thread.dll
0x00007ff821ee0000 - 0x00007ff821f4f000 	C:\WINDOWS\System32\WS2_32.dll
0x00007ffffe200000 - 0x00007ffffe282000 	E:\vivado\Vivado\2018.2\lib\win64.o\libhdlpsolve.dll
0x00007ff8215d0000 - 0x00007ff821638000 	C:\WINDOWS\System32\WINTRUST.dll
0x00007fffded20000 - 0x00007fffdedc5000 	E:\vivado\Vivado\2018.2\lib\win64.o\libhdxml.dll
0x00007ff8217e0000 - 0x00007ff821942000 	C:\WINDOWS\System32\CRYPT32.dll
0x00007fffc2fd0000 - 0x00007fffc3883c00 	E:\vivado\Vivado\2018.2\lib\win64.o\libisl_iostreams.dll
0x00007ff80d320000 - 0x00007ff80d34e000 	E:\vivado\Vivado\2018.2\lib\win64.o\libisl_sysinfo.dll
0x00007fffdb850000 - 0x00007fffdb971000 	E:\vivado\Vivado\2018.2\lib\win64.o\librdi_commonxillic.dll
0x00007ff80be60000 - 0x00007ff80be6c000 	C:\WINDOWS\SYSTEM32\VCRUNTIME140_1.dll
0x0000000072450000 - 0x000000007257b000 	E:\vivado\Vivado\2018.2\lib\win64.o\tcl85t.dll
0x00007fffe3150000 - 0x00007fffe31b5000 	E:\vivado\Vivado\2018.2\lib\win64.o\liblmx6.0.dll
0x0000000071b10000 - 0x00000000723aa000 	E:\vivado\Vivado\2018.2\tps\win64\jre\bin\server\jvm.dll
0x00007ff80d300000 - 0x00007ff80d31a000 	E:\vivado\Vivado\2018.2\lib\win64.o\pthreadVC2.dll
0x00007fffdaae0000 - 0x00007fffdac31000 	E:\vivado\Vivado\2018.2\lib\win64.o\librdi_curl.dll
0x00007ff80c2a0000 - 0x00007ff80c2c1000 	E:\vivado\Vivado\2018.2\lib\win64.o\librdizlib.dll
0x00007ff80d2e0000 - 0x00007ff80d2fc000 	E:\vivado\Vivado\2018.2\lib\win64.o\librdiconfig.dll
0x0000000012000000 - 0x0000000012272000 	E:\vivado\Vivado\2018.2\lib\win64.o\xerces-c_3_1.dll
0x00007ff80c420000 - 0x00007ff80c439000 	C:\WINDOWS\SYSTEM32\NETAPI32.dll
0x00007ff822160000 - 0x00007ff822168000 	C:\WINDOWS\System32\PSAPI.DLL
0x00007ff819c60000 - 0x00007ff819d6c000 	C:\WINDOWS\SYSTEM32\WINHTTP.dll
0x00007ff80dbd0000 - 0x00007ff80e0ca000 	C:\WINDOWS\SYSTEM32\WININET.dll
0x00007ff819f80000 - 0x00007ff81a16f000 	C:\WINDOWS\SYSTEM32\urlmon.dll
0x00007ff801150000 - 0x00007ff801202000 	C:\WINDOWS\WinSxS\amd64_microsoft.windows.common-controls_6595b64144ccf1df_5.82.22000.1_none_271a8fad6a2d1b1e\COMCTL32.dll
0x00007ff81bcf0000 - 0x00007ff81bcf9000 	C:\WINDOWS\SYSTEM32\WSOCK32.dll
0x00007fffa9190000 - 0x00007fffaa021000 	E:\vivado\Vivado\2018.2\lib\win64.o\gurobi65.dll
0x00007ff809d70000 - 0x00007ff809da1000 	C:\WINDOWS\SYSTEM32\VCOMP140.DLL
0x00007ff811140000 - 0x00007ff81114d000 	E:\vivado\Vivado\2018.2\lib\win64.o\libboost_chrono.dll
0x00007ff81a560000 - 0x00007ff81a57e000 	C:\WINDOWS\SYSTEM32\dhcpcsvc.DLL
0x00007ff808830000 - 0x00007ff808855000 	E:\vivado\Vivado\2018.2\lib\win64.o\libisl_iosutils.dll
0x00007ff80bcb0000 - 0x00007ff80bccb000 	E:\vivado\Vivado\2018.2\lib\win64.o\libboost_iostreams.dll
0x00007ff81a920000 - 0x00007ff81a953000 	C:\WINDOWS\SYSTEM32\WINMM.dll
0x00007ff81a250000 - 0x00007ff81a25a000 	C:\WINDOWS\SYSTEM32\VERSION.dll
0x0000000072860000 - 0x0000000072932000 	C:\WINDOWS\SYSTEM32\MSVCR100.dll
0x00007ff819c30000 - 0x00007ff819c58000 	C:\WINDOWS\SYSTEM32\srvcli.dll
0x00007ff819970000 - 0x00007ff819c23000 	C:\WINDOWS\SYSTEM32\iertutil.dll
0x00007ff8202a0000 - 0x00007ff8202ac000 	C:\WINDOWS\SYSTEM32\netutils.dll
0x00007ff822d10000 - 0x00007ff822d41000 	C:\WINDOWS\System32\IMM32.DLL
0x00007ff820de0000 - 0x00007ff820df2000 	C:\WINDOWS\SYSTEM32\MSASN1.dll
0x00007ff820660000 - 0x00007ff820678000 	C:\WINDOWS\SYSTEM32\kernel.appcore.dll
0x00007fffa8d00000 - 0x00007fffa918c000 	E:\vivado\Vivado\2018.2\lib\win64.o\librdi_commontasks.dll
0x00007fffc70a0000 - 0x00007fffc7317000 	E:\vivado\Vivado\2018.2\lib\win64.o\librdi_sio.dll
0x00007ff820110000 - 0x00007ff82013d000 	C:\WINDOWS\SYSTEM32\IPHLPAPI.DLL
0x00007ff81f5f0000 - 0x00007ff81fe55000 	C:\WINDOWS\SYSTEM32\windows.storage.dll
0x00007ff81f470000 - 0x00007ff81f5d6000 	C:\WINDOWS\SYSTEM32\wintypes.dll
0x00007fff7e660000 - 0x00007fff8085f000 	E:\vivado\Vivado\2018.2\lib\win64.o\librdi_tcltasks.dll
0x00007fffc2bf0000 - 0x00007fffc2fc5000 	E:\vivado\Vivado\2018.2\lib\win64.o\librdi_bitstream.dll
0x00007fffc4080000 - 0x00007fffc42c7000 	E:\vivado\Vivado\2018.2\lib\win64.o\librdi_chipscope.dll
0x00007fffc7c90000 - 0x00007fffc7e0e000 	E:\vivado\Vivado\2018.2\lib\win64.o\librdi_board.dll
0x00007fffdde80000 - 0x00007fffddeea000 	E:\vivado\Vivado\2018.2\lib\win64.o\librdi_boarddep.dll
0x00007fff7ce00000 - 0x00007fff7e659000 	E:\vivado\Vivado\2018.2\lib\win64.o\librdi_constraints.dll
0x00007fffdb340000 - 0x00007fffdb468000 	E:\vivado\Vivado\2018.2\lib\win64.o\librdi_containers.dll
0x00007fff8f2a0000 - 0x00007fff8f979000 	E:\vivado\Vivado\2018.2\lib\win64.o\librdi_coregenipxact.dll
0x00007fff592c0000 - 0x00007fff5afd1000 	E:\vivado\Vivado\2018.2\lib\win64.o\librdi_coregen.dll
0x00007fff79090000 - 0x00007fff7cdf2000 	E:\vivado\Vivado\2018.2\lib\win64.o\librdi_designutils.dll
0x00007fff5afe0000 - 0x00007fff697d8000 	E:\vivado\Vivado\2018.2\lib\win64.o\librdi_device.dll
0x00007fffa8490000 - 0x00007fffa87a8000 	E:\vivado\Vivado\2018.2\lib\win64.o\librdi_dlyest.dll
0x00007fffa87b0000 - 0x00007fffa8cf1000 	E:\vivado\Vivado\2018.2\lib\win64.o\librdi_drc.dll
0x00007fffd2f20000 - 0x00007fffd2fe2000 	E:\vivado\Vivado\2018.2\lib\win64.o\librdi_dsp.dll
0x00007fff78a50000 - 0x00007fff79081000 	E:\vivado\Vivado\2018.2\lib\win64.o\librdi_filemgmt.dll
0x00007fffa81b0000 - 0x00007fffa8481000 	E:\vivado\Vivado\2018.2\lib\win64.o\librdi_guitools.dll
0x00007fffe3050000 - 0x00007fffe30a8000 	E:\vivado\Vivado\2018.2\lib\win64.o\librdi_hdf.dll
0x00007fff77810000 - 0x00007fff78a44000 	E:\vivado\Vivado\2018.2\lib\win64.o\librdi_implflow.dll
0x00007fff58c60000 - 0x00007fff592b1000 	E:\vivado\Vivado\2018.2\lib\win64.o\librdi_memdata.dll
0x00007fff55450000 - 0x00007fff58c5a000 	E:\vivado\Vivado\2018.2\lib\win64.o\librdi_mig.dll
0x00007fffa25b0000 - 0x00007fffa2a52000 	E:\vivado\Vivado\2018.2\lib\win64.o\librdi_netlist.dll
0x00007fff52380000 - 0x00007fff5471e000 	E:\vivado\Vivado\2018.2\lib\win64.o\librdi_place.dll
0x00007fffe0960000 - 0x00007fffe09a9000 	E:\vivado\Vivado\2018.2\lib\win64.o\librdi_pfi.dll
0x00007fffa66c0000 - 0x00007fffa694a000 	E:\vivado\Vivado\2018.2\lib\win64.o\librdi_platform.dll
0x00007fff54d60000 - 0x00007fff5544c000 	E:\vivado\Vivado\2018.2\lib\win64.o\librdi_power.dll
0x00007fff50fa0000 - 0x00007fff514dd000 	E:\vivado\Vivado\2018.2\lib\win64.o\librdi_project.dll
0x00007fff51c90000 - 0x00007fff52371000 	E:\vivado\Vivado\2018.2\lib\win64.o\librdi_psta.dll
0x00007fff54720000 - 0x00007fff54d5e000 	E:\vivado\Vivado\2018.2\lib\win64.o\librdi_rsb.dll
0x00007fff514e0000 - 0x00007fff518a3000 	E:\vivado\Vivado\2018.2\lib\win64.o\librdi_runs.dll
0x00007fffcbeb0000 - 0x00007fffcbf87000 	E:\vivado\Vivado\2018.2\lib\win64.o\librdi_runsbase.dll
0x00007fff50280000 - 0x00007fff50f9d000 	E:\vivado\Vivado\2018.2\lib\win64.o\librdi_timing.dll
0x00007fffc5a10000 - 0x00007fffc5c36000 	E:\vivado\Vivado\2018.2\lib\win64.o\librdi_simdata.dll
0x00007fffc3fb0000 - 0x00007fffc407b000 	E:\vivado\Vivado\2018.2\lib\win64.o\librdi_xhub.dll
0x00007fffdde30000 - 0x00007fffdde7c000 	E:\vivado\Vivado\2018.2\lib\win64.o\libboost_serialization.dll
0x00007fffdd070000 - 0x00007fffdd11f000 	E:\vivado\Vivado\2018.2\lib\win64.o\librdi_hip_devdesign.dll
0x00007fffccc60000 - 0x00007fffcccc6000 	E:\vivado\Vivado\2018.2\lib\win64.o\librdi_ipconfig_readwrite.dll
0x00007fffddb20000 - 0x00007fffddb58000 	E:\vivado\Vivado\2018.2\lib\win64.o\librdi_noc_frameworks.dll
0x00007fff4ec80000 - 0x00007fff4f773000 	E:\vivado\Vivado\2018.2\lib\win64.o\libverific.dll
0x00007fffcc570000 - 0x00007fffcc5f8000 	E:\vivado\Vivado\2018.2\lib\win64.o\librdi_hip_config.dll
0x00007fff4fd30000 - 0x00007fff5027e000 	E:\vivado\Vivado\2018.2\lib\win64.o\librdi_xdm.dll
0x00007fffcc270000 - 0x00007fffcc30e000 	E:\vivado\Vivado\2018.2\lib\win64.o\libise.dll
0x00007fff4f780000 - 0x00007fff4fd21000 	E:\vivado\Vivado\2018.2\lib\win64.o\librdi_wavedata.dll
0x00007fffdaa90000 - 0x00007fffdaad9000 	E:\vivado\Vivado\2018.2\lib\win64.o\librdi_wavedata_SimpleApi.dll
0x00007fff4dd80000 - 0x00007fff4ec71000 	E:\vivado\Vivado\2018.2\lib\win64.o\librdi_route.dll
0x00007fff4bf90000 - 0x00007fff4dd72000 	E:\vivado\Vivado\2018.2\lib\win64.o\librdi_synth.dll
0x00007fff8f050000 - 0x00007fff8f293000 	E:\vivado\Vivado\2018.2\lib\win64.o\librdi_hsm.dll
0x00007fff4a010000 - 0x00007fff4a5d2000 	E:\vivado\Vivado\2018.2\lib\win64.o\librdi_abc_nomp.dll
0x00007ff809d50000 - 0x00007ff809d6a000 	E:\vivado\Vivado\2018.2\lib\win64.o\librdi_hmetis.dll

VM Arguments:
jvm_args: -Dsun.java2d.pmoffscreen=false -Dsun.java2d.xrender=false -Dsun.java2d.d3d=false -Dsun.awt.nopixfmt=true -Xverify:none -Dswing.aatext=true -XX:-UsePerfData -Djdk.map.althashing.threshold=512 -XX:StringTableSize=4072 -XX:NewSize=60m -XX:MaxNewSize=60m -Xms128m -Xmx3072m -Xss5m 
java_command: <unknown>
java_class_path (initial): E:/vivado/Vivado/2018.2\lib\classes\alloy.jar;E:/vivado/Vivado/2018.2\lib\classes\autopilot.scelaborator.jar;E:/vivado/Vivado/2018.2\lib\classes\autopilot.sourceprocessor.jar;E:/vivado/Vivado/2018.2\lib\classes\autopilot.tbprocessor.jar;E:/vivado/Vivado/2018.2\lib\classes\batik-anim.jar;E:/vivado/Vivado/2018.2\lib\classes\batik-awt-util.jar;E:/vivado/Vivado/2018.2\lib\classes\batik-bridge.jar;E:/vivado/Vivado/2018.2\lib\classes\batik-codec.jar;E:/vivado/Vivado/2018.2\lib\classes\batik-css.jar;E:/vivado/Vivado/2018.2\lib\classes\batik-dom.jar;E:/vivado/Vivado/2018.2\lib\classes\batik-ext.jar;E:/vivado/Vivado/2018.2\lib\classes\batik-gui-util.jar;E:/vivado/Vivado/2018.2\lib\classes\batik-gvt.jar;E:/vivado/Vivado/2018.2\lib\classes\batik-parser.jar;E:/vivado/Vivado/2018.2\lib\classes\batik-script.jar;E:/vivado/Vivado/2018.2\lib\classes\batik-svg-dom.jar;E:/vivado/Vivado/2018.2\lib\classes\batik-swing.jar;E:/vivado/Vivado/2018.2\lib\classes\batik-transcoder.jar;E:/vivado/Vivado/2018.2\lib\classes\batik-util.jar;E:/vivado/Vivado/2018.2\lib\classes\batik-xml.jar;E:/vivado/Vivado/2018.2\lib\classes\com.ibm.icu_4.4.2.v20110208.jar;E:/vivado/Vivado/2018.2\lib\classes\commons-collections4-4.1.jar;E:/vivado/Vivado/2018.2\lib\classes\commons-math-2.2.jar;E:/vivado/Vivado/2018.2\lib\classes\dom4j-1.6.1.jar;E:/vivado/Vivado/2018.2\lib\classes\guava-18.0.jar;E:/vivado/Vivado/2018.2\lib\classes\help.jar;E:/vivado/Vivado/2018.2\lib\classes\hsqldb.jar;E:/vivado/Vivado/2018.2\lib\classes\jargs.jar;E:/vivado/Vivado/2018.2\lib\classes\jh.jar;E:/vivado/Vivado/2018.2\lib\classes\jide-action.jar;E:/vivado/Vivado/2018.2\lib\classes\jide-charts.jar;E:/vivado/Vivado/2018.2\lib\classes\jide-common.jar;E:/vivado/Vivado/2018.2\lib\classes\jide-components.jar;E:/vivado/Vivado/2018.2\lib\classes\jide-dashboard.jar;E:/vivado/Vivado/2018.2\lib\classes\jide-data.jar;E:/vivado/Vivado/2018.2\lib\classes\jide-dialogs.jar;E:/vivado/Vivado/2018.2\lib\classes\jide-diff.jar;E:/v
Launcher Type: generic

Environment Variables:
USERNAME=ahmed
OS=Windows_NT
PROCESSOR_IDENTIFIER=Intel64 Family 6 Model 158 Stepping 10, GenuineIntel



---------------  S Y S T E M  ---------------

OS: Windows 10.0 , 64 bit Build 22000 (10.0.22000.708)

CPU:total 12 (6 cores per cpu, 2 threads per core) family 6 model 158 stepping 10, cmov, cx8, fxsr, mmx, sse, sse2, sse3, ssse3, sse4.1, sse4.2, popcnt, avx, avx2, aes, clmul, erms, 3dnowpref, lzcnt, ht, tsc, tscinvbit, bmi1, bmi2, adx

Memory: 4k page, physical 16624328k(5494376k free), swap 24731232k(3255340k free)

vm_info: Java HotSpot(TM) 64-Bit Server VM (25.112-b15) for windows-amd64 JRE (1.8.0_112-b15), built on Sep 22 2016 21:31:56 by "java_re" with MS VC++ 10.0 (VS2010)

time: Sun Nov 06 05:01:50 2022
elapsed time: 1157 seconds (0d 0h 19m 17s)

